/home/davidyu/stock/scripts/davidyu_stock/scripts/analysis/liutong_owner/sql/run_liutong_owner_owner_compare.sql
19/09/25 10:20:39 WARN Utils: Your hostname, VM_0_11_centos resolves to a loopback address: 127.0.0.1; using 172.16.0.11 instead (on interface eth0)
19/09/25 10:20:39 WARN Utils: Set SPARK_LOCAL_IP if you need to bind to another address
19/09/25 10:20:40 WARN NativeCodeLoader: Unable to load native-hadoop library for your platform... using builtin-java classes where applicable
19/09/25 10:20:43 ERROR ObjectStore: Version information found in metastore differs 3.1.0 from expected schema version 1.2.0. Schema verififcation is disabled hive.metastore.schema.verification so setting version.
Exception in thread "main" java.lang.IllegalStateException: Shutdown hooks cannot be modified during shutdown.
	at org.apache.spark.util.SparkShutdownHookManager.add(ShutdownHookManager.scala:195)
	at org.apache.spark.util.ShutdownHookManager$.addShutdownHook(ShutdownHookManager.scala:153)
	at org.apache.spark.util.ShutdownHookManager$.addShutdownHook(ShutdownHookManager.scala:142)
	at org.apache.spark.sql.hive.thriftserver.SparkSQLCLIDriver$.main(SparkSQLCLIDriver.scala:230)
	at org.apache.spark.sql.hive.thriftserver.SparkSQLCLIDriver.main(SparkSQLCLIDriver.scala)
	at sun.reflect.NativeMethodAccessorImpl.invoke0(Native Method)
	at sun.reflect.NativeMethodAccessorImpl.invoke(NativeMethodAccessorImpl.java:62)
	at sun.reflect.DelegatingMethodAccessorImpl.invoke(DelegatingMethodAccessorImpl.java:43)
	at java.lang.reflect.Method.invoke(Method.java:498)
	at org.apache.spark.deploy.JavaMainApplication.start(SparkApplication.scala:52)
	at org.apache.spark.deploy.SparkSubmit.org$apache$spark$deploy$SparkSubmit$$runMain(SparkSubmit.scala:849)
	at org.apache.spark.deploy.SparkSubmit.doRunMain$1(SparkSubmit.scala:167)
	at org.apache.spark.deploy.SparkSubmit.submit(SparkSubmit.scala:195)
	at org.apache.spark.deploy.SparkSubmit.doSubmit(SparkSubmit.scala:86)
	at org.apache.spark.deploy.SparkSubmit$$anon$2.doSubmit(SparkSubmit.scala:924)
	at org.apache.spark.deploy.SparkSubmit$.main(SparkSubmit.scala:933)
	at org.apache.spark.deploy.SparkSubmit.main(SparkSubmit.scala)
