000587
002498
000533
600614
600165
600369
000797
002288
000750
601375
000890
600621
002797
600268
600825
603738
603017
000901
601099
002383
600677
600973
600310
000735
601162
600242
000070
601811
603185
601990
601878
601555
600909
600571
002941
000728
603016
600271
601066
600053
000426
600855
002939
601108
601700
600061
601860
002300
601901
600105
002504
600864
000509
600517
000592
600280
603039
601881
002414
000963
000400
601377
002252
600155
002463
002346
000712
600107
601788
002670
002926
000966
002124
000639
603218
600446
603305
603337
601198
000686
000416
002692
002500
601126
002569
600257
002621
000783
600109
002451
002736
600791
000801
002839
002367
603486
002812
000936
002305
002673
000547
600055
002616
600856
000851
000776
600250
600536
002425
600958
600745
603429
600363
600837
002376
000166
002879
601688
002214
002289
603912
000611
000563
002230
601616
600999
000971
603360
600816
600203
000550
603339
000795
600276
002791
000513
002546
600191
000551
002596
000531
002651
603366
600986
600550
002576
002615
002821
000498
601211
600830
002226
002106
002595
600312
600566
600783
002478
000860
002232
601208
600525
002217
000561
002545
600521
002137
600318
002130
002471
002555
000996
002366
600287
603656
600695
002271
002649
600192
603383
600390
002104
600506
600156
600590
600291
000595
000046
603335
603081
002594
601519
600072
002543
002112
601900
603118
600610
002727
600466
002642
002591
603323
002149
002114
600226
600089
002102
002901
002622
000018
600172
000526
002777
600875
002208
600705
002028
603100
600152
002259
600392
600301
000001
600647
603999
600588
000948
603606
600077
002260
600238
002235
600182
600728
002276
002865
000607
000755
002202
600896
002628
600353
600640
600673
600239
600020
600330
002040
603106
600739
601319
002263
600456
002667
000831
000503
603859
600027
002212
000760
000564
000989
002379
000652
601179
603728
603900
601128
000816
002169
002549
600149
002738
000716
000403
002127
603816
600643
603589
603189
603566
002689
000617
002170
002634
002428
603517
603829
600375
002807
600735
002240
600255
600992
000623
603179
600206
002713
002192
600622
002177
600570
002072
002174
002359
000695
000793
601218
002037
000666
002396
600763
600568
603063
600171
000650
002236
600120
600293
600329
601336
000976
002279
002533
601068
600241
002079
002714
002472
000722
002344
000616
600119
002571
002032
600702
000685
000610
002690
600595
603387
603011
000961
002315
600345
002005
600439
002553
603538
002551
601588
002335
600111
000608
600683
000030
000828
600671
000850
600559
000977
002656
603157
600665
600212
603477
600850
002253
600635
603136
002350
002013
002640
603882
002191
600187
002181
002036
603618
002093
600371
600908
600901
600410
002657
601137
600704
600538
002038
601100
000567
000415
600881
002405
600235
603678
000960
000517
603579
603166
002178
002157
000970
002224
600386
002113
600615
600520
002509
002220
600136
600790
600599
002007
000402
000881
603809
000809
603716
603959
603060
600340
002362
603181
603881
600112
002725
002501
000068
000601
002645
600558
600335
603690
000821
600977
601611
601858
002056
002518
600231
601002
000682
601577
000613
002325
000739
600529
601601
600095
603660
600751
603000
000532
600716
600981
002567
000806
002339
002229
600480
600196
600302
603367
603028
600358
002523
600469
000777
600215
002920
601989
600792
603389
002590
600845
002474
002034
000899
002095
002153
002021
600266
000917
600259
603757
600135
600388
002491
002935
002605
002888
600755
002328
002773
600831
002703
600468
002293
600383
002378
002168
000002
603803
000997
002054
002492
002936
002094
600503
601233
600869
000066
002119
601999
603801
002400
002314
002161
600249
002330
603887
002196
002337
603619
600555
002307
002544
601222
601606
002422
002562
000830
002082
002082not download
600649
000032
600696
600623
600356
000886
002531
002368
002354
600290
002685
601677
600380
603555
002607
600797
002786
600805
600128
002466
603960
000727
002625
601155
603023
002751
002435
002329
600063
002884
000521
603860
002091
002842
002855
603117
002696
002805
002476
000862
600770
000835
000912
600260
600638
603232
002597
600884
600372
600129
002308
002207
600820
603607
002464
002245
002141
000887
600279
002297
002280
000679
600093
000573
002296
600879
002410
002003
603679
002284
002216
002063
603612
600495
603985
002619
002065
600721
603488
002334
600549
600202
002487
600393
002674
600309
002600
000669
000811
601838
600980
002517
000536
600082
600789
002057
002332
002173
600985
002016
002409
601789
000895
603008
600847
600866
000711
603369
002262
002882
002643
603019
000962
002001
000637
000839
002856
002495
603330
000158
000859
600288
600331
002662
603015
002527
603005
601996
002836
601020
000528
601118
603466
600711
600227
000555
600405
002111
001696
002019
000788
600501
000973
600959
600718
600526
600243
002782
600860
002009
603587
600809
603380
000156
600874
000016
000524
600502
603359
000933
600747
002129
002069
600292
002100
600195
002273
600757
002277
000429
600978
000009
600826
600738
002002
002737
603998
600328
000758
002694
002676
000520
603226
002419
603227
002563
000969
603583
002583
002441
002184
603501
600626
600088
000955
002448
600939
600685
002631
600560
002234
002101
002919
600756
600354
002294
600759
002796
601908
002047
000892
000885
002373
002418
603936
600784
000034
601186
002863
600470
002940
603989
603889
603639
603398
600361
002322
603987
600222
600767
002027
002020
002123
600381
600594
600619
603991
600872
002164
002922
002837
600727
600420
000545
002588
000909
002341
600561
002729
002298
000671
002310
002076
002365
002077
603180
002905
002851
600768
600686
600562
002131
002089
600133
000020
002740
002320
603396
600743
600862
002883
002460
002488
601567
600715
002340
002143
603416
603721
002577
002351
000410
002766
000572
603300
600838
000625
603688
002654
002896
600575
002386
000723
600679
600366
002508
600070
000657
603799
002108
002375
000799
601311
000928
002913
002118
603599
000566
002004
002663
002698
601717
600698
002447
600557
600758
600122
000155
002382
000789
000673
002162
603876
002541
600477
600765
000510
000626
603626
000043
603800
601028
600552
002268
002050
600048
600090
000638
000638not download
002682
603066
000530
000530not download
000606
600522
600479
600321
600651
000548
600798
600397
002175
002371
000559
600308
600736
603069
002559
000677
002586
600365
002519
000826
000786
601168
002869
000661
002921
002249
002074
600936
600189
002828
603131
000908
002361
002148
002499
002638
002489
000700
601595
002195
600278
002467
600229
600237
000882
000692
600332
000762
603308
600528
000596
000505
600733
600360
600240
002360
600843
603500
600653
002347
000798
600481
600580
002608
000078
600613
002156
603003
000031
002497
002291
603996
601226
600091
600267
000582
600706
600193
002524
600186
002097
603669
600056
600359
002454
603085
000430
002401
002800
601599
000717
002403
600216
600630
600682
603729
600666
601997
600650
002140
601012
600708
002292
002265
000036
600305
002529
002055
601777
002757
601718
002380
000759
002534
603685
002669
603533
600421
002197
002482
000005
002058
600058
002126
002900
002353
603906
600113
603698
600210
001979
002666
603586
002889
603711
002652
002445
603338
603138
002035
603986
600460
600516
600132
600857
002180
000993
603966
002022
600355
600731
002086
603890
002892
600684
600581
002255
002185
002139
000819
603776
601086
002623
002479
000812
002803
002609
002391
000852
600740
600714
002620
603002
002610
600848
002847
603733
002437
601019
002755
603040
600993
600444
002715
002481
603858
603506
603843
603929
600036
002295
603767
002711
002084
000060
603630
600074
002357
002423
002205
002239
000957
600678
000069
600844
600078
000958
600403
603883
002750
603628
603077
002510
002218
000680
601116
000055
002857
000153
601801
002702
002776
002528
000905
603357
600026
002573
002024
002309
000021
603345
002772
600159
002138
600406
000790
000585
600180
601369
603585
002641
002080
603817
600883
601918
600188
002163
600217
002535
002200
603188
600725
600691
600707
002887
600126
600211
600064
601929
000413
000875
002146
002299
002431
600327
600787
000710
603955
600584
600475
000938
603037
600497
600428
600121
603309
002030
603686
002029
000099
600487
603105
600173
603856
603277
002756
002420
002283
002160
000609
002584
603556
002381
600551
000088
000838
603101
002748
603009
002457
000428
001965
603993
600069
000833
002745
600197
601818
002206
000982
002286
600888
600846
002128
603007
601001
600662
600151
002470
000815
000715
603787
600836
002824
002601
000800
600824
600608
002377
000570
600592
600601
600408
002833
002258
600491
603316
000061
600577
000631
002078
600602
002433
002246
603388
000980
000565
600667
601166
000591
603269
600071
600416
002026
000636
002581
600804
002103
002282
002222
603833
002012
002444
600637
002432
002646
000627
000488
603165
000985
601518
600573
002165
000612
603879
002415
603615
000151
600676
600175
600157
600103
000807
002793
601668
603496
002171
600859
002228
002632
600422
002152
600744
002580
600515
600618
603629
002144
600433
002133
002627
000926
603978
600687
002841
002302
603133
600459
601360
000935
600512
600162
603301
600325
600106
002374
001896
000620
600037
601216
600639
600565
002087
002067
000949
000921
000417
002614
600833
603090
002456
600841
002278
600854
002326
000701
601699
000404
002593
600764
603790
601666
600452
601608
600987
603260
600281
002691
002109
000900
603128
603089
002918
601882
600861
002348
000546
603499
603458
603035
002158
601007
000983
600963
002763
002858
000877
600139
002227
000401
603303
600769
002398
600596
000062
603043
600540
000065
600821
000012
600966
002722
002787
002048
603026
603168
000829
000421
002943
000063
603385
002872
600509
603897
603661
600532
000159
002880
000584
000042
600722
603727
002439
000951
000501
600996
600933
600169
600138
600067
002554
002105
002835
600969
603665
000419
002681
002485
603855
601058
002771
600232
600894
600620
000568
601866
002392
000753
000950
600130
002770
601958
000791
601011
600051
002269
002121
002933
601872
600348
603099
603758
600624
600199
601333
002413
000698
000599
601009
002612
002071
000713
000333
603527
603505
600818
600455
002251
002671
002539
600505
600876
600123
603920
603798
002306
002142
000026
000007
002356
002176
601800
603126
002449
600962
600256
603348
600158
603444
600780
600476
002480
600926
002728
603108
601366
600543
603198
600839
600668
000897
000004
600213
002010
600490
600059
000972
000810
600796
601088
603777
002684
601890
002565
000541
601919
601258
002490
603605
000600
000554
603869
600823
002526
002726
000006
000878
000751
600773
002661
601992
600379
002342
600655
603319
600971
600880
002397
002031
600983
002011
600326
002166
600537
600409
600272
002845
600039
603901
000913
600418
000683
000014
603515
002630
002429
002006
002568
002107
000922
603918
603029
600586
600367
600137
601388
600396
600178
600508
603038
600208
600029
002188
600829
600436
000687
000665
600307
600261
000822
000553
002818
600081
603200
600127
002406
002167
600697
000655
002706
002502
000782
600835
002390
000965
002336
002150
603636
000557
002049
603616
600269
002469
002820
600530
600336
002267
603737
000719
600990
603980
600425
600720
600251
600247
603027
002693
000059
600761
000423
000707
600054
603557
603958
603778
600298
601669
600052
600035
002589
002219
000630
002648
002073
000590
600801
600519
600510
600449
000651
002929
002923
002453
002626
600096
603933
603650
600084
603088
603598
603683
600661
600075
002687
603926
002303
600116
600185
000632
603022
603045
600010
601952
600960
600919
600527
002564
002932
002853
600815
600802
600611
603693
601727
600306
002345
002052
000932
000721
600295
002655
603648
603937
000552
002316
002092
600351
600606
600533
000981
000756
000039
000507
002637
600587
603036
600814
002043
000597
600097
000837
000662
600500
601199
601163
600995
600218
002877
600569
002866
600873
600603
002477
000733
600177
603766
600060
603818
603878
000883
002906
600889
600819
600198
000929
600163
002561
600016
002909
000725
603076
600101
002046
603725
600233
600387
002585
600108
002264
603197
000703
002849
603113
000418
000825
600811
000736
603239
600068
603326
600703
600496
002762
603298
601368
000868
002116
600022
002201
601225
002743
600201
600062
603617
603203
002285
600576
600015
603979
600114
000968
002066
002860
600322
600115
002831
600219
603569
000802
002556
002507
600057
600315
000856
603225
600712
000150
002402
002937
603127
002931
000937
002875
600982
600462
000670
601678
601998
600021
002244
600800
002660
002468
002675
603528
000518
002550
603192
600143
601106
002613
000576
603116
603535
603580
002587
600692
601113
600458
600313
600190
600100
002843
002145
002899
600810
600461
601636
000785
603713
002186
002041
002440
600976
600160
002321
603286
601101
002134
002099
603968
002060
000690
600513
002930
600970
600636
600017
000663
601330
002338
000008
600161
002122
000705
002324
002798
002574
002688
600230
002783
000761
603590
601828
603299
002604
000915
002025
603701
002233
002053
002287
002712
603578
601018
002916
002455
000988
000731
000589
600248
002421
600377
000906
000919
002758
600282
002209
002678
600008
000519
002033
603111
000888
600007
002810
002730
600426
600038
603315
002241
002885
601558
002825
603139
000678
603289
601228
002908
002760
600031
600438
600975
000967
603667
002761
600812
600644
600300
002516
000752
000411
600868
601016
600317
000017
600535
000836
603177
002426
000939
600589
000598
600578
603129
002852
600648
000920
002708
603321
600853
600979
002617
601689
002809
600099
002247
603032
000537
600863
000040
600076
603848
600781
600148
002942
603898
600597
603018
603031
603329
000011
600742
601107
600153
601000
002015
000558
000050
603086
603358
002045
002318
002407
600415
002042
002718
002372
603916
002018
002753
603559
000796
601117
002781
002636
603696
002369
002823
002443
002915
002746
002147
603726
002799
000903
601766
000910
601188
601869
000729
603067
002304
603917
603311
600641
603183
600583
002538
600419
600997
601880
000023
601628
601318
600368
002749
601515
002893
002633
000925
002890
600822
601008
600865
600629
002895
601969
600803
600362
600609
603021
603222
600710
600567
002051
000927
002417
002237
603666
603689
000629
601169
603657
600207
000420
603355
000338
000893
600579
002838
000767
002747
601991
601939
601326
600025
002532
603508
603896
600221
002483
002790
601579
600507
603977
002393
603103
603266
601005
600066
601928
603229
002705
002788
000100
600125
002658
600141
000089
002686
000407
603159
603123
600352
002242
600080
002075
600338
002062
000425
600382
002172
002897
603659
002629
000672
603919
002644
002566
600179
002096
603187
002387
603823
600478
000603
002312
600168
002822
002635
002327
002910
002281
000523
600225
002846
002780
600000
000090
600376
002458
002850
600657
002110
600749
600546
603922
000605
000732
603797
603595
002193
000529
000880
002677
601898
002664
603519
002572
000931
600110
603110
002238
600200
603278
600729
600689
600617
603363
600176
000037
002806
002774
603677
600694
600012
600131
600794
600654
002741
603058
600616
603169
000697
600297
603888
002211
600760
002515
603788
603078
002430
601158
002881
002582
002665
000635
600220
603456
002182
002557
603813
600713
600011
002650
002261
000720
603600
603988
000778
600277
601600
002363
603536
603079
600275
002695
601288
600284
000898
002135
603838
603588
603333
600782
002570
000019
002709
002898
000709
600350
000676
002081
601010
603336
000869
000737
002250
603577
000768
002917
601328
603020
600184
000619
600370
002159
000544
000930
002424
601949
000538
600531
002274
600572
603707
603808
001872
002225
603059
600753
603223
000027
002683
600493
002068
600299
002317
603259
603703
600400
000876
002827
603826
002465
601398
601015
002452
601966
002204
000738
600488
002125
000792
600548
002210
600778
603871
603970
002789
600004
002223
000766
000780
002486
600429
002928
600663
000952
603178
002775
600223
002724
002707
002090
000045
000818
002513
002639
603331
601212
002792
000978
601200
002830
002778
002203
601139
601390
600170
002699
603708
002450
600283
002540
603393
600658
002370
002462
000911
603208
603939
603895
600726
002493
002606
002848
600645
000668
002859
002716
002813
603025
002785
600539
600917
000726
600498
002861
603010
600435
002505
603220
601633
600717
600391
603378
000628
600730
600019
603680
603668
600467
600929
002183
600320
002388
603822
600499
002083
000516
600890
000010
603098
002653
600746
603903
002578
603886
600598
000581
600395
000757
603880
603706
600808
002394
002416
603386
600343
601111
603041
002700
000889
600858
600252
600028
000858
600734
600117
603001
002840
000408
600827
002870
000504
002059
002311
603866
603810
600018
002735
600754
600389
000779
002514
000157
603199
002117
603789
600150
002199
601138
002672
603306
603283
600166
600339
600723
000691
002395
600346
601857
601038
600228
603558
600094
603717
603768
000409
603013
002826
002132
601808
002008
601607
600285
000918
002459
600333
601500
603655
603722
601229
000025
002603
000593
002739
600523
600664
600209
600079
000502
600777
002333
600834
000959
002599
603167
600483
002438
002732
600690
002411
600785
603055
603033
002618
603811
000422
600085
600642
002611
600337
002484
603779
600323
603633
600033
000096
000058
600779
002734
002520
002624
600887
601899
002136
600741
601968
002868
002301
002266
601618
601238
600050
002579
002864
002154
000615
002911
603006
601985
600748
002496
000048
002801
603567
002272
002064
600316
603356
600628
000902
000702
002873
601003
603638
603676
603368
002767
000923
002503
002215
002151
600246
603611
600771
603233
002598
600083
002461
002537
002731
603976
002816
000038
600582
002878
002190
603518
603963
600817
601988
603156
603637
600998
600006
002733
002198
601965
002817
000667
002506
600793
600701
002723
002530
600961
000861
002522
600688
600795
603868
002902
603839
000953
603297
002903
002558
600719
600378
002769
600693
600652
000990
600146
002014
603258
000301
601127
002742
603288
603602
600988
002358
002521
600675
600098
002802
002647
000506
002275
600965
603712
601619
002039
600511
600877
002352
000975
601021
002819
603773
603080
002331
603877
000560
603828
000525
600867
002313
600886
600967
000718
002808
000049
600398
002891
603699
600750
600585
002548
600984
000571
603938
600482
002697
603238
002399
002088
603663
603365
002536
601886
002404
002602
600871
600893
603161
000514
000688
600234
000659
603012
002179
601006
600118
603730
002829
600633
002194
002248
603608
002319
000622
600851
600023
002668
002061
002442
600660
600737
600448
601798
603214
002512
601566
002189
600634
002871
002221
002779
600895
002098
600892
600273
603806
603928
002768
002867
000803
002765
002389
603399
002385
603520
603990
600600
603596
002408
002254
603909
603718
002085
601933
603056
600303
600009
002925
002832
603320
600486
002811
603083
603658
601888
600828
000056
002679
600604
002752
002759
000823
603160
002907
600167
600681
603318
600373
002876
603603
603313
600265
603709
601069
600898
600882
600870
600807
600732
600674
600545
600485
600289
600270
600145
600030
002948
002717
002701
002680
002575
002552
002542
002436
002434
002412
002323
002187
002023
000987
000656
000543
000539
000029
603096
603819
000998
601098
600903
600104
002511
000848
603825
600547
000028
600563
603969
600262
600766
603516
002862
601177
603377
603228
603030
600593
603601
600073
002938
002044
000813
601231
002155
601877
000820
603421
600556
603997
603042
002815
600319
002721
603328
000534
600385
000681
600489
002719
600183
600399
600236
603268
600897
600463
603609
000035
600891
600258
002355
600885
000999
002912
002349
000633
002115
002256
603158
002120
002795
603186
002473
603861
600086
603908
603507
600612
000708
002231
000863
600311
002364
603196
002213
600900
603885
002560
603899
002659
002475
603050
002343
002270
603568
002547
600774
600724
002886
000995
601339
601799
000540
002243
002384
600518
600776
002446
600605
002427
600423
603322
002494
002290
000586
002927
002592
600699
002017
600775
002945
002070
000693
603739
603700
603332
603121
601975
601615
601298
600680
600401
finish
##########################################################
download_news_report executed successfully
