sh: clean_dir.sh: 没有那个文件或目录
Traceback (most recent call last):
  File "download_news_report.py", line 12, in <module>
    from dir_control.data_dir_v1 import data_dict,stk_index_list
ImportError: cannot import name 'stk_index_list' from 'dir_control.data_dir_v1' (../../dir_control/data_dir_v1.py)
run_download_news_report.sh:行14: /{run_download_news_report.log: 权限不够
sh: clean_dir.sh: 没有那个文件或目录
Traceback (most recent call last):
  File "download_news_report.py", line 12, in <module>
    from dir_control.data_dir_v1 import data_dict,stk_index_list
  File "../../dir_control/data_dir_v1.py", line 37, in <module>
    basic_file_in=os.path.join(dir_basic_info,basic_file_name)
NameError: name 'dir_basic_info' is not defined
run_download_news_report.sh:行14: /{run_download_news_report.log: 权限不够
sh: clean_dir.sh: 没有那个文件或目录
Some characters could not be decoded, and were replaced with REPLACEMENT CHARACTER.
Some characters could not be decoded, and were replaced with REPLACEMENT CHARACTER.
Some characters could not be decoded, and were replaced with REPLACEMENT CHARACTER.
Some characters could not be decoded, and were replaced with REPLACEMENT CHARACTER.
Some characters could not be decoded, and were replaced with REPLACEMENT CHARACTER.
Some characters could not be decoded, and were replaced with REPLACEMENT CHARACTER.
Some characters could not be decoded, and were replaced with REPLACEMENT CHARACTER.
Some characters could not be decoded, and were replaced with REPLACEMENT CHARACTER.
Some characters could not be decoded, and were replaced with REPLACEMENT CHARACTER.
Some characters could not be decoded, and were replaced with REPLACEMENT CHARACTER.
Some characters could not be decoded, and were replaced with REPLACEMENT CHARACTER.
Some characters could not be decoded, and were replaced with REPLACEMENT CHARACTER.
Some characters could not be decoded, and were replaced with REPLACEMENT CHARACTER.
Some characters could not be decoded, and were replaced with REPLACEMENT CHARACTER.
Some characters could not be decoded, and were replaced with REPLACEMENT CHARACTER.
Some characters could not be decoded, and were replaced with REPLACEMENT CHARACTER.
Some characters could not be decoded, and were replaced with REPLACEMENT CHARACTER.
Some characters could not be decoded, and were replaced with REPLACEMENT CHARACTER.
Some characters could not be decoded, and were replaced with REPLACEMENT CHARACTER.
Some characters could not be decoded, and were replaced with REPLACEMENT CHARACTER.
Some characters could not be decoded, and were replaced with REPLACEMENT CHARACTER.
Some characters could not be decoded, and were replaced with REPLACEMENT CHARACTER.
Some characters could not be decoded, and were replaced with REPLACEMENT CHARACTER.
Some characters could not be decoded, and were replaced with REPLACEMENT CHARACTER.
Some characters could not be decoded, and were replaced with REPLACEMENT CHARACTER.
Some characters could not be decoded, and were replaced with REPLACEMENT CHARACTER.
Some characters could not be decoded, and were replaced with REPLACEMENT CHARACTER.
Some characters could not be decoded, and were replaced with REPLACEMENT CHARACTER.
Some characters could not be decoded, and were replaced with REPLACEMENT CHARACTER.
Some characters could not be decoded, and were replaced with REPLACEMENT CHARACTER.
Some characters could not be decoded, and were replaced with REPLACEMENT CHARACTER.
Some characters could not be decoded, and were replaced with REPLACEMENT CHARACTER.
Some characters could not be decoded, and were replaced with REPLACEMENT CHARACTER.
Some characters could not be decoded, and were replaced with REPLACEMENT CHARACTER.
Some characters could not be decoded, and were replaced with REPLACEMENT CHARACTER.
Some characters could not be decoded, and were replaced with REPLACEMENT CHARACTER.
Some characters could not be decoded, and were replaced with REPLACEMENT CHARACTER.
Some characters could not be decoded, and were replaced with REPLACEMENT CHARACTER.
Some characters could not be decoded, and were replaced with REPLACEMENT CHARACTER.
Some characters could not be decoded, and were replaced with REPLACEMENT CHARACTER.
Some characters could not be decoded, and were replaced with REPLACEMENT CHARACTER.
Some characters could not be decoded, and were replaced with REPLACEMENT CHARACTER.
Some characters could not be decoded, and were replaced with REPLACEMENT CHARACTER.
Some characters could not be decoded, and were replaced with REPLACEMENT CHARACTER.
Some characters could not be decoded, and were replaced with REPLACEMENT CHARACTER.
Some characters could not be decoded, and were replaced with REPLACEMENT CHARACTER.
Some characters could not be decoded, and were replaced with REPLACEMENT CHARACTER.
Some characters could not be decoded, and were replaced with REPLACEMENT CHARACTER.
Some characters could not be decoded, and were replaced with REPLACEMENT CHARACTER.
Some characters could not be decoded, and were replaced with REPLACEMENT CHARACTER.
Some characters could not be decoded, and were replaced with REPLACEMENT CHARACTER.
Some characters could not be decoded, and were replaced with REPLACEMENT CHARACTER.
Some characters could not be decoded, and were replaced with REPLACEMENT CHARACTER.
Some characters could not be decoded, and were replaced with REPLACEMENT CHARACTER.
Some characters could not be decoded, and were replaced with REPLACEMENT CHARACTER.
Some characters could not be decoded, and were replaced with REPLACEMENT CHARACTER.
Some characters could not be decoded, and were replaced with REPLACEMENT CHARACTER.
Some characters could not be decoded, and were replaced with REPLACEMENT CHARACTER.
Some characters could not be decoded, and were replaced with REPLACEMENT CHARACTER.
Some characters could not be decoded, and were replaced with REPLACEMENT CHARACTER.
Some characters could not be decoded, and were replaced with REPLACEMENT CHARACTER.
Some characters could not be decoded, and were replaced with REPLACEMENT CHARACTER.
Some characters could not be decoded, and were replaced with REPLACEMENT CHARACTER.
Some characters could not be decoded, and were replaced with REPLACEMENT CHARACTER.
Some characters could not be decoded, and were replaced with REPLACEMENT CHARACTER.
Some characters could not be decoded, and were replaced with REPLACEMENT CHARACTER.
Some characters could not be decoded, and were replaced with REPLACEMENT CHARACTER.
Some characters could not be decoded, and were replaced with REPLACEMENT CHARACTER.
Some characters could not be decoded, and were replaced with REPLACEMENT CHARACTER.
Some characters could not be decoded, and were replaced with REPLACEMENT CHARACTER.
Some characters could not be decoded, and were replaced with REPLACEMENT CHARACTER.
Some characters could not be decoded, and were replaced with REPLACEMENT CHARACTER.
Some characters could not be decoded, and were replaced with REPLACEMENT CHARACTER.
Some characters could not be decoded, and were replaced with REPLACEMENT CHARACTER.
Some characters could not be decoded, and were replaced with REPLACEMENT CHARACTER.
Some characters could not be decoded, and were replaced with REPLACEMENT CHARACTER.
Some characters could not be decoded, and were replaced with REPLACEMENT CHARACTER.
Some characters could not be decoded, and were replaced with REPLACEMENT CHARACTER.
Some characters could not be decoded, and were replaced with REPLACEMENT CHARACTER.
Some characters could not be decoded, and were replaced with REPLACEMENT CHARACTER.
Some characters could not be decoded, and were replaced with REPLACEMENT CHARACTER.
Some characters could not be decoded, and were replaced with REPLACEMENT CHARACTER.
Some characters could not be decoded, and were replaced with REPLACEMENT CHARACTER.
Some characters could not be decoded, and were replaced with REPLACEMENT CHARACTER.
Some characters could not be decoded, and were replaced with REPLACEMENT CHARACTER.
Some characters could not be decoded, and were replaced with REPLACEMENT CHARACTER.
Some characters could not be decoded, and were replaced with REPLACEMENT CHARACTER.
Some characters could not be decoded, and were replaced with REPLACEMENT CHARACTER.
Some characters could not be decoded, and were replaced with REPLACEMENT CHARACTER.
Some characters could not be decoded, and were replaced with REPLACEMENT CHARACTER.
Some characters could not be decoded, and were replaced with REPLACEMENT CHARACTER.
Some characters could not be decoded, and were replaced with REPLACEMENT CHARACTER.
Some characters could not be decoded, and were replaced with REPLACEMENT CHARACTER.
Some characters could not be decoded, and were replaced with REPLACEMENT CHARACTER.
Some characters could not be decoded, and were replaced with REPLACEMENT CHARACTER.
Some characters could not be decoded, and were replaced with REPLACEMENT CHARACTER.
Some characters could not be decoded, and were replaced with REPLACEMENT CHARACTER.
Some characters could not be decoded, and were replaced with REPLACEMENT CHARACTER.
Some characters could not be decoded, and were replaced with REPLACEMENT CHARACTER.
Some characters could not be decoded, and were replaced with REPLACEMENT CHARACTER.
Some characters could not be decoded, and were replaced with REPLACEMENT CHARACTER.
Some characters could not be decoded, and were replaced with REPLACEMENT CHARACTER.
Some characters could not be decoded, and were replaced with REPLACEMENT CHARACTER.
Some characters could not be decoded, and were replaced with REPLACEMENT CHARACTER.
Some characters could not be decoded, and were replaced with REPLACEMENT CHARACTER.
Some characters could not be decoded, and were replaced with REPLACEMENT CHARACTER.
Some characters could not be decoded, and were replaced with REPLACEMENT CHARACTER.
Some characters could not be decoded, and were replaced with REPLACEMENT CHARACTER.
Some characters could not be decoded, and were replaced with REPLACEMENT CHARACTER.
Some characters could not be decoded, and were replaced with REPLACEMENT CHARACTER.
Some characters could not be decoded, and were replaced with REPLACEMENT CHARACTER.
Some characters could not be decoded, and were replaced with REPLACEMENT CHARACTER.
Some characters could not be decoded, and were replaced with REPLACEMENT CHARACTER.
Some characters could not be decoded, and were replaced with REPLACEMENT CHARACTER.
Some characters could not be decoded, and were replaced with REPLACEMENT CHARACTER.
Some characters could not be decoded, and were replaced with REPLACEMENT CHARACTER.
Some characters could not be decoded, and were replaced with REPLACEMENT CHARACTER.
Some characters could not be decoded, and were replaced with REPLACEMENT CHARACTER.
Some characters could not be decoded, and were replaced with REPLACEMENT CHARACTER.
Some characters could not be decoded, and were replaced with REPLACEMENT CHARACTER.
Some characters could not be decoded, and were replaced with REPLACEMENT CHARACTER.
Some characters could not be decoded, and were replaced with REPLACEMENT CHARACTER.
Some characters could not be decoded, and were replaced with REPLACEMENT CHARACTER.
Some characters could not be decoded, and were replaced with REPLACEMENT CHARACTER.
Some characters could not be decoded, and were replaced with REPLACEMENT CHARACTER.
Some characters could not be decoded, and were replaced with REPLACEMENT CHARACTER.
Some characters could not be decoded, and were replaced with REPLACEMENT CHARACTER.
Some characters could not be decoded, and were replaced with REPLACEMENT CHARACTER.
Some characters could not be decoded, and were replaced with REPLACEMENT CHARACTER.
Some characters could not be decoded, and were replaced with REPLACEMENT CHARACTER.
Some characters could not be decoded, and were replaced with REPLACEMENT CHARACTER.
Some characters could not be decoded, and were replaced with REPLACEMENT CHARACTER.
Some characters could not be decoded, and were replaced with REPLACEMENT CHARACTER.
Some characters could not be decoded, and were replaced with REPLACEMENT CHARACTER.
Some characters could not be decoded, and were replaced with REPLACEMENT CHARACTER.
600401
600680
601298
601615
601975
603121
603332
603700
603739
693
2070
2945
600775
2017
600699
2592
2927
586
2290
2494
603322
600423
2427
600605
2446
600776
600518
2384
2243
540
601799
601339
995
2886
600724
600774
2547
603568
2270
2343
603050
2475
2659
603899
2560
603885
600900
2213
603196
2364
600311
863
2231
708
600612
603507
603908
600086
603861
2473
603186
2795
2120
603158
2256
2115
633
2349
2912
999
600885
2355
600258
600891
35
603609
600463
600897
603268
600236
600399
600183
2719
600489
681
600385
534
603328
2721
600319
2815
603042
603997
600556
603421
820
601877
2155
601231
813
2044
2938
600073
603601
600593
603030
603228
603377
601177
2862
603516
600766
600262
603969
600563
28
600547
603825
848
2511
600104
600903
601098
998
603819
603096
29
539
543
656
987
2023
2187
2323
2412
2434
2436
2542
2552
2575
2680
2701
2717
2948
600030
600145
600270
600289
600485
600545
600674
600732
600807
600870
600882
600898
601069
603709
600265
603313
603603
2876
600373
603318
600681
600167
2907
603160
823
2759
2752
600604
2679
56
600828
601888
603658
603083
2811
600486
603320
2832
2925
600009
600303
603056
601933
2085
603718
603909
2254
2408
603596
600600
603990
603520
2385
603399
2389
2765
803
2867
2768
603928
603806
600273
600892
2098
600895
2779
2221
2871
600634
2189
601566
2512
603214
601798
600448
600737
600660
2442
2061
2668
600023
600851
622
2319
603608
2248
2194
600633
2829
603730
600118
601006
2179
603012
659
600234
688
514
603161
600893
600871
2602
2404
601886
2536
603365
603663
2088
2399
603238
2697
600482
603938
571
600984
2548
600585
600750
603699
2891
600398
49
2808
718
600967
600886
2313
600867
525
603828
560
603877
2331
603080
603773
2819
601021
975
2352
600877
600511
2039
601619
603712
600965
2275
506
2647
2802
600098
600675
2521
2358
600988
603602
603288
2742
601127
301
603258
2014
600146
990
600652
600693
2769
600378
600719
2558
2903
603297
953
603839
2902
603868
600795
600688
2522
861
600961
2530
2723
600701
600793
2506
667
2817
601965
2198
2733
600006
600998
603637
603156
601988
600817
603963
603518
2190
2878
600582
38
2816
603976
2731
2537
2461
600083
2598
603233
600771
603611
600246
2151
2215
2503
923
2767
603368
603676
603638
601003
2873
702
902
600628
603356
600316
2064
2272
603567
2801
48
2496
600748
601985
603006
2911
615
2154
2864
2579
600050
601238
601618
2266
2301
2868
601968
600741
2136
601899
600887
2624
2520
2734
600779
58
96
600033
603633
600323
603779
2484
600337
2611
600642
600085
422
603811
2618
603033
603055
600785
2411
600690
2732
2438
600483
603167
2599
959
600834
2333
600777
502
600079
600209
600664
600523
2739
593
2603
25
601229
603722
603655
601500
600333
2459
918
600285
601607
2008
601808
2132
2826
603013
409
603768
603717
600094
603558
600228
601038
601857
600346
2395
691
600723
600339
600166
603283
603306
2672
601138
2199
600150
603789
2117
603199
157
2514
779
600389
600754
2735
600018
603810
603866
2311
2059
504
2870
600827
408
2840
603001
600117
600734
858
600028
600252
600858
889
2700
603041
601111
600343
603386
2416
2394
600808
603706
603880
757
600395
581
600598
603886
2578
603903
600746
2653
603098
10
600890
516
2083
600499
603822
2388
600320
2183
600929
600467
603668
603680
600019
600730
628
603378
600391
600717
601633
603220
2505
600435
603010
2861
600498
726
600917
600539
2785
603025
2813
2716
2859
668
600645
2848
2606
2493
600726
603895
603939
603208
911
2462
2370
600658
603393
2540
600283
2450
603708
2699
600170
601390
601139
2203
2778
2830
601200
978
2792
601212
603331
2639
2513
818
45
2090
2707
2724
600223
2775
603178
952
600663
2928
600429
2486
780
766
2223
600004
2789
603970
603871
600778
2210
600548
792
2125
600488
738
2204
601966
2452
601015
601398
2465
603826
2827
876
600400
603703
603259
2317
600299
2068
600493
2683
27
603223
600753
603059
2225
1872
603808
603707
600572
2274
600531
538
601949
2424
930
544
2159
600370
619
600184
603020
601328
2917
768
603577
2250
737
869
603336
601010
2081
676
600350
709
2898
2709
19
2570
600782
603333
603588
603838
2135
898
600284
601288
2695
600275
603079
603536
2363
601600
600277
778
603988
603600
720
2261
2650
600011
600713
603813
2557
2182
603456
600220
635
2665
2582
2881
601158
2430
603078
603788
2515
600760
2211
603888
600297
697
603169
600616
603058
2741
600654
600794
600131
600012
600694
603677
2774
2806
37
600176
603363
600617
600689
600729
603278
600200
2238
603110
600110
931
2572
603519
2664
601898
2677
880
529
2193
603595
603797
732
605
603922
600546
600749
2110
600657
2850
2458
600376
90
600000
2780
2846
600225
523
2281
2910
2327
2635
2822
600168
2312
603
600478
603823
2387
603187
2096
600179
2566
2644
603919
672
2629
603659
2897
2172
600382
425
2062
600338
2075
600080
2242
600352
603123
603159
407
2686
89
600141
2658
600125
100
2788
2705
603229
601928
600066
601005
603266
603103
2393
603977
600507
601579
2790
2483
600221
603896
603508
2532
600025
601326
601939
601991
2747
767
2838
600579
893
338
603355
420
600207
603657
601169
629
603689
603666
2237
2417
927
2051
600567
600710
603222
603021
600609
600362
600803
601969
2895
600629
600865
601008
600822
2890
925
2633
2893
601515
2749
600368
601318
601628
23
601880
600997
600419
2538
600583
603183
600641
603311
603917
2304
603067
729
601869
601188
910
601766
903
2799
603726
2147
2746
2915
2443
2823
2369
603696
2636
2781
601117
796
603559
2753
2018
603916
2372
2718
2042
600415
2407
2318
2045
603358
603086
50
558
2015
601000
600153
601107
600742
11
603329
603031
603018
600597
603898
2942
600148
600781
603848
600076
40
600863
537
603032
2247
600099
2809
601689
2617
600979
600853
603321
2708
920
600648
2852
603129
600578
598
600589
939
2426
603177
836
600535
17
600317
601016
600868
411
752
2516
600300
600644
600812
2761
603667
967
600975
600438
600031
2760
2908
601228
603289
678
603139
2825
601558
2885
2241
603315
600038
600426
2730
2810
600007
888
603111
2033
519
600008
2678
2209
600282
2758
919
906
600377
2421
600248
589
731
988
2455
2916
601018
603578
2712
2287
2053
2233
603701
2025
915
2604
603299
601828
603590
761
2783
600230
2688
2574
2798
2324
705
2122
600161
8
2338
601330
663
600017
600636
600970
2930
600513
690
2060
603968
2099
2134
601101
603286
2321
600160
600976
2440
2041
2186
603713
785
601636
600461
600810
2899
2145
2843
600100
600190
600313
600458
601113
600692
2587
603580
603535
603116
576
2613
601106
600143
603192
2550
518
603528
2675
2468
2660
600800
2244
600021
601998
601678
670
600462
600982
2875
937
2931
603127
2937
2402
150
600712
603225
856
600315
600057
2507
2556
802
603569
600219
2831
600115
600322
2860
2066
968
600114
603979
600015
600576
2285
603203
603617
600062
600201
2743
601225
2201
600022
2116
868
601368
603298
2762
600496
600703
603326
600068
603239
736
600811
825
418
603113
2849
703
603197
2264
600108
2585
600387
600233
603725
2046
600101
603076
725
2909
600016
2561
600163
929
600198
600819
600889
2906
883
603878
603818
600060
603766
600177
733
2477
600603
600873
2866
600569
2877
600218
600995
601163
601199
600500
662
837
600097
597
2043
600814
603036
600587
2637
507
39
756
981
600533
600606
600351
2092
2316
552
603937
603648
2655
600295
721
932
2052
2345
600306
601727
603693
600611
600802
600815
2853
2932
2564
600527
600919
600960
601952
600010
603045
603022
632
600185
600116
2303
603926
2687
600075
600661
603683
603598
603088
600084
603650
603933
600096
2626
2453
2923
2929
651
600449
600510
600519
600801
590
2073
2648
630
2219
2589
600035
600052
601669
600298
603778
603958
603557
600054
707
423
600761
59
2693
603027
600247
600251
600720
600425
603980
600990
719
603737
2267
600336
600530
2820
2469
600269
603616
2049
557
603636
2150
2336
965
2390
600835
782
2502
2706
655
600697
2167
2406
600127
603200
600081
2818
553
822
600261
600307
665
687
600436
600829
2188
600029
600208
603038
600508
600178
600396
601388
600137
600367
600586
603029
603918
922
2107
2568
2006
2429
2630
603515
14
683
600418
913
603901
600039
2845
600272
600409
600537
2166
600326
2011
600983
2031
2397
600880
600971
603319
600655
2342
600379
601992
2661
600773
751
878
6
2726
2526
600823
603869
554
600
603605
2490
601258
601919
541
2565
601890
2684
603777
601088
600796
810
972
600059
600490
2010
600213
4
897
600668
600839
603198
600543
601366
603108
2728
600926
2480
600476
600780
603444
600158
603348Some characters could not be decoded, and were replaced with REPLACEMENT CHARACTER.
Some characters could not be decoded, and were replaced with REPLACEMENT CHARACTER.
Some characters could not be decoded, and were replaced with REPLACEMENT CHARACTER.
Some characters could not be decoded, and were replaced with REPLACEMENT CHARACTER.
Some characters could not be decoded, and were replaced with REPLACEMENT CHARACTER.
Some characters could not be decoded, and were replaced with REPLACEMENT CHARACTER.
Some characters could not be decoded, and were replaced with REPLACEMENT CHARACTER.
Some characters could not be decoded, and were replaced with REPLACEMENT CHARACTER.
Some characters could not be decoded, and were replaced with REPLACEMENT CHARACTER.
Some characters could not be decoded, and were replaced with REPLACEMENT CHARACTER.
Some characters could not be decoded, and were replaced with REPLACEMENT CHARACTER.
Some characters could not be decoded, and were replaced with REPLACEMENT CHARACTER.
Some characters could not be decoded, and were replaced with REPLACEMENT CHARACTER.
Some characters could not be decoded, and were replaced with REPLACEMENT CHARACTER.
Some characters could not be decoded, and were replaced with REPLACEMENT CHARACTER.
Some characters could not be decoded, and were replaced with REPLACEMENT CHARACTER.
Some characters could not be decoded, and were replaced with REPLACEMENT CHARACTER.
Some characters could not be decoded, and were replaced with REPLACEMENT CHARACTER.
Some characters could not be decoded, and were replaced with REPLACEMENT CHARACTER.
Some characters could not be decoded, and were replaced with REPLACEMENT CHARACTER.
Some characters could not be decoded, and were replaced with REPLACEMENT CHARACTER.
Some characters could not be decoded, and were replaced with REPLACEMENT CHARACTER.
Some characters could not be decoded, and were replaced with REPLACEMENT CHARACTER.
Some characters could not be decoded, and were replaced with REPLACEMENT CHARACTER.
Some characters could not be decoded, and were replaced with REPLACEMENT CHARACTER.
Some characters could not be decoded, and were replaced with REPLACEMENT CHARACTER.
Some characters could not be decoded, and were replaced with REPLACEMENT CHARACTER.
Some characters could not be decoded, and were replaced with REPLACEMENT CHARACTER.
Some characters could not be decoded, and were replaced with REPLACEMENT CHARACTER.
Some characters could not be decoded, and were replaced with REPLACEMENT CHARACTER.
Some characters could not be decoded, and were replaced with REPLACEMENT CHARACTER.
Some characters could not be decoded, and were replaced with REPLACEMENT CHARACTER.
Some characters could not be decoded, and were replaced with REPLACEMENT CHARACTER.
Some characters could not be decoded, and were replaced with REPLACEMENT CHARACTER.
Some characters could not be decoded, and were replaced with REPLACEMENT CHARACTER.
Some characters could not be decoded, and were replaced with REPLACEMENT CHARACTER.
Some characters could not be decoded, and were replaced with REPLACEMENT CHARACTER.
Some characters could not be decoded, and were replaced with REPLACEMENT CHARACTER.
Some characters could not be decoded, and were replaced with REPLACEMENT CHARACTER.
Some characters could not be decoded, and were replaced with REPLACEMENT CHARACTER.
Some characters could not be decoded, and were replaced with REPLACEMENT CHARACTER.
Some characters could not be decoded, and were replaced with REPLACEMENT CHARACTER.
Some characters could not be decoded, and were replaced with REPLACEMENT CHARACTER.
Some characters could not be decoded, and were replaced with REPLACEMENT CHARACTER.
Some characters could not be decoded, and were replaced with REPLACEMENT CHARACTER.
Some characters could not be decoded, and were replaced with REPLACEMENT CHARACTER.
Some characters could not be decoded, and were replaced with REPLACEMENT CHARACTER.
Some characters could not be decoded, and were replaced with REPLACEMENT CHARACTER.
Some characters could not be decoded, and were replaced with REPLACEMENT CHARACTER.
Some characters could not be decoded, and were replaced with REPLACEMENT CHARACTER.
Some characters could not be decoded, and were replaced with REPLACEMENT CHARACTER.
Some characters could not be decoded, and were replaced with REPLACEMENT CHARACTER.
Some characters could not be decoded, and were replaced with REPLACEMENT CHARACTER.
Some characters could not be decoded, and were replaced with REPLACEMENT CHARACTER.
Some characters could not be decoded, and were replaced with REPLACEMENT CHARACTER.
Some characters could not be decoded, and were replaced with REPLACEMENT CHARACTER.
Some characters could not be decoded, and were replaced with REPLACEMENT CHARACTER.
Some characters could not be decoded, and were replaced with REPLACEMENT CHARACTER.
Some characters could not be decoded, and were replaced with REPLACEMENT CHARACTER.
Some characters could not be decoded, and were replaced with REPLACEMENT CHARACTER.
Some characters could not be decoded, and were replaced with REPLACEMENT CHARACTER.
Some characters could not be decoded, and were replaced with REPLACEMENT CHARACTER.
Some characters could not be decoded, and were replaced with REPLACEMENT CHARACTER.
Some characters could not be decoded, and were replaced with REPLACEMENT CHARACTER.
Some characters could not be decoded, and were replaced with REPLACEMENT CHARACTER.
Some characters could not be decoded, and were replaced with REPLACEMENT CHARACTER.
Some characters could not be decoded, and were replaced with REPLACEMENT CHARACTER.
Some characters could not be decoded, and were replaced with REPLACEMENT CHARACTER.
Some characters could not be decoded, and were replaced with REPLACEMENT CHARACTER.
Some characters could not be decoded, and were replaced with REPLACEMENT CHARACTER.
Some characters could not be decoded, and were replaced with REPLACEMENT CHARACTER.
Some characters could not be decoded, and were replaced with REPLACEMENT CHARACTER.
Some characters could not be decoded, and were replaced with REPLACEMENT CHARACTER.
Some characters could not be decoded, and were replaced with REPLACEMENT CHARACTER.
Some characters could not be decoded, and were replaced with REPLACEMENT CHARACTER.
Some characters could not be decoded, and were replaced with REPLACEMENT CHARACTER.
Some characters could not be decoded, and were replaced with REPLACEMENT CHARACTER.
Some characters could not be decoded, and were replaced with REPLACEMENT CHARACTER.
Some characters could not be decoded, and were replaced with REPLACEMENT CHARACTER.
Some characters could not be decoded, and were replaced with REPLACEMENT CHARACTER.
Some characters could not be decoded, and were replaced with REPLACEMENT CHARACTER.
Some characters could not be decoded, and were replaced with REPLACEMENT CHARACTER.
Some characters could not be decoded, and were replaced with REPLACEMENT CHARACTER.
Some characters could not be decoded, and were replaced with REPLACEMENT CHARACTER.
Some characters could not be decoded, and were replaced with REPLACEMENT CHARACTER.
Some characters could not be decoded, and were replaced with REPLACEMENT CHARACTER.
Some characters could not be decoded, and were replaced with REPLACEMENT CHARACTER.
Some characters could not be decoded, and were replaced with REPLACEMENT CHARACTER.
Some characters could not be decoded, and were replaced with REPLACEMENT CHARACTER.
Some characters could not be decoded, and were replaced with REPLACEMENT CHARACTER.
Some characters could not be decoded, and were replaced with REPLACEMENT CHARACTER.
Some characters could not be decoded, and were replaced with REPLACEMENT CHARACTER.
Some characters could not be decoded, and were replaced with REPLACEMENT CHARACTER.
Some characters could not be decoded, and were replaced with REPLACEMENT CHARACTER.
Some characters could not be decoded, and were replaced with REPLACEMENT CHARACTER.
Some characters could not be decoded, and were replaced with REPLACEMENT CHARACTER.
Some characters could not be decoded, and were replaced with REPLACEMENT CHARACTER.
Some characters could not be decoded, and were replaced with REPLACEMENT CHARACTER.
Some characters could not be decoded, and were replaced with REPLACEMENT CHARACTER.
Some characters could not be decoded, and were replaced with REPLACEMENT CHARACTER.
Some characters could not be decoded, and were replaced with REPLACEMENT CHARACTER.
Some characters could not be decoded, and were replaced with REPLACEMENT CHARACTER.
Some characters could not be decoded, and were replaced with REPLACEMENT CHARACTER.
Some characters could not be decoded, and were replaced with REPLACEMENT CHARACTER.
Some characters could not be decoded, and were replaced with REPLACEMENT CHARACTER.
Some characters could not be decoded, and were replaced with REPLACEMENT CHARACTER.
Some characters could not be decoded, and were replaced with REPLACEMENT CHARACTER.
Some characters could not be decoded, and were replaced with REPLACEMENT CHARACTER.
Some characters could not be decoded, and were replaced with REPLACEMENT CHARACTER.
Some characters could not be decoded, and were replaced with REPLACEMENT CHARACTER.
Some characters could not be decoded, and were replaced with REPLACEMENT CHARACTER.
Some characters could not be decoded, and were replaced with REPLACEMENT CHARACTER.
Some characters could not be decoded, and were replaced with REPLACEMENT CHARACTER.
Some characters could not be decoded, and were replaced with REPLACEMENT CHARACTER.
Some characters could not be decoded, and were replaced with REPLACEMENT CHARACTER.
Some characters could not be decoded, and were replaced with REPLACEMENT CHARACTER.
Some characters could not be decoded, and were replaced with REPLACEMENT CHARACTER.
Some characters could not be decoded, and were replaced with REPLACEMENT CHARACTER.
Some characters could not be decoded, and were replaced with REPLACEMENT CHARACTER.
Some characters could not be decoded, and were replaced with REPLACEMENT CHARACTER.
Some characters could not be decoded, and were replaced with REPLACEMENT CHARACTER.
Some characters could not be decoded, and were replaced with REPLACEMENT CHARACTER.
Some characters could not be decoded, and were replaced with REPLACEMENT CHARACTER.
Some characters could not be decoded, and were replaced with REPLACEMENT CHARACTER.
Some characters could not be decoded, and were replaced with REPLACEMENT CHARACTER.
Some characters could not be decoded, and were replaced with REPLACEMENT CHARACTER.
Some characters could not be decoded, and were replaced with REPLACEMENT CHARACTER.
Some characters could not be decoded, and were replaced with REPLACEMENT CHARACTER.
Some characters could not be decoded, and were replaced with REPLACEMENT CHARACTER.
Some characters could not be decoded, and were replaced with REPLACEMENT CHARACTER.
Some characters could not be decoded, and were replaced with REPLACEMENT CHARACTER.
Some characters could not be decoded, and were replaced with REPLACEMENT CHARACTER.
Some characters could not be decoded, and were replaced with REPLACEMENT CHARACTER.
Some characters could not be decoded, and were replaced with REPLACEMENT CHARACTER.
Some characters could not be decoded, and were replaced with REPLACEMENT CHARACTER.
Some characters could not be decoded, and were replaced with REPLACEMENT CHARACTER.
Some characters could not be decoded, and were replaced with REPLACEMENT CHARACTER.
Some characters could not be decoded, and were replaced with REPLACEMENT CHARACTER.
Some characters could not be decoded, and were replaced with REPLACEMENT CHARACTER.
Some characters could not be decoded, and were replaced with REPLACEMENT CHARACTER.
Some characters could not be decoded, and were replaced with REPLACEMENT CHARACTER.
Some characters could not be decoded, and were replaced with REPLACEMENT CHARACTER.
Some characters could not be decoded, and were replaced with REPLACEMENT CHARACTER.
Some characters could not be decoded, and were replaced with REPLACEMENT CHARACTER.
Some characters could not be decoded, and were replaced with REPLACEMENT CHARACTER.
Some characters could not be decoded, and were replaced with REPLACEMENT CHARACTER.
Some characters could not be decoded, and were replaced with REPLACEMENT CHARACTER.

600256
600962
2449
603126
601800
2176
2356
7
26
2142
2306
603798
603920
600123
600876
600505
2539
2671
2251
600455
600818
603505
603527
333
713
2071
2612
601009
599
698
2413
601333
600199
600624
603758
603099
600348
601872
2933
2121
2269
600051
601011
791
601958
2770
600130
950
753
2392
601866
568
600620
600894
600232
2771
601058
603855
2485
2681
419
603665
600969
2835
2105
2554
600067
600138
600169
600933
600996
501
951
2439
603727
600722
42
584
2880
159
600532
603661
603897
600509
2872
603385
63
2943
421
829
603168
603026
2048
2787
2722
600966
12
600821
65
600540
603043
62
600596
2398
600769
603303
401
2227
600139
877
2858
2763
600963
983
601007
2158
603035
603458
603499
546
2348
600861
601882
2918
603089
603128
900
2109
2691
600281
603260
600987
601608
600452
601666
603790
600764
2593
404
601699
701
2326
600854
2278
600841
2456
603090
600833
2614
417
921
949
2067
2087
600565
600639
601216
600037
620
1896
2374
600106
600325
603301
600162
600512
935
601360
600459
603133
2302
2841
600687
603978
926
2627
2133
600433
2144
603629
600618
600515
2580
600744
2152
600422
2632
2228
600859
2171
603496
601668
2793
807
600103
600157
600175
600676
151
603615
2415
603879
612
2165
600573
601518
985
603165
488
627
2646
2432
600637
2444
2012
603833
2222
2282
2103
600804
2581
636
2026
600416
600071
603269
591
601166
600667
565
980
603388
2246
2433
600602
2078
631
600577
61
603316
600491
2258
2833
600408
600601
600592
570
2377
600608
600824
800
2601
2824
600836
603787
715
815
2470
600151
600662
601001
603007
2128
600846
600888
2286
982
2206
601818
600197
2745
833
600069
603993
1965
428
2457
603009
2748
603101
838
88
600551
2381
603556
2584
609
2160
2283
2420
2756
603277
603856
600173
603105
600487
99
2029
603686
2030
603309
600121
600428
600497
603037
938
600475
600584
603955
710
600787
600327
2431
2299
2146
875
413
601929
600064
600211
600126
2887
600707
600691
600725
603188
2200
2535
600217
2163
600188
601918
600883
603817
2080
2641
603585
601369
600180
585
790
600406
2138
600159
2772
603345
21
2309
2024
2573
600026
603357
905
2528
2776
2702
601801
153
2857
55
601116
680
2218
2510
603077
603628
2750
603883
600403
958
600078
600844
69
600678
957
2239
2205
2423
2357
600074
603630
60
2084
2711
603767
2295
600036
603929
603843
603506
603858
2481
2715
600444
600993
603040
2755
601019
2437
603733
2847
600848
2610
603002
2620
600714
600740
852
2391
2609
2803
812
2479
2623
601086
603776
819
2139
2185
2255
600581
600684
2892
603890
2086
600731
600355
2022
603966
993
2180
600857
600132
600516
600460
603986
2035
603138
603338
2445
2652
603711
2889
603586
2666
1979
600210
603698
600113
603906
2353
2900
2126
600058
2058
5
2482
2197
600421
603533
2669
603685
2534
759
2380
601718
2757
601777
2055
2529
600305
36
2265
2292
600708
601012
2140
600650
601997
600666
603729
600682
600630
600216
2403
717
601599
2800
2401
430
603085
2454
600359
600056
603669
2097
600186
2524
600193
600706
582
600267
600091
601226
603996
2291
2497
31
603003
2156
600613
78
2608
600580
600481
798
2347
600653
603500
600843
2360
600240
600360
600733
505
596
600528
603308
762
600332
692
882
600237
600229
2467
600278
2195
601595
700
2489
2638
2499
2148
2361
908
603131
2828
600189
600936
2074
2249
2921
661
2869
601168
786
826
2519
600365
2586
677
2559
603069
600736
600308
559
2371
2175
600397
600798
548
600651
600321
600479
600522
606
530
603066
2682
638
600090
600048
2050
2268
600552
601028
603800
43
603626
626
510
600765
600477
2541
603876
2162
673
789
2382
155
600122
600758
600557
2447
600698
601717
2698
2663
2004
566
603599
2118
2913
928
601311
799
2375
2108
603799
657
600070
2508
600366
600679
723
2386
600575
2896
2654
603688
625
600838
603300
572
2766
410
2351
2577
603721
603416
2143
2340
600715
601567
2488
2460
2883
600862
600743
603396
2320
2740
20
600133
2089
2131
600562
600686
600768
2851
2905
603180
2077
2365
2076
2310
671
2298
2729
600561
2341
909
2588
545
600420
600727
2837
2922
2164
600872
603991
600619
600594
600381
2123
2020
2027
600767
600222
603987
2322
600361
603398
603639
603889
603989
2940
600470
2863
601186
34
600784
603936
2418
2373
885
892
2047
601908
2796
600759
2294
600354
600756
2919
2101
2234
600560
2631
600685
600939
2448
955
600088
600626
603501
2184
2441
2583
603583
969
2563
603227
2419
603226
520
2676
2694
758
600328
603998
2737
2002
600738
600826
9
600978
429
2277
600757
2273
600195
2100
600292
2069
2129
600747
933
603359
600502
524
16
600874
156
603380
600809
603587
2009
600860
2782
600243
600526
600718
600959
973
600501
788
2019
1696
2111
600405
555
600227
600711
603466
601118
528
601020
2836
601996
603005
2527
603015
2662
600331
600288
859
158
603330
2495
2856
839
637
2001
962
603019
2643
2882
2262
603369
711
600866
600847
603008
895
601789
2409
2016
600985
2173
2332
2057
600789
600082
536
2517
600980
601838
811
669
2600
600309
2674
600393
2487
600202
600549
2334
603488
600721
2065
2619
603985
600495
603612
2063
2216
2284
603679
2003
2410
600879
2296
573
600093
679
2280
2297
600279
887
2141
2245
2464
603607
600820
2207
2308
600129
600372
600884
2597
603232
600638
600260
912
835
600770
862
2476
2805
2696
603117
2855
2842
2091
603860
521
2884
600063
2329
2435
2751
603023
601155
2625
727
603960
2466
600128
600805
2786
600797
2607
603555
600380
601677
2685
600290
2354
2368
2531
886
600356
600623
600696
32
600649
2082
830
2562
2422
601606
601222
2544
2307
600555
603619
2337
2196
603887
2330
600249
2161
2314
2400
603801
601999
2119
66
600869
601233
600503
2094
2936
2492
2054
997
603803
2
2168
2378
600383
2293
600468
2703
600831
2773
2328
600755
2888
2605
2935
2491
600388
600135
603757
600259
917
600266
2021
2153
2095
899
2034
2474
600845
2590
603389
600792
601989
2920
600215
777
600469
2523
600358
603028
603367
600302
600196
600480
2229
2339
806
2567
600981
600716
532
603000
600751
603660
600095
601601
600529
739
2325
613
601577
682
601002
600231
2518
2056
601858
601611
600977
821
603690
600335
600558
2645
601
68
2501
2725
600112
603881
603181
2362
600340
603060
603959
603716
809
603809
881
402
2007
600599
600790
600136
2220
2509
600520
600615
2113
600386
2224
970
2157
2178
603166
603579
517
960
603678
600235
2405
600881
415
567
601100
2038
600538
600704
601137
2657
600410
600901
600908
600371
2093
603618
2036
2181
600187
2191
603882
2640
2013
2350
603136
600635
2253
600850
603477
600212
600665
603157
2656
977
600559
850
600671
828
30
600683
608
600111
2335
601588
2551
603538
2553
600439
2005
600345
2315
961
603011
603387
600595
2690
610
685
600702
2032
2571
600119
616
2344
722
2472
2714
2079
600241
601068
2533
2279
976
601336
600329
600293
600120
2236
650
600171
603063
600568
600763
2396
666
2037
601218
793
695
2359
2174
2072
600570
2177
600622
2192
2713
600206
603179
623
600992
600255
2240
600735
2807
600375
603829
603517
2428
2634
2170
617
2689
603566
603189
603589
600643
603816
2127
403
716
2738
600149
2549
2169
816
601128
603900
603728
601179
652
2379
989
564
760
2212
600027
603859
503
831
2667
600456
2263
601319
600739
603106
2040
600330
600020
600239
600673
600640
600353
2628
600896
2202
755
607
2865
2276
600728
600182
2235
600238
2260
600077
603606
948
600588
603999
600647
1
600301
600392
2259
600152
603100
2028
600705
2208
600875
2777
526
600172
18
2622
2901
2102
600089
600226
2114
2149
603323
2591
2642
600466
2727
600610
603118
601900
2112
2543
600072
601519
2594
603081
603335
46
595
600291
600590
600156
600506
2104
600390
603383
600192
2649
2271
600695
603656
600287
2366
996
2555
2471
2130
600318
2137
600521
2545
561
2217
600525
601208
2232
860
2478
600783
600566
600312
2595
2106
2226
600830
601211
498
2821
2615
2576
600550
600986
603366
2651
531
2596
551
600191
2546
513
2791
600276
795
603339
550
600203
600816
603360
971
600999
601616
2230
563
611
603912
2289
2214
601688
2879
166
2376
600837
600363
603429
600745
600958
2425
600536
600250
776
851
600856
2616
600055
547
2673
2305
936
2812
603486
2367
2839
801
600791
2736
2451
600109
783
2621
600257
2569
601126
2500
2692
416
686
601198
603337
603305
600446
603218
639
2124
966
2926
2670
601788
600107
712
2346
2463
600155
2252
601377
400
963
2414
601881
603039
600280
592
600517
509
600864
2504
600105
601901
2300
601860
600061
601700
601108
2939
600855
426
600053
601066
600271
603016
728
2941
600571
600909
601555
601878Some characters could not be decoded, and were replaced with REPLACEMENT CHARACTER.
Some characters could not be decoded, and were replaced with REPLACEMENT CHARACTER.
Some characters could not be decoded, and were replaced with REPLACEMENT CHARACTER.

601990
603185
601811
70
600242
601162
735
600310
600973
600677
2383
601099
901
603017
603738
600825
600268
2797
600621
890
601375
750
2288
797
600369
600165
600614
533
2498
587
finish
run_download_news_report.sh:行16: /{run_download_news_report.log: 权限不够
