003019
300549
300727
300064
688135
688179
300432
300903
300584
601008
600428
600689
601919
600733
605007
605338
601127
600199
600189
002813
002646
002040
605333
002553
000560
002172
601866
000517
600798
000523
000615
601228
000545
300223
300238
300590
300241
300863
605008
002664
688333
000625
000582
300471
300100
300442
300131
000811
688129
605088
300582
300390
002621
603986
601698
300893
300126
000155
000537
603109
601968
600989
688595
603558
600737
600026
002342
002878
300029
600166
300828
000961
605358
300106
002083
605018
600258
600335
000153
600071
000656
600543
300232
000338
603733
600280
601339
688536
601018
603031
002975
300403
002466
600017
605366
688160
002592
002496
002142
002021
000820
000088
300782
002716
689009
600805
603167
600619
600255
002875
300884
600754
300507
600300
000029
300350
300266
300255
600121
600006
600628
002353
300103
600823
002206
688155
300672
300236
300906
600290
300855
000687
600109
601326
300698
000507
002240
688013
300323
300652
003009
601872
000905
002232
688588
002105
300689
000923
000727
600383
002978
000868
600525
600340
603013
601598
300304
300019
603825
300446
300707
688133
002856
002651
002239
300718
600785
000877
000715
603515
000667
002125
002292
000530
600375
600960
002536
600584
300811
603155
600073
600257
300419
603565
000838
002320
300190
002163
600738
002454
688585
000736
603002
300898
300140
601808
600067
603321
600381
600048
002639
600018
002860
600136
600717
600703
601000
600122
000911
603225
300742
300643
600481
601500
600328
600063
688388
002909
300301
000797
002284
000708
002103
002004
600782
002154
002721
600817
601702
300781
300547
002087
600507
300829
002366
300905
002244
300433
600926
300144
601298
601975
002238
603982
600470
300215
002068
000895
603005
002042
688577
300335
000550
300796
600466
300617
300191
002965
001979
601965
300279
605136
000897
300766
002146
300339
603856
600804
601880
000752
300252
603536
000800
600279
000690
002751
688529
300850
600146
600418
000957
000959
300342
002510
002715
605050
300367
600741
300313
300016
002186
605255
000601
300199
300576
000610
000001
300999
300578
000780
603040
603050
300261
002629
000931
600695
601456
300087
605066
300062
601218
300787
000002
601878
300021
603599
605009
600183
