000005
000009
000014
000016
000017
000023
000025
000029
000032
000036
000037
000039
000042
000045
000060
000063
000065
000068
000069
000096
000155
000166
000403
000404
000407
000409
000413
000423
000503
000506
000509
000520
000521
000530
000541
000545
000548
000553
000555
000559
000560
000563
000570
000571
000572
000573
000585
000589
000611
000615
000619
000622
000623
000628
000632
000633
000635
000651
000652
000655
000663
000665
000666
000667
000668
000671
000680
000681
000683
000685
000686
000692
000697
000698
000703
000709
000711
000712
000722
000726
000731
000735
000736
000739
000750
000756
000757
000759
000760
000762
000767
000768
000776
000783
000788
000791
000792
000797
000800
000802
000803
000806
000807
000816
000825
000835
000848
000856
000859
000875
000876
000880
000882
000886
000890
000898
000901
000903
000910
000919not download
000919
000922not download
000922
000923not download
000923
000933not download
000933
000935not download
000935
000936not download
000936
000951not download
000951
000953not download
000953
000961not download
000961
000966not download
000966
000973not download
000973
000981not download
000981
000982not download
000982
000987not download
000987
000997not download
000997
000998not download
000998
001696not download
001696
001872not download
001872
002001not download
002001
002002not download
002002
002008not download
002008
002020not download
002020
002026not download
002026
002030not download
002030
002032not download
002032
002044not download
002044
002045not download
002045
002059not download
002059
002061not download
002061
002062not download
002062
002065not download
002065
002066not download
002066
002071not download
002071
002082not download
002082
002086not download
002086
002088not download
002088
002089not download
002089
002091not download
002091
002100not download
002100
002123not download
002123
002124not download
002124
002125not download
002125
002128
002137
002144
002145
002146
002147
002148
002150
002152
002153
002156
002161
002164
002178
002179
002181
002185
002195
002199
002200
002203
002206
002207
002208
002216
002232
002240
002242
002252
002253
002261
002263
002267
002274
002278
002281
002288
002290
002293
002294
002301
002305
002306
002313
002317
002324
002327
002330
002333
002335
002339
002344
002346
002349
002352
002353
002358
002362
002365
002369
002371
002379
002387
002389
002392
002399
002401
002403
002404
002413
002418
002421
002423
002424
002432
002433
002434
002438
002439
002441
002442
002444
002445
002450
002460
002467
002475
002479
002490
002491
002493
002500
002505
002506
002516
002522
002523
002526
002527
002532
002534
002542
002543
002550
002551
002553
002555
002557
002560
002565
002566
002567
002569
002571
002572not download
002572
002579not download
002579
002581not download
002581
002582not download
002582
002588not download
002588
002589not download
002589
002598not download
002598
002603not download
002603
002605not download
002605
002608not download
002608
002611not download
002611
002616not download
002616
002620not download
002620
002636not download
002636
002642not download
002642
002647not download
002647
002660not download
002660
002661not download
002661
002664not download
002664
002673not download
002673
002677not download
002677
002686not download
002686
002692not download
002692
002695not download
002695
002697not download
002697
002700not download
002700
002701not download
002701
002702
002708
002709
002715
002723
002729
002740
002741
002751
002756
002761
002763
002769
002770
002774
002788
002790
002791
002795
002796
002797
002798
002803
002807
002810
002811
002817
002818
002821
002822
002823
002827
002828
002835
002836
002839
002843
002846
002848
002849
002851
002852
002856
002857
002860
002865
002877
002883
002884
002885
002887
002890
002891
002896
002897
002898
002900
002902
002907
002909
002910
002911
002917
002921
002923
002928
002930
002931
002940
002946
002949
002960
002966
002967
002975
003816
300006
300008
300013
300016
300019
300020
300024not download
300024
300025not download
300025
300032not download
300032
300033not download
300033
300039not download
300039
300042not download
300042
300048not download
300048
300054not download
300054
300063not download
300063
300075not download
300075
300077not download
300077
300086not download
300086
300087not download
300087
300088not download
300088
300089not download
300089
300101not download
300101
300106not download
300106
300111not download
300111
300114not download
300114
300123not download
300123
300143not download
300143
300162not download
300162
300164not download
300164
300165not download
300165
300167not download
300167
300182not download
300182
300183not download
300183
300187not download
300187
300195not download
300195
300196not download
300196
300201not download
300201
300208not download
300208
300219not download
300219
300220not download
300220
300228not download
300228
300229not download
300229
300235not download
300235
300239not download
300239
300241not download
300241
300250not download
300250
300255not download
300255
300263not download
300263
300266not download
300266
300267
300269
300270
300282
300288
300290
300292
300294
300297
300302
300306
300308
300312
300315
300317
300328
300332
300333
300342
300349
300351
300357
300366
300369
300370
300373
300374
300376
300378
300380
300384
300392
300396
300408
300423
300424
300427
300429
300431
300436
300443
300447
300454
300455
300464
300475
300482
300484
300485
300498
300499
300504
300506
300511
300513
300514
300528
300536
300538
300540
300545
300547
300548
300549
300553
300555
300560
300563
300565
300566
300567
300568
300575
300578
300582
300583
300584
300587
300588
300590
300591
300597
300608
300615
300630
300637
300639
300640
300644
300652
300653
300660
300661
300665
300667
300669
300671
300676
300677
300682
300688
300692
300699
300705
300710
300711
300724
300735
300741
300742
300743
300747
300748
300752
300757
300759
300763
300768
300771
300776
300778
300783
300785
300786
300789
300795
300800
300810
300816
600000
600020
600023
600027
600029
600054not download
600054
600058not download
600058
600059not download
600059
600063not download
600063
600067not download
600067
600075not download
600075
600078not download
600078
600082not download
600082
600083not download
600083
600084not download
600084
600085not download
600085
600088not download
600088
600089not download
600089
600091not download
600091
600096not download
600096
600120not download
600120
600122not download
600122
600129not download
600129
600130not download
600130
600155not download
600155
600161not download
600161
600167not download
600167
600168not download
600168
600171not download
600171
600179not download
600179
600186not download
600186
600192not download
600192
600199not download
600199
600203not download
600203
600206not download
600206
600207not download
600207
600210not download
600210
600222not download
600222
600223not download
600223
600241not download
600241
600246not download
600246
600247not download
600247
600251not download
600251
600258not download
600258
600259not download
600259
600266not download
600266
600269not download
600269
600275not download
600275
600276
600278
600281
600283
600285
600292
600306
600315
600319
600321
600332
600335
600351
600352
600354
600372
600375
600382
600385
600388
600389
600408
600410
600415
600419
600420
600433
600436
600439
600444
600446
600449
600461
600477
600479
600480
600486not download
600486
600487not download
600487
600490not download
600490
600498not download
600498
600502not download
600502
600507not download
600507
600510not download
600510
600515not download
600515
600520not download
600520
600527not download
600527
600528not download
600528
600531not download
600531
600547not download
600547
600559not download
600559
600571not download
600571
600587not download
600587
600593not download
600593
600611not download
600611
600612not download
600612
600613not download
600613
600619not download
600619
600621not download
600621
600628not download
600628
600629not download
600629
600630not download
600630
600636not download
600636
600638not download
600638
600641not download
600641
600650not download
600650
600652not download
600652
600655not download
600655
600662not download
600662
600663not download
600663
600675not download
600675
600681not download
600681
600682not download
600682
600690not download
600690
600697not download
600697
600699not download
600699
600705not download
600705
600710not download
600710
600712not download
600712
600727
600730
600731
600733
600735
600740
600746
600750
600753
600754not download
600754
600755not download
600755
600760not download
600760
600769not download
600769
600774not download
600774
600777not download
600777
600782not download
600782
600783not download
600783
600785not download
600785
600789not download
600789
600793not download
600793
600794not download
600794
600800not download
600800
600811not download
600811
600814not download
600814
600821not download
600821
600825not download
600825
600826not download
600826
600831not download
600831
600837not download
600837
600841not download
600841
600843not download
600843
600846not download
600846
600847not download
600847
600850not download
600850
600861not download
600861
600862not download
600862
600865not download
600865
600867not download
600867
600872not download
600872
600880not download
600880
600887not download
600887
600890not download
600890
600893not download
600893
600898not download
600898
600903not download
600903
600909not download
600909
600917not download
600917
600928not download
600928
600933not download
600933
600936not download
600936
600958not download
600958
600962
600963
600969
600971
600976
600981
600987
600989
600996
601001
601006
601008
601009
601010
601018
601019
601028
601038
601066
601069
601086
601100
601117
601128
601168
601199
601222
601225
601228
601231
601258
601288
601311
601319
601330
601336
601360
601368
601375
601555
601558
601567
601598
601599
601601
601608
601633
601636
601717
601727
601800
601872
601882
601901
601933
601939
601952
601985
601992
603000
603002
603013
603015
603020
603025
603028
603039
603056
603059
603063
603069
603090
603093
603100
603105
603117
603123
603156
603161
603183
603192
603203
603208
603217
603218
603228
603229
603236
603239
603256
603260
603266
603269
603289
