300012,2020-10-27T00,香港中央结算有限公司,增加,华测检测,345717202,0.23,20967493,2020-09-30T00
600009,2020-10-31T00,香港中央结算有限公司,增加,上海机场,244410619,0.22,8380979,2020-09-30T00
2439,2020-10-28T00,香港中央结算有限公司,增加,启明星辰,132611334,0.19,156040,2020-09-30T00
338,2020-10-31T00,香港中央结算有限公司,增加,潍柴动力,758509836,0.18,146570427,2020-09-30T00
601901,2020-10-31T00,香港中央结算有限公司,增加,方正证券,1470138398,0.18,1025880,2020-09-30T00
651,2020-10-31T00,香港中央结算有限公司,增加,格力电器,1013741847,0.17,83980311,2020-09-30T00
651,2020-10-17T00,香港中央结算有限公司,增加,格力电器,1034746299,0.17,21004452,2020-10-13T00
651,2020-10-17T00,香港中央结算有限公司,增加,格力电器,1034746299,0.17,104984763,2020-10-13T00
300285,2020-10-27T00,香港中央结算有限公司,增加,国瓷材料,129867071,0.17,34162985,2020-09-30T00
600406,2020-10-31T00,香港中央结算有限公司,增加,国电南瑞,457781212,0.16,68302360,2020-09-30T00
2410,2020-10-29T00,香港中央结算有限公司,增加,广联达,125930212,0.14,1853177,2020-09-30T00
300760,2020-10-30T00,香港中央结算有限公司,增加,迈瑞医疗,64940122,0.13,4843802,2020-09-30T00
2690,2020-10-28T00,香港中央结算有限公司,增加,美亚光电,44217891,0.13,8159588,2020-09-30T00
600885,2020-10-29T00,香港中央结算有限公司,增加,宏发股份,97781924,0.13,25277415,2020-09-30T00
603056,2020-10-29T00,香港中央结算有限公司,增加,德邦股份,27912576,0.13,8093125,2020-09-30T00
600276,2020-10-20T00,香港中央结算有限公司,增加,恒瑞医药,614316291,0.12,9631061,2020-09-30T00
300383,2020-10-28T00,香港中央结算有限公司,增加,光环新网,173073911,0.12,63435525,2020-09-30T00
603587,2020-10-30T00,香港中央结算有限公司,增加,地素时尚,13639225,0.12,7569742,2020-09-30T00
603737,2020-10-27T00,香港中央结算有限公司,增加,三棵树,27699229,0.11,5381506,2020-09-30T00
157,2020-10-31T00,香港中央结算有限公司,增加,中联重科,678876180,0.11,98197888,2020-09-30T00
2555,2020-10-31T00,香港中央结算有限公司,增加,三七互娱,158212349,0.11,10724562,2020-09-30T00
600585,2020-10-28T00,香港中央结算有限公司,增加,海螺水泥,435928366,0.11,15080017,2020-09-30T00
600031,2020-10-30T00,香港中央结算有限公司,增加,三一重工,841338148,0.1,26930511,2020-09-30T00
2027,2020-10-23T00,香港中央结算有限公司,增加,分众传媒,1463055314,0.1,230467100,2020-09-30T00
601100,2020-10-27T00,香港中央结算有限公司,增加,恒立液压,128606005,0.1,39967380,2020-09-30T00
603882,2020-10-28T00,香港中央结算有限公司,增加,金域医学,41058081,0.09,6760942,2020-09-30T00
1,2020-10-22T00,香港中央结算有限公司,增加,平安银行,1746773426,0.09,152748682,2020-09-30T00
600835,2020-10-24T00,香港中央结算有限公司,增加,上海机电,68851680,0.09,2960618,2020-09-30T00
603317,2020-10-23T00,香港中央结算有限公司,增加,天味食品,11233679,0.09,4854379,2020-09-30T00
581,2020-10-26T00,香港中央结算有限公司,增加,威孚高科,74075139,0.09,17565519,2020-09-30T00
300482,2020-10-20T00,香港中央结算有限公司,增加,万孚生物,20669936,0.09,5437553,2020-10-15T00
300308,2020-10-29T00,香港中央结算有限公司,增加,中际旭创,60471383,0.09,24752640,2020-09-30T00
300482,2020-10-20T00,香港中央结算有限公司,增加,万孚生物,20669936,0.09,194918,2020-10-15T00
2032,2020-10-27T00,香港中央结算有限公司,增加,苏泊尔,54999238,0.09,5964037,2020-09-30T00
601098,2020-10-30T00,香港中央结算有限公司,增加,中南传媒,162457850,0.09,24010212,2020-09-30T00
300033,2020-10-24T00,香港中央结算有限公司,增加,同花顺,21910086,0.08,4971441,2020-09-30T00
932,2020-10-31T00,香港中央结算有限公司,增加,华菱钢铁,351537298,0.08,198300499,2020-09-30T00
600132,2020-10-24T00,香港中央结算有限公司,增加,重庆啤酒,36898505,0.08,5401069,2020-09-30T00
600004,2020-10-31T00,香港中央结算有限公司,增加,白云机场,162737183,0.08,7632166,2020-09-30T00
600309,2020-10-23T00,香港中央结算有限公司,增加,万华化学,113639518,0.08,5775832,2020-09-30T00
603486,2020-10-24T00,香港中央结算有限公司,增加,科沃斯,14733910,0.08,6992756,2020-09-30T00
2463,2020-10-28T00,香港中央结算有限公司,增加,沪电股份,128796286,0.08,4282360,2020-09-30T00
2507,2020-10-23T00,香港中央结算有限公司,增加,涪陵榨菜,56971757,0.07,10581787,2020-09-30T00
2415,2020-10-24T00,香港中央结算有限公司,增加,海康威视,558304047,0.07,1861453,2020-09-30T00
300487,2020-10-24T00,香港中央结算有限公司,增加,蓝晓科技,8497536,0.07,6853824,2020-09-30T00
423,2020-10-31T00,香港中央结算有限公司,增加,东阿阿胶,48745116,0.07,5511955,2020-09-30T00
600029,2020-10-31T00,香港中央结算有限公司,增加,南方航空,579687575,0.07,17284378,2020-09-30T00
300759,2020-10-29T00,香港中央结算有限公司,增加,康龙化成,19997166,0.07,6522450,2020-09-30T00
600803,2020-10-29T00,香港中央结算有限公司,增加,新奥股份,86136553,0.07,14450700,2020-09-30T00
601877,2020-10-30T00,香港中央结算有限公司,增加,正泰电器,147770733,0.07,12071705,2020-09-30T00
603236,2020-10-30T00,香港中央结算有限公司,增加,移远通信,4807489,0.07,792965,2020-09-30T00
2396,2020-10-23T00,香港中央结算有限公司,增加,星网锐捷,33220809,0.06,9347358,2020-09-30T00
600258,2020-10-30T00,香港中央结算有限公司,增加,首旅酒店,56945175,0.06,4780272,2020-09-30T00
603659,2020-10-28T00,香港中央结算有限公司,增加,璞泰来,11594293,0.06,505628,2020-09-30T00
2475,2020-10-28T00,香港中央结算有限公司,增加,立讯精密,438222676,0.06,49279771,2020-09-30T00
625,2020-10-31T00,香港中央结算有限公司,增加,长安汽车,229847911,0.06,35377156,2020-09-30T00
600176,2020-10-27T00,香港中央结算有限公司,增加,中国巨石,221249439,0.06,3486520,2020-09-30T00
2223,2020-10-22T00,香港中央结算有限公司,增加,鱼跃医疗,53728674,0.06,21401909,2020-09-30T00
2601,2020-10-31T00,香港中央结算有限公司,增加,龙蟒佰利,78080473,0.06,16537394,2020-09-30T00
603956,2020-10-23T00,香港中央结算有限公司,新进,威派格,5024773,0.06,NULL,2020-09-30T00
300685,2020-10-21T00,香港中央结算有限公司,增加,艾德生物,12494833,0.06,7198004,2020-09-30T00
2677,2020-10-23T00,香港中央结算有限公司,增加,浙江美大,17967841,0.06,5600932,2020-09-30T00
2531,2020-10-27T00,香港中央结算有限公司,增加,天顺风能,96590953,0.05,66067378,2020-09-30T00
601933,2020-10-31T00,香港中央结算有限公司,增加,永辉超市,460555085,0.05,3408397,2020-09-30T00
600971,2020-10-29T00,香港中央结算有限公司,增加,恒源煤电,60527868,0.05,17488529,2020-09-30T00
2028,2020-10-17T00,香港中央结算有限公司,增加,思源电气,27060946,0.05,13818369,2020-09-30T00
2233,2020-10-23T00,香港中央结算有限公司,增加,塔牌集团,58494503,0.05,541979,2020-09-30T00
2156,2020-10-29T00,香港中央结算有限公司,增加,通富微电,52099606,0.05,16939292,2020-09-30T00
2127,2020-10-23T00,香港中央结算有限公司,增加,南极电商,99347343,0.05,27833365,2020-09-30T00
2268,2020-10-28T00,香港中央结算有限公司,增加,卫士通,38531300,0.05,654459,2020-09-30T00
2706,2020-10-24T00,香港中央结算有限公司,新进,良信电器,30786952,0.05,NULL,2020-09-30T00
2126,2020-10-29T00,香港中央结算有限公司,增加,银轮股份,40859440,0.05,9654939,2020-09-30T00
601933,2020-11-04T00,香港中央结算有限公司,增加,永辉超市,472989535,0.05,12434450,2020-10-30T00
2714,2020-10-20T00,香港中央结算有限公司,增加,牧原股份,123588033,0.05,20513706,2020-09-30T00
300741,2020-10-28T00,香港中央结算有限公司,增加,华宝股份,5668371,0.05,3363310,2020-09-30T00
2281,2020-10-23T00,香港中央结算有限公司,增加,光迅科技,24411008,0.04,9471326,2020-09-30T00
601231,2020-10-30T00,香港中央结算有限公司,增加,环旭电子,82523399,0.04,10685283,2020-09-30T00
603606,2020-10-23T00,香港中央结算有限公司,增加,东方电缆,27049521,0.04,16796963,2020-09-30T00
600699,2020-10-28T00,香港中央结算有限公司,增加,均胜电子,48855908,0.04,7622445,2020-09-30T00
2422,2020-10-31T00,香港中央结算有限公司,增加,科伦药业,48330129,0.04,461341,2020-09-30T00
729,2020-10-22T00,香港中央结算有限公司,新进,燕京啤酒,100320297,0.04,NULL,2020-09-30T00
2459,2020-10-28T00,香港中央结算有限公司,增加,晶澳科技,15335767,0.04,11423411,2020-09-30T00
600340,2020-10-30T00,香港中央结算有限公司,增加,华夏幸福,140211789,0.04,40434398,2020-09-30T00
601688,2020-10-31T00,香港中央结算有限公司,增加,华泰证券,257655519,0.04,30280969,2020-09-30T00
603871,2020-10-29T00,香港中央结算有限公司,增加,嘉友国际,2452344,0.04,1704321,2020-09-30T00
789,2020-10-23T00,香港中央结算有限公司,增加,万年青,29113004,0.04,970314,2020-09-30T00
600050,2020-10-22T00,香港中央结算有限公司,增加,中国联通,836564624,0.04,18930675,2020-09-30T00
300699,2020-10-27T00,香港中央结算有限公司,增加,光威复材,19031640,0.04,4520308,2020-09-30T00
600787,2020-10-31T00,香港中央结算有限公司,增加,中储股份,96969627,0.04,5466547,2020-09-30T00
601021,2020-10-31T00,香港中央结算有限公司,增加,春秋航空,38398819,0.04,6642880,2020-09-30T00
2230,2020-10-27T00,香港中央结算有限公司,增加,科大讯飞,77331622,0.04,403384,2020-09-30T00
600019,2020-10-30T00,香港中央结算有限公司,增加,宝钢股份,979120479,0.04,76778464,2020-09-30T00
2258,2020-10-24T00,香港中央结算有限公司,增加,利尔化学,20905546,0.04,1262963,2020-09-30T00
600782,2020-10-31T00,香港中央结算有限公司,增加,新钢股份,126842975,0.04,25139344,2020-09-30T00
603589,2020-10-29T00,香港中央结算有限公司,增加,口子窖,26431109,0.04,2254423,2020-09-30T00
2191,2020-10-24T00,香港中央结算有限公司,增加,劲嘉股份,45110191,0.04,9454438,2020-09-30T00
600760,2020-10-30T00,香港中央结算有限公司,增加,中航沈飞,16953134,0.04,2505754,2020-09-30T00
910,2020-10-28T00,香港中央结算有限公司,增加,大亚圣象,20238854,0.04,2103646,2020-09-30T00
2709,2020-10-27T00,香港中央结算有限公司,新进,天赐材料,17597130,0.03,NULL,2020-09-30T00
661,2020-10-27T00,香港中央结算有限公司,增加,长春高新,10929065,0.03,2923388,2020-09-30T00
2311,2020-10-31T00,香港中央结算有限公司,增加,海大集团,49882315,0.03,351302,2020-10-26T00
2675,2020-10-27T00,香港中央结算有限公司,增加,东诚药业,17711155,0.03,4064495,2020-09-30T00
601000,2020-10-29T00,香港中央结算有限公司,增加,唐山港,164393118,0.03,84254850,2020-09-30T00
600933,2020-10-28T00,香港中央结算有限公司,增加,爱柯迪,7814403,0.03,462379,2020-09-30T00
2488,2020-10-16T00,香港中央结算有限公司,新进,金固股份,27798114,0.03,NULL,2020-09-30T00
601869,2020-10-31T00,香港中央结算有限公司,增加,长飞光纤,3507469,0.03,591322,2020-09-30T00
600511,2020-10-22T00,香港中央结算有限公司,增加,国药股份,16140716,0.03,1445309,2020-09-30T00
2106,2020-10-28T00,香港中央结算有限公司,增加,莱宝高科,18560503,0.03,11201516,2020-09-30T00
300529,2020-10-21T00,香港中央结算有限公司,增加,健帆生物,16009088,0.03,435008,2020-09-30T00
2367,2020-10-28T00,香港中央结算有限公司,增加,康力电梯,14821513,0.03,12121793,2020-09-30T00
600600,2020-10-30T00,香港中央结算有限公司,增加,青岛啤酒,18275526,0.03,1725361,2020-09-30T00
807,2020-10-22T00,香港中央结算有限公司,增加,云铝股份,85181370,0.03,66746364,2020-09-30T00
825,2020-10-30T00,香港中央结算有限公司,增加,太钢不锈,163271739,0.03,41750766,2020-09-30T00
601233,2020-10-31T00,香港中央结算有限公司,增加,桐昆股份,58251402,0.03,2451717,2020-09-30T00
2064,2020-10-27T00,香港中央结算有限公司,增加,华峰氨纶,40069807,0.03,4096176,2020-09-30T00
69,2020-10-27T00,香港中央结算有限公司,增加,华侨城A,214247245,0.03,13332748,2020-09-30T00
600219,2020-10-27T00,香港中央结算有限公司,增加,南山铝业,367628983,0.03,8855805,2020-09-30T00
300207,2020-10-29T00,香港中央结算有限公司,增加,欣旺达,45998349,0.03,1105398,2020-09-30T00
603599,2020-10-28T00,香港中央结算有限公司,新进,广信股份,13350448,0.03,NULL,2020-09-30T00
2793,2020-10-29T00,香港中央结算有限公司,新进,罗欣药业,7605228,0.03,NULL,2020-09-30T00
603515,2020-10-29T00,香港中央结算有限公司,增加,欧普照明,24212559,0.03,1723001,2020-09-30T00
2821,2020-10-24T00,香港中央结算有限公司,增加,凯莱英,6673352,0.03,18477,2020-09-30T00
600703,2020-10-30T00,香港中央结算有限公司,增加,三安光电,105448789,0.03,10482171,2020-09-30T00
600748,2020-10-30T00,香港中央结算有限公司,增加,上实发展,58984916,0.03,23766253,2020-09-30T00
603583,2020-10-27T00,香港中央结算有限公司,增加,捷昌驱动,5054643,0.03,2134082,2020-09-30T00
300662,2020-10-28T00,香港中央结算有限公司,新进,科锐国际,4533172,0.03,NULL,2020-09-30T00
983,2020-10-27T00,香港中央结算有限公司,增加,西山煤电,105111969,0.03,33921163,2020-09-30T00
601607,2020-10-30T00,香港中央结算有限公司,增加,上海医药,56040494,0.03,9049438,2020-09-30T00
600886,2020-10-31T00,香港中央结算有限公司,增加,国投电力,174652542,0.03,598928,2020-09-30T00
830,2020-10-27T00,香港中央结算有限公司,增加,鲁西化工,41584656,0.03,28395929,2020-09-30T00
2614,2020-10-29T00,香港中央结算有限公司,增加,奥佳华,12547069,0.03,9007571,2020-09-30T00
300709,2020-10-21T00,香港中央结算有限公司,增加,精研科技,1970840,0.03,180567,2020-09-30T00
600529,2020-10-20T00,香港中央结算有限公司,增加,山东药玻,16752017,0.03,9403188,2020-09-30T00
600104,2020-10-31T00,香港中央结算有限公司,增加,上汽集团,390394091,0.03,7910338,2020-09-30T00
2918,2020-10-24T00,香港中央结算有限公司,新进,蒙娜丽莎,3851745,0.03,NULL,2020-09-30T00
300073,2020-10-29T00,香港中央结算有限公司,增加,当升科技,14307414,0.03,360697,2020-09-30T00
739,2020-10-22T00,香港中央结算有限公司,增加,普洛药业,34383959,0.03,3833930,2020-09-30T00
600655,2020-10-28T00,香港中央结算有限公司,增加,豫园股份,53819523,0.03,4441419,2020-09-30T00
600984,2020-10-29T00,香港中央结算有限公司,新进,建设机械,21855716,0.03,NULL,2020-09-30T00
300059,2020-10-22T00,香港中央结算有限公司,增加,东方财富,235434467,0.03,4751755,2020-09-30T00
2146,2020-10-24T00,香港中央结算有限公司,增加,荣盛发展,109676163,0.03,3785094,2020-09-30T00
603128,2020-10-20T00,香港中央结算有限公司,增加,华贸物流,34409473,0.03,28077255,2020-09-30T00
603728,2020-10-28T00,香港中央结算有限公司,增加,鸣志电器,12124394,0.03,6445755,2020-09-30T00
603848,2020-10-17T00,香港中央结算有限公司,增加,好太太,2099128,0.03,1316560,2020-09-30T00
2311,2020-10-27T00,香港中央结算有限公司,增加,海大集团,49531013,0.03,178850,2020-09-30T00
600674,2020-10-24T00,香港中央结算有限公司,增加,川投能源,149566553,0.03,18522817,2020-09-30T00
603579,2020-10-29T00,香港中央结算有限公司,增加,荣泰健康,3850294,0.03,752959,2020-09-30T00
2085,2020-10-17T00,香港中央结算有限公司,新进,万丰奥威,55335156,0.03,NULL,2020-09-30T00
2318,2020-10-27T00,香港中央结算有限公司,增加,久立特材,23518224,0.03,16842070,2020-09-30T00
2466,2020-10-20T00,香港中央结算有限公司,增加,天齐锂业,43871036,0.03,6891292,2020-09-30T00
2372,2020-10-29T00,香港中央结算有限公司,增加,伟星新材,47763704,0.03,17386441,2020-09-30T00
600426,2020-10-28T00,香港中央结算有限公司,增加,华鲁恒升,43144210,0.03,4903023,2020-09-30T00
300638,2020-10-29T00,香港中央结算有限公司,增加,广和通,3520141,0.03,1152534,2020-09-30T00
600919,2020-10-30T00,香港中央结算有限公司,增加,江苏银行,314123656,0.03,5794512,2020-09-30T00
600563,2020-10-31T00,香港中央结算有限公司,增加,法拉电子,7269879,0.03,864137,2020-09-30T00
2541,2020-10-23T00,香港中央结算有限公司,新进,鸿路钢构,9962744,0.03,NULL,2020-09-30T00
600030,2020-10-30T00,香港中央结算有限公司,增加,中信证券,295731703,0.03,16209176,2020-09-30T00
2216,2020-10-27T00,香港中央结算有限公司,增加,三全食品,17193358,0.03,5747488,2020-09-30T00
2352,2020-10-27T00,香港中央结算有限公司,增加,顺丰控股,134675455,0.03,17003874,2020-09-30T00
603018,2020-10-27T00,香港中央结算有限公司,新进,中设集团,16761662,0.03,NULL,2020-09-30T00
2405,2020-10-30T00,香港中央结算有限公司,增加,四维图新,48620099,0.03,8223268,2020-09-30T00
300369,2020-10-29T00,香港中央结算有限公司,增加,绿盟科技,23724993,0.03,183617,2020-09-30T00
300394,2020-10-23T00,香港中央结算有限公司,新进,天孚通信,4907016,0.03,NULL,2020-09-30T00
603986,2020-10-30T00,香港中央结算有限公司,增加,兆易创新,12247492,0.03,1089455,2020-09-30T00
600466,2020-10-31T00,香港中央结算有限公司,增加,蓝光发展,51398584,0.02,3785211,2020-09-30T00
600675,2020-10-31T00,香港中央结算有限公司,增加,中华企业,37353959,0.02,951914,2020-09-30T00
2074,2020-10-27T00,香港中央结算有限公司,增加,国轩高科,27194443,0.02,3691101,2020-09-30T00
600446,2020-10-23T00,香港中央结算有限公司,增加,金证股份,13095339,0.02,1072990,2020-09-30T00
600085,2020-10-31T00,香港中央结算有限公司,增加,同仁堂,21497656,0.02,2916579,2020-09-30T00
300457,2020-10-23T00,香港中央结算有限公司,增加,赢合科技,7715391,0.02,110728,2020-09-30T00
2250,2020-10-31T00,香港中央结算有限公司,新进,联化科技,16449747,0.02,NULL,2020-09-30T00
2157,2020-10-28T00,香港中央结算有限公司,增加,正邦科技,45568191,0.02,11036419,2020-09-30T00
963,2020-10-27T00,香港中央结算有限公司,增加,华东医药,37325767,0.02,1922631,2020-09-30T00
690,2020-10-24T00,香港中央结算有限公司,增加,宝新能源,45732317,0.02,19702604,2020-09-30T00
601828,2020-10-31T00,香港中央结算有限公司,增加,美凯龙,9250821,0.02,76934,2020-09-30T00
2444,2020-10-22T00,香港中央结算有限公司,增加,巨星科技,22552730,0.02,4106990,2020-09-30T00
708,2020-10-17T00,香港中央结算有限公司,增加,中信特钢,26677467,0.02,5433107,2020-09-30T00
671,2020-10-29T00,香港中央结算有限公司,增加,阳光城,68779150,0.02,16344046,2020-09-30T00
600637,2020-10-29T00,香港中央结算有限公司,增加,东方明珠,59570779,0.02,5873981,2020-09-30T00
400,2020-10-29T00,香港中央结算有限公司,增加,许继电气,23042009,0.02,7829618,2020-09-30T00
603355,2020-10-30T00,香港中央结算有限公司,增加,莱克电气,7269273,0.02,3476860,2020-09-30T00
600089,2020-10-31T00,香港中央结算有限公司,新进,特变电工,73237258,0.02,NULL,2020-09-30T00
603881,2020-10-30T00,香港中央结算有限公司,增加,数据港,4591378,0.02,1234001,2020-09-30T00
600547,2020-10-29T00,香港中央结算有限公司,增加,山东黄金,77948878,0.02,95806,2020-09-30T00
603601,2020-10-22T00,香港中央结算有限公司,新进,再升科技,13085750,0.02,NULL,2020-09-30T00
2016,2020-10-30T00,香港中央结算有限公司,增加,世荣兆业,14476733,0.02,1155219,2020-09-30T00
2665,2020-10-24T00,香港中央结算有限公司,新进,首航高科,36498150,0.02,NULL,2020-09-30T00
603678,2020-10-24T00,香港中央结算有限公司,增加,火炬电子,6854111,0.02,833483,2020-09-30T00
2603,2020-10-27T00,香港中央结算有限公司,增加,以岭药业,15390101,0.02,2676250,2020-09-30T00
300552,2020-10-30T00,香港中央结算有限公司,新进,万集科技,2367695,0.02,NULL,2020-09-30T00
50,2020-10-28T00,香港中央结算有限公司,增加,深天马A,32482223,0.02,8184973,2020-09-30T00
300349,2020-10-27T00,香港中央结算有限公司,增加,金卡智能,5866938,0.02,557701,2020-09-30T00
958,2020-10-31T00,香港中央结算有限公司,增加,东方能源,21353574,0.02,1311724,2020-09-30T00
601966,2020-10-22T00,香港中央结算有限公司,增加,玲珑轮胎,31478940,0.02,819804,2020-09-30T00
300080,2020-10-30T00,香港中央结算有限公司,新进,易成新能,11581550,0.02,NULL,2020-09-30T00
601360,2020-10-31T00,香港中央结算有限公司,增加,三六零,39875905,0.02,3462343,2020-09-30T00
603866,2020-10-23T00,香港中央结算有限公司,增加,桃李面包,12096498,0.02,1642975,2020-09-30T00
2118,2020-10-28T00,香港中央结算有限公司,新进,紫鑫药业,27642775,0.02,NULL,2020-09-30T00
300257,2020-10-22T00,香港中央结算有限公司,增加,开山股份,13448556,0.02,3904499,2020-09-30T00
2056,2020-10-28T00,香港中央结算有限公司,新进,横店东磁,34110158,0.02,NULL,2020-09-30T00
600305,2020-10-28T00,香港中央结算有限公司,增加,恒顺醋业,22148202,0.02,2621909,2020-09-30T00
543,2020-10-23T00,香港中央结算有限公司,增加,皖能电力,40933528,0.02,13943662,2020-09-30T00
600893,2020-10-30T00,香港中央结算有限公司,增加,航发动力,40222919,0.02,2105024,2020-09-30T00
415,2020-10-31T00,香港中央结算有限公司,增加,渤海租赁,83775151,0.02,21949859,2020-09-30T00
2616,2020-10-29T00,香港中央结算有限公司,新进,长青集团,8343238,0.02,NULL,2020-09-30T00
933,2020-10-23T00,香港中央结算有限公司,增加,神火股份,31972126,0.02,10438770,2020-09-30T00
600188,2020-10-24T00,香港中央结算有限公司,增加,兖州煤业,59788963,0.02,32561391,2020-09-30T00
600141,2020-10-16T00,香港中央结算有限公司,增加,兴发集团,11287345,0.02,5053261,2020-09-30T00
600053,2020-10-29T00,香港中央结算有限公司,增加,九鼎投资,7802931,0.02,2279503,2020-09-30T00
2266,2020-10-29T00,香港中央结算有限公司,增加,浙富控股,28726656,0.02,8003412,2020-09-30T00
601186,2020-10-31T00,香港中央结算有限公司,增加,中国铁建,184911587,0.02,6426801,2020-09-30T00
603590,2020-10-20T00,香港中央结算有限公司,增加,康辰药业,1939938,0.02,1032012,2020-09-30T00
600143,2020-10-15T00,香港中央结算有限公司,新进,金发科技,54377538,0.02,NULL,2020-09-30T00
600079,2020-10-26T00,香港中央结算有限公司,新进,人福医药,22073515,0.02,NULL,2020-09-30T00
600008,2020-10-31T00,香港中央结算有限公司,增加,首创股份,114160770,0.02,48159090,2020-09-30T00
601225,2020-10-31T00,香港中央结算有限公司,增加,陕西煤业,202637160,0.02,18753194,2020-09-30T00
600015,2020-10-31T00,香港中央结算有限公司,增加,华夏银行,214938786,0.02,6859742,2020-09-30T00
603601,2020-10-28T00,香港中央结算有限公司,增加,再升科技,17693567,0.02,4607817,2020-10-20T00
776,2020-10-31T00,香港中央结算有限公司,增加,广发证券,88951980,0.02,24206831,2020-09-30T00
600926,2020-10-31T00,香港中央结算有限公司,增加,杭州银行,123604903,0.02,16919192,2020-09-30T00
601108,2020-10-29T00,香港中央结算有限公司,增加,财通证券,48151783,0.02,2187442,2020-09-30T00
603077,2020-10-30T00,香港中央结算有限公司,增加,和邦生物,154358190,0.02,20399740,2020-09-30T00
2773,2020-10-27T00,香港中央结算有限公司,增加,康弘药业,11754647,0.02,1812536,2020-09-30T00
501,2020-10-30T00,香港中央结算有限公司,新进,鄂武商A,18552918,0.02,NULL,2020-09-30T00
600704,2020-10-27T00,香港中央结算有限公司,增加,物产中大,89921515,0.02,18174855,2020-09-30T00
603160,2020-10-30T00,香港中央结算有限公司,增加,汇顶科技,11027641,0.02,779724,2020-09-30T00
300233,2020-10-28T00,香港中央结算有限公司,增加,金城医药,7029356,0.02,2602941,2020-09-30T00
600820,2020-10-28T00,香港中央结算有限公司,增加,隧道股份,53592249,0.02,7199262,2020-09-30T00
300058,2020-10-23T00,香港中央结算有限公司,增加,蓝色光标,35208164,0.02,6990862,2020-09-30T00
937,2020-10-28T00,香港中央结算有限公司,增加,冀中能源,63170538,0.02,23578492,2020-09-30T00
623,2020-10-31T00,香港中央结算有限公司,增加,吉林敖东,24095996,0.02,3933888,2020-09-30T00
2602,2020-10-31T00,香港中央结算有限公司,增加,世纪华通,86615081,0.02,3740026,2020-09-30T00
600138,2020-10-31T00,香港中央结算有限公司,增加,中青旅,14547831,0.02,4522407,2020-09-30T00
301,2020-10-31T00,香港中央结算有限公司,增加,东方盛虹,24410049,0.02,9443115,2020-09-30T00
568,2020-10-29T00,香港中央结算有限公司,增加,泸州老窖,32674928,0.02,3772477,2020-09-30T00
600000,2020-10-31T00,香港中央结算有限公司,增加,浦发银行,446131677,0.02,7900990,2020-09-30T00
719,2020-10-29T00,香港中央结算有限公司,新进,中原传媒,16089927,0.02,NULL,2020-09-30T00
601390,2020-10-31T00,香港中央结算有限公司,增加,中国中铁,324558206,0.02,53683988,2020-09-30T00
603298,2020-10-20T00,香港中央结算有限公司,增加,杭叉集团,15741010,0.02,5773014,2020-09-30T00
600642,2020-10-31T00,香港中央结算有限公司,增加,申能股份,79933125,0.02,4615237,2020-09-30T00
2024,2020-10-31T00,香港中央结算有限公司,增加,苏宁易购,168658025,0.02,13298109,2020-09-30T00
1696,2020-10-30T00,香港中央结算有限公司,增加,宗申动力,13587942,0.02,2246313,2020-09-30T00
600498,2020-10-31T00,香港中央结算有限公司,增加,烽火通信,22054100,0.02,386382,2020-09-30T00
600363,2020-10-31T00,香港中央结算有限公司,增加,联创光电,9846912,0.02,5552925,2020-09-30T00
998,2020-10-31T00,香港中央结算有限公司,增加,隆平高科,17904194,0.02,4684349,2020-09-30T00
600352,2020-10-27T00,香港中央结算有限公司,增加,浙江龙盛,62327895,0.02,9437605,2020-09-30T00
2595,2020-10-27T00,香港中央结算有限公司,新进,豪迈科技,10362615,0.02,NULL,2020-09-30T00
2292,2020-10-31T00,香港中央结算有限公司,新进,奥飞娱乐,12884609,0.02,NULL,2020-09-30T00
600742,2020-10-31T00,香港中央结算有限公司,增加,一汽富维,11988141,0.02,1782376,2020-09-30T00
2563,2020-10-28T00,香港中央结算有限公司,新进,森马服饰,38876785,0.02,NULL,2020-09-30T00
600643,2020-10-29T00,香港中央结算有限公司,增加,爱建集团,28665784,0.02,915463,2020-09-30T00
600325,2020-10-31T00,香港中央结算有限公司,增加,华发股份,39696339,0.02,12652156,2020-09-30T00
300357,2020-10-23T00,香港中央结算有限公司,增加,我武生物,9755931,0.02,1059513,2020-09-30T00
2641,2020-10-20T00,香港中央结算有限公司,新进,永高股份,21532807,0.02,NULL,2020-09-30T00
600985,2020-10-20T00,香港中央结算有限公司,增加,淮北矿业,15025901,0.02,2319651,2020-09-30T00
785,2020-10-31T00,香港中央结算有限公司,新进,居然之家,4501866,0.02,NULL,2020-09-30T00
600516,2020-10-31T00,香港中央结算有限公司,增加,方大炭素,59673893,0.02,263622,2020-09-30T00
300395,2020-10-27T00,香港中央结算有限公司,新进,菲利华,5519087,0.02,NULL,2020-09-30T00
2075,2020-10-26T00,香港中央结算有限公司,增加,沙钢股份,42802317,0.02,4303445,2020-09-30T00
300365,2020-10-24T00,香港中央结算有限公司,增加,恒华科技,5453601,0.02,611401,2020-09-30T00
600970,2020-10-27T00,香港中央结算有限公司,增加,中材国际,34456547,0.02,17750830,2020-10-16T00
2294,2020-10-23T00,香港中央结算有限公司,增加,信立泰,19364639,0.02,8593682,2020-09-30T00
601211,2020-10-29T00,香港中央结算有限公司,增加,国泰君安,134888063,0.02,2707742,2020-09-30T00
600260,2020-10-28T00,香港中央结算有限公司,增加,凯乐科技,22049003,0.02,2569728,2020-09-30T00
878,2020-10-27T00,香港中央结算有限公司,增加,云南铜业,31295325,0.02,2647729,2020-09-30T00
603517,2020-10-30T00,香港中央结算有限公司,增加,绝味食品,12738674,0.02,2222444,2020-09-30T00
603,2020-10-29T00,香港中央结算有限公司,新进,盛达资源,10990200,0.02,NULL,2020-09-30T00
600335,2020-10-29T00,香港中央结算有限公司,新进,国机汽车,13027018,0.01,NULL,2020-09-30T00
300324,2020-10-29T00,香港中央结算有限公司,新进,旋极信息,14349159,0.01,NULL,2020-09-30T00
601311,2020-10-23T00,香港中央结算有限公司,新进,骆驼股份,7461720,0.01,NULL,2020-09-30T00
300114,2020-10-28T00,香港中央结算有限公司,新进,中航电测,8229733,0.01,NULL,2020-09-30T00
601003,2020-10-28T00,香港中央结算有限公司,增加,柳钢股份,32171651,0.01,10127330,2020-09-30T00
2610,2020-10-28T00,香港中央结算有限公司,增加,爱康科技,42058855,0.01,24549334,2020-09-30T00
601198,2020-10-31T00,香港中央结算有限公司,增加,东兴证券,34734137,0.01,692922,2020-09-30T00
600500,2020-10-31T00,香港中央结算有限公司,增加,中化国际,20415358,0.01,2305391,2020-09-30T00
2839,2020-10-27T00,香港中央结算有限公司,新进,张家港行,15907871,0.01,NULL,2020-09-30T00
2673,2020-10-23T00,香港中央结算有限公司,增加,西部证券,39962388,0.01,5116052,2020-09-30T00
600577,2020-10-27T00,香港中央结算有限公司,增加,精达股份,17282549,0.01,10114846,2020-09-30T00
2022,2020-10-29T00,香港中央结算有限公司,新进,科华生物,6361432,0.01,NULL,2020-09-30T00
2303,2020-10-27T00,香港中央结算有限公司,增加,美盈森,7043124,0.01,1438440,2020-09-30T00
300319,2020-10-28T00,香港中央结算有限公司,新进,麦捷科技,6825283,0.01,NULL,2020-09-30T00
601619,2020-10-31T00,香港中央结算有限公司,增加,嘉泽新能,10808745,0.01,915722,2020-09-30T00
62,2020-10-28T00,香港中央结算有限公司,增加,深圳华强,6377711,0.01,447989,2020-09-30T00
2429,2020-10-20T00,香港中央结算有限公司,增加,兆驰股份,41054245,0.01,17472722,2020-09-30T00
300079,2020-10-22T00,香港中央结算有限公司,增加,数码科技,6948324,0.01,2585292,2020-09-30T00
600682,2020-10-30T00,香港中央结算有限公司,增加,南京新百,14756699,0.01,3975727,2020-09-30T00
2010,2020-10-20T00,香港中央结算有限公司,增加,传化智联,46632476,0.01,23171268,2020-09-30T00
603337,2020-10-31T00,香港中央结算有限公司,新进,杰克股份,5368617,0.01,NULL,2020-09-30T00
2461,2020-10-23T00,香港中央结算有限公司,增加,珠江啤酒,27526066,0.01,12179308,2020-09-30T00
601216,2020-10-30T00,香港中央结算有限公司,增加,君正集团,92513484,0.01,22634301,2020-09-30T00
600977,2020-10-30T00,香港中央结算有限公司,增加,中国电影,16700978,0.01,175900,2020-09-30T00
601801,2020-10-30T00,香港中央结算有限公司,新进,皖新传媒,16857668,0.01,NULL,2020-09-30T00
601238,2020-10-30T00,香港中央结算有限公司,增加,广汽集团,38696395,0.01,11431917,2020-09-30T00
300607,2020-10-28T00,香港中央结算有限公司,新进,拓斯达,1675221,0.01,NULL,2020-09-30T00
603766,2020-10-30T00,香港中央结算有限公司,增加,隆鑫通用,18862395,0.01,3822975,2020-09-30T00
600388,2020-10-31T00,香港中央结算有限公司,新进,龙净环保,14231930,0.01,NULL,2020-09-30T00
601600,2020-10-28T00,香港中央结算有限公司(A股),增加,中国铝业,132601961,0.01,1850905,2020-09-30T00
672,2020-10-29T00,香港中央结算有限公司,增加,上峰水泥,11543083,0.01,2385621,2020-09-30T00
881,2020-10-30T00,香港中央结算有限公司,增加,中广核技,9071895,0.01,544149,2020-09-30T00
300131,2020-10-20T00,香港中央结算有限公司,新进,英唐智控,5368431,0.01,NULL,2020-09-30T00
300429,2020-10-30T00,香港中央结算有限公司,增加,强力新材,4324729,0.01,2392376,2020-09-30T00
547,2020-10-26T00,香港中央结算有限公司,新进,航天发展,15199049,0.01,NULL,2020-09-30T00
2234,2020-10-22T00,香港中央结算有限公司,增加,民和股份,1101604,0.01,2759,2020-09-30T00
60,2020-10-29T00,香港中央结算有限公司,增加,中金岭南,51989320,0.01,11998580,2020-09-30T00
2013,2020-10-28T00,香港中央结算有限公司,增加,中航机电,55863511,0.01,19491211,2020-09-30T00
300398,2020-10-29T00,香港中央结算有限公司,新进,飞凯材料,2961496,0.01,NULL,2020-09-30T00
600021,2020-10-30T00,香港中央结算有限公司,增加,上海电力,24035275,0.01,1199028,2020-09-30T00
600685,2020-10-31T00,香港中央结算有限公司,增加,中船防务,6286052,0.01,3016498,2020-09-30T00
601858,2020-10-30T00,香港中央结算有限公司,增加,中国科传,6983978,0.01,5054571,2020-09-30T00
2421,2020-10-24T00,香港中央结算有限公司,增加,达实智能,11908867,0.01,1016215,2020-09-30T00
27,2020-10-29T00,香港中央结算有限公司,增加,深圳能源,41267031,0.01,3419812,2020-09-30T00
300783,2020-10-23T00,香港中央结算有限公司,增加,三只松鼠,2617903,0.01,1973512,2020-09-30T00
600372,2020-10-23T00,香港中央结算有限公司,增加,中航电子,24382714,0.01,710646,2020-09-30T00
2237,2020-10-23T00,香港中央结算有限公司,增加,恒邦股份,8246949,0.01,758412,2020-09-30T00
901,2020-10-31T00,香港中央结算有限公司,增加,航天科技,4991604,0.01,1341887,2020-09-30T00
600559,2020-10-29T00,香港中央结算有限公司,增加,老白干酒,7512333,0.01,1465829,2020-09-30T00
601200,2020-10-31T00,香港中央结算有限公司,增加,上海环境,9801240,0.01,3521176,2020-09-30T00
600874,2020-10-28T00,香港中央结算有限公司,增加,创业环保,8914396,0.01,2020380,2020-09-30T00
601669,2020-10-30T00,香港中央结算有限公司,增加,中国电建,161411629,0.01,1405277,2020-09-30T00
2204,2020-10-29T00,香港中央结算有限公司,增加,大连重工,20325019,0.01,10830541,2020-09-30T00
2505,2020-10-26T00,香港中央结算有限公司,增加,大康农业,36437296,0.01,4211954,2020-09-30T00
517,2020-10-29T00,香港中央结算有限公司,增加,荣安地产,24403354,0.01,12431000,2020-09-30T00
300085,2020-10-28T00,香港中央结算有限公司,增加,银之杰,5222757,0.01,1709907,2020-09-30T00
2097,2020-10-30T00,香港中央结算有限公司,增加,山河智能,4833858,0.01,346325,2020-09-30T00
2243,2020-10-28T00,香港中央结算有限公司,新进,通产丽星,2679846,0.01,NULL,2020-09-30T00
600622,2020-10-30T00,香港中央结算有限公司,新进,光大嘉宝,8364560,0.01,NULL,2020-09-30T00
2489,2020-10-30T00,香港中央结算有限公司,增加,浙江永强,24390419,0.01,5245182,2020-09-30T00
600973,2020-10-31T00,香港中央结算有限公司,增加,宝胜股份,18010880,0.01,286679,2020-09-30T00
600572,2020-10-28T00,香港中央结算有限公司,增加,康恩贝,28368282,0.01,695146,2020-09-30T00
2911,2020-10-24T00,香港中央结算有限公司,增加,佛燃能源,1801400,0.01,155029,2020-09-30T00
601992,2020-10-29T00,香港中央结算有限公司,增加,金隅集团,115475556,0.01,28162893,2020-09-30T00
601519,2020-10-31T00,香港中央结算有限公司,新进,大智慧,11795980,0.01,NULL,2020-09-30T00
738,2020-10-27T00,香港中央结算有限公司,增加,航发控制,12987109,0.01,748913,2020-09-30T00
2449,2020-10-23T00,香港中央结算有限公司,增加,国星光电,8135847,0.01,414589,2020-09-30T00
300287,2020-10-27T00,香港中央结算有限公司,新进,飞利信,15238252,0.01,NULL,2020-09-30T00
883,2020-10-29T00,香港中央结算有限公司,增加,湖北能源,58464397,0.01,11462345,2020-09-30T00
600223,2020-10-27T00,香港中央结算有限公司,增加,鲁商发展,8511005,0.01,2621554,2020-09-30T00
600056,2020-10-30T00,香港中央结算有限公司,增加,中国医药,12508381,0.01,1529228,2020-09-30T00
78,2020-10-27T00,香港中央结算有限公司,增加,海王生物,21406781,0.01,10262236,2020-09-30T00
300376,2020-10-27T00,香港中央结算有限公司,新进,易事特,16076735,0.01,NULL,2020-09-30T00
903,2020-10-15T00,香港中央结算有限公司,新进,云内动力,8957409,0.01,NULL,2020-09-30T00
2901,2020-10-23T00,香港中央结算有限公司,增加,大博医疗,4723446,0.01,557008,2020-09-30T00
600362,2020-10-31T00,香港中央结算有限公司,增加,江西铜业,27863518,0.01,7174781,2020-09-30T00
2491,2020-10-29T00,香港中央结算有限公司,增加,通鼎互联,11761827,0.01,6025087,2020-09-30T00
601111,2020-10-31T00,香港中央结算有限公司,增加,中国国航,97914561,0.01,29597118,2020-09-30T00
2239,2020-10-27T00,香港中央结算有限公司,新进,奥特佳,26544940,0.01,NULL,2020-09-30T00
600705,2020-10-30T00,香港中央结算有限公司,增加,中航资本,128312808,0.01,7315705,2020-09-30T00
2092,2020-10-28T00,香港中央结算有限公司,增加,中泰化学,24222268,0.01,6478730,2020-09-30T00
600073,2020-10-28T00,香港中央结算有限公司,增加,上海梅林,7145454,0.01,832150,2020-09-30T00
2518,2020-10-27T00,香港中央结算有限公司,新进,科士达,6805385,0.01,NULL,2020-09-30T00
600395,2020-10-31T00,香港中央结算有限公司,增加,盘江股份,18179666,0.01,6679967,2020-09-30T00
600863,2020-10-28T00,香港中央结算有限公司,增加,内蒙华电,51360360,0.01,2898502,2020-09-30T00
2434,2020-10-20T00,香港中央结算有限公司,新进,万里扬,17096581,0.01,NULL,2020-09-30T00
600987,2020-10-22T00,香港中央结算有限公司,增加,航民股份,10264260,0.01,955793,2020-09-30T00
936,2020-10-31T00,香港中央结算有限公司,增加,华西股份,7175301,0.01,3754853,2020-09-30T00
723,2020-10-30T00,香港中央结算有限公司,增加,美锦能源,49830152,0.01,16848456,2020-09-30T00
600567,2020-10-31T00,香港中央结算有限公司,增加,山鹰纸业,36860424,0.01,5470590,2020-09-30T00
601866,2020-10-31T00,香港中央结算有限公司,增加,中远海发,90210282,0.01,26597960,2020-09-30T00
603218,2020-10-20T00,香港中央结算有限公司,新进,日月股份,10597101,0.01,NULL,2020-09-30T00
601666,2020-10-22T00,香港中央结算有限公司,增加,平煤股份,27534099,0.01,17838583,2020-09-30T00
600326,2020-10-30T00,香港中央结算有限公司,增加,西藏天路,12659631,0.01,9082588,2020-09-30T00
2310,2020-10-31T00,香港中央结算有限公司,新进,东方园林,13202214,0.01,NULL,2020-09-30T00
2544,2020-10-28T00,香港中央结算有限公司,增加,杰赛科技,5719876,0.01,1905901,2020-09-30T00
600507,2020-10-28T00,香港中央结算有限公司,增加,方大特钢,20081999,0.01,5643860,2020-09-30T00
603357,2020-10-31T00,香港中央结算有限公司,增加,设计总院,4218026,0.01,2479319,2020-09-30T00
2424,2020-10-28T00,香港中央结算有限公司,增加,贵州百灵,10002158,0.01,5356396,2020-09-30T00
2276,2020-10-31T00,香港中央结算有限公司,新进,万马股份,6486173,0.01,NULL,2020-09-30T00
158,2020-10-29T00,香港中央结算有限公司,增加,常山北明,17208517,0.01,9147730,2020-09-30T00
970,2020-10-27T00,香港中央结算有限公司,增加,中科三环,9914382,0.01,2602833,2020-09-30T00
601077,2020-10-30T00,香港中央结算有限公司,增加,渝农商行,18563351,0.01,5085205,2020-09-30T00
603588,2020-10-30T00,香港中央结算有限公司,增加,高能环境,8803070,0.01,1901764,2020-09-30T00
600312,2020-10-27T00,香港中央结算有限公司,新进,平高电气,7617824,0.01,NULL,2020-09-30T00
46,2020-10-31T00,香港中央结算有限公司,增加,泛海控股,70500109,0.01,3602508,2020-09-30T00
600350,2020-10-30T00,香港中央结算有限公司,增加,山东高速,28393009,0.01,5874814,2020-09-30T00
300236,2020-10-30T00,香港中央结算有限公司,新进,上海新阳,1799443,0.01,NULL,2020-09-30T00
559,2020-10-26T00,香港中央结算有限公司,增加,万向钱潮,23957249,0.01,8952275,2020-09-30T00
600736,2020-10-31T00,香港中央结算有限公司,增加,苏州高新,6239237,0.01,427923,2020-09-30T00
889,2020-10-27T00,香港中央结算有限公司,增加,中嘉博创,8127530,0.01,750481,2020-09-30T00
300276,2020-10-30T00,香港中央结算有限公司,新进,三丰智能,7285756,0.01,NULL,2020-09-30T00
59,2020-10-30T00,香港中央结算有限公司,增加,华锦股份,14198241,0.01,1949462,2020-09-30T00
2498,2020-10-30T00,香港中央结算有限公司,增加,汉缆股份,20914417,0.01,2385091,2020-09-30T00
300072,2020-10-27T00,香港中央结算有限公司,增加,三聚环保,28142728,0.01,5750600,2020-09-30T00
2597,2020-10-31T00,香港中央结算有限公司,增加,金禾实业,8266461,0.01,1853136,2020-09-30T00
1872,2020-10-31T00,香港中央结算有限公司,增加,招商港口,2919222,0.01,1680243,2020-09-30T00
16,2020-10-31T00,香港中央结算有限公司,新进,深康佳A,8810290,0.01,NULL,2020-09-30T00
2768,2020-10-26T00,香港中央结算有限公司,新进,国恩股份,1550549,0.01,NULL,2020-09-30T00
2939,2020-10-27T00,香港中央结算有限公司,新进,长城证券,15440387,0.01,NULL,2020-09-30T00
959,2020-10-22T00,香港中央结算有限公司,增加,首钢股份,56400143,0.01,520437,2020-09-30T00
2128,2020-10-27T00,香港中央结算有限公司,增加,露天煤业,15315979,0.01,6860112,2020-09-30T00
601860,2020-10-31T00,香港中央结算有限公司,增加,紫金银行,11721977,0.01,1706488,2020-09-30T00
629,2020-10-27T00,香港中央结算有限公司,增加,攀钢钒钛,94268609,0.01,17972007,2020-09-30T00
735,2020-10-31T00,香港中央结算有限公司,增加,罗牛山,5843040,0.01,2438016,2020-09-30T00
600611,2020-10-31T00,香港中央结算有限公司,增加,大众交通,12154588,0.01,307016,2020-09-30T00
601088,2020-10-26T00,香港中央结算有限公司,增加,中国神华,108108786,0.01,6993729,2020-09-30T00
990,2020-10-22T00,香港中央结算有限公司,新进,诚志股份,11797771,0.01,NULL,2020-09-30T00
600057,2020-10-28T00,香港中央结算有限公司,新进,厦门象屿,29457655,0.01,NULL,2020-09-30T00
600639,2020-10-31T00,香港中央结算有限公司,增加,浦东金桥,6628859,0.01,486865,2020-09-30T00
603305,2020-10-20T00,香港中央结算有限公司,增加,旭升股份,2940688,0.01,1204271,2020-09-30T00
600068,2020-10-28T00,香港中央结算有限公司,增加,葛洲坝,62764130,0.01,2895926,2020-10-13T00
30,2020-10-29T00,香港中央结算有限公司,新进,富奥股份,9889544,0.01,NULL,2020-09-30T00
2838,2020-10-27T00,香港中央结算有限公司,新进,道恩股份,2448186,0.01,NULL,2020-09-30T00
603993,2020-10-14T00,香港中央结算有限公司,增加,洛阳钼业,251913500,0.01,8582600,2020-09-30T00
601618,2020-10-31T00,香港中央结算有限公司,增加,中国中冶,228847485,0.01,37100387,2020-09-30T00
300748,2020-10-30T00,香港中央结算有限公司,增加,金力永磁,853528,0,298649,2020-09-30T00
2955,2020-10-29T00,香港中央结算有限公司,新进,鸿合科技,344645,0,NULL,2020-09-30T00
600236,2020-10-31T00,香港中央结算有限公司,增加,桂冠电力,31734251,0,2564142,2020-09-30T00
935,2020-10-31T00,香港中央结算有限公司,增加,四川双马,2850430,0,550538,2020-09-30T00
601991,2020-10-31T00,香港中央结算有限公司,增加,大唐发电,24691683,0,658836,2020-09-30T00
2437,2020-10-28T00,香港中央结算有限公司,增加,誉衡药业,8946981,0,266836,2020-09-30T00
300322,2020-10-30T00,香港中央结算有限公司,新进,硕贝德,1856922,0,NULL,2020-09-30T00
2503,2020-10-28T00,香港中央结算有限公司,增加,搜于特,11546697,0,2822824,2020-09-30T00
2717,2020-10-31T00,香港中央结算有限公司,新进,岭南股份,5197961,0,NULL,2020-09-30T00
600738,2020-10-20T00,香港中央结算有限公司,新进,兰州民百,2638272,0,NULL,2020-09-30T00
2115,2020-10-30T00,香港中央结算有限公司,新进,三维通信,1812051,0,NULL,2020-09-30T00
601857,2020-10-30T00,香港中央结算有限公司,增加,中国石油,322347283,0,47649727,2020-09-30T00
600477,2020-10-30T00,香港中央结算有限公司,新进,杭萧钢构,9525512,0,NULL,2020-09-30T00
2672,2020-10-23T00,香港中央结算有限公司,新进,东江环保,2829023,0,NULL,2020-09-30T00
600120,2020-10-31T00,香港中央结算有限公司,新进,浙江东方,10381816,0,NULL,2020-09-30T00
2287,2020-10-23T00,香港中央结算有限公司,增加,奇正藏药,693212,0,108791,2020-09-30T00
875,2020-10-24T00,香港中央结算有限公司,增加,吉电股份,9892106,0,2078466,2020-09-30T00
600299,2020-10-30T00,香港中央结算有限公司,增加,安迪苏,11660556,0,6173227,2020-09-30T00
600072,2020-10-21T00,香港中央结算有限公司,增加,中船科技,3119835,0,656123,2020-09-30T00
600903,2020-10-27T00,香港中央结算有限公司,增加,贵州燃气,2990434,0,670357,2020-09-30T00
