600487,2020-04-30T00,香港中央结算有限公司,增加,亨通光电,35976837,0.02,6182949,2020-03-31T00
2596,2020-04-23T00,香港中央结算有限公司,增加,海南瑞泽,13696173,0.01,8098676,2020-03-31T00
601799,2020-04-18T00,香港中央结算有限公司,增加,星宇股份,6843089,0.02,1480314,2020-03-31T00
601100,2020-04-30T00,香港中央结算有限公司,增加,恒立液压,77920178,0.09,3181476,2020-03-31T00
600105,2020-04-30T00,香港中央结算有限公司,增加,永鼎股份,7305993,0.01,2318605,2020-03-31T00
603305,2020-04-21T00,香港中央结算有限公司,增加,旭升股份,1702149,0.02,679881,2020-03-31T00
600968,2020-04-28T00,香港中央结算有限公司,增加,海油发展,16406112,0.01,10751421,2020-03-31T00
603360,2020-04-28T00,香港中央结算有限公司,新进,百傲化学,2270811,0.01,NULL,2020-03-31T00
601128,2020-04-23T00,香港中央结算有限公司,增加,常熟银行,76829340,0.03,38900255,2020-03-31T00
300633,2020-04-22T00,香港中央结算有限公司,增加,开立医疗,4536227,0.02,578528,2020-03-31T00
625,2020-04-30T00,香港中央结算有限公司,增加,长安汽车,134769572,0.03,17072844,2020-03-31T00
2030,2020-04-30T00,香港中央结算有限公司,新进,达安基因,4653600,0.01,NULL,2020-03-31T00
2409,2020-04-28T00,香港中央结算有限公司,增加,雅克科技,6547259,0.03,2937551,2020-03-31T00
601668,2020-04-30T00,香港中央结算有限公司,增加,中国建筑,1213092224,0.03,347173077,2020-03-31T00
601949,2020-04-29T00,香港中央结算有限公司,增加,中国出版,2936927,0.01,313599,2020-03-31T00
603589,2020-04-28T00,香港中央结算有限公司,增加,口子窖,36420068,0.06,472285,2020-03-31T00
600236,2020-04-30T00,香港中央结算有限公司,增加,桂冠电力,33608722,0,6189050,2020-03-31T00
603707,2020-04-30T00,香港中央结算有限公司,增加,健友股份,7435201,0.02,1750949,2020-03-31T00
603713,2020-04-24T00,香港中央结算有限公司,新进,密尔克卫,11195723,0.16,NULL,2020-03-31T00
300352,2020-04-30T00,香港中央结算有限公司,新进,北信源,20085838,0.02,NULL,2020-03-31T00
2007,2020-04-08T00,香港中央结算有限公司,增加,华兰生物,69310669,0.06,22521157,2020-03-31T00
2064,2020-04-30T00,香港中央结算有限公司,增加,华峰氨纶,37639351,0.02,10229149,2020-03-31T00
300759,2020-04-29T00,香港中央结算有限公司,增加,康龙化成,5174541,0.02,3137512,2020-03-31T00
2677,2020-04-23T00,香港中央结算有限公司,增加,浙江美大,16538733,0.05,538967,2020-03-31T00
2074,2020-04-30T00,香港中央结算有限公司,增加,国轩高科,18005293,0.02,2978028,2020-03-31T00
600252,2020-04-30T00,香港中央结算有限公司,增加,中恒集团,27645386,0.01,466377,2020-03-31T00
603198,2020-04-25T00,香港中央结算有限公司,增加,迎驾贡酒,11841473,0.01,5209740,2020-03-31T00
600162,2020-04-30T00,香港中央结算有限公司,增加,香江控股,19437435,0.01,4439242,2020-03-31T00
2049,2020-04-24T00,香港中央结算有限公司,增加,紫光国微,8504759,0.01,1038783,2020-03-31T00
603983,2020-04-29T00,香港中央结算有限公司,增加,丸美股份,5089993,0.12,4497024,2020-03-31T00
601966,2020-04-22T00,香港中央结算有限公司,增加,玲珑轮胎,29560113,0.02,4461257,2020-03-31T00
600021,2020-04-28T00,香港中央结算有限公司,增加,上海电力,20962169,0.01,2011713,2020-03-31T00
600685,2020-04-30T00,香港中央结算有限公司,增加,中船防务,2880141,0,576265,2020-03-31T00
2127,2020-04-30T00,香港中央结算有限公司,增加,南极电商,67105570,0.04,3791701,2020-03-31T00
923,2020-04-28T00,香港中央结算有限公司,新进,河钢资源,1367158,0.01,NULL,2020-03-31T00
603808,2020-04-30T00,香港中央结算有限公司,增加,歌力思,8560326,0.03,2331805,2020-03-31T00
601186,2020-04-30T00,香港中央结算有限公司,增加,中国铁建,294168123,0.03,96172741,2020-03-31T00
600694,2020-04-30T00,香港中央结算有限公司,增加,大商股份,6104715,0.02,3129486,2020-03-31T00
300741,2020-04-25T00,香港中央结算有限公司,增加,华宝股份,4367961,0.04,1238188,2020-03-31T00
603098,2020-04-30T00,香港中央结算有限公司,新进,森特股份,1502215,0,NULL,2020-03-31T00
300244,2020-04-29T00,香港中央结算有限公司,增加,迪安诊断,63103919,0.14,11217171,2020-03-31T00
600315,2020-04-23T00,香港中央结算有限公司,增加,上海家化,15740271,0.02,1210609,2020-03-31T00
667,2020-04-30T00,香港中央结算有限公司,增加,美好置业,25587046,0.01,15194535,2020-03-31T00
603113,2020-04-30T00,香港中央结算有限公司,增加,金能科技,4101538,0.01,2167702,2020-03-31T00
800,2020-04-30T00,香港中央结算有限公司,增加,一汽解放,10048398,0.01,1565176,2020-03-31T00
601038,2020-04-24T00,香港中央结算有限公司,增加,一拖股份,6427953,0.01,3109771,2020-03-31T00
2081,2020-04-29T00,香港中央结算有限公司,增加,金螳螂,93235107,0.04,17856267,2020-03-31T00
878,2020-04-28T00,香港中央结算有限公司,增加,云南铜业,30972845,0.02,24061081,2020-03-31T00
600180,2020-04-30T00,香港中央结算有限公司,增加,瑞茂通,19743245,0.02,9085859,2020-03-31T00
975,2020-04-30T00,香港中央结算有限公司,新进,银泰黄金,19788044,0.02,NULL,2020-03-31T00
600763,2020-04-24T00,香港中央结算有限公司,增加,通策医疗,10174207,0.03,1772136,2020-03-31T00
603801,2020-04-28T00,香港中央结算有限公司,新进,志邦家居,8656211,0.08,NULL,2020-03-31T00
2168,2020-04-30T00,香港中央结算有限公司,增加,惠程科技,17426307,0.02,3739310,2020-03-31T00
603367,2020-04-29T00,香港中央结算有限公司,增加,辰欣药业,11021457,0.04,7976310,2020-03-31T00
488,2020-04-21T00,香港中央结算有限公司,增加,晨鸣纸业,18232012,0.01,4993549,2020-03-31T00
600438,2020-04-21T00,香港中央结算有限公司,增加,通威股份,106251393,0.02,47474337,2020-03-31T00
2123,2020-04-30T00,香港中央结算有限公司,增加,梦网集团,26479600,0.04,3023925,2020-03-31T00
600498,2020-04-30T00,香港中央结算有限公司,增加,烽火通信,21593504,0.02,4297552,2020-03-31T00
2777,2020-04-30T00,香港中央结算有限公司,新进,久远银海,3174302,0.02,NULL,2020-03-31T00
603733,2020-04-23T00,香港中央结算有限公司,增加,仙鹤股份,1580643,0.03,1209997,2020-03-31T00
601390,2020-04-30T00,香港中央结算有限公司,增加,中国中铁,234568551,0.01,23571539,2020-03-31T00
1872,2020-04-30T00,香港中央结算有限公司,新进,招商港口,1444562,0,NULL,2020-03-31T00
2555,2020-04-30T00,香港中央结算有限公司,增加,三七互娱,97024554,0.07,23231406,2020-03-31T00
300014,2020-04-25T00,香港中央结算有限公司,增加,亿纬锂能,19578529,0.02,1246509,2020-03-31T00
2399,2020-04-30T00,香港中央结算有限公司,增加,海普瑞,8957866,0.01,752604,2020-03-31T00
2180,2020-04-30T00,香港中央结算有限公司,增加,纳思达,15950749,0.02,4646966,2020-03-31T00
2797,2020-04-28T00,香港中央结算有限公司,增加,第一创业,58109485,0.02,2268146,2020-03-31T00
600297,2020-04-29T00,香港中央结算有限公司,新进,广汇汽车,115401585,0.01,NULL,2020-03-31T00
544,2020-04-30T00,香港中央结算有限公司,新进,中原环保,7227724,0.01,NULL,2020-03-31T00
600511,2020-04-24T00,香港中央结算有限公司,增加,国药股份,13668750,0.05,2561099,2020-03-31T00
603027,2020-04-25T00,香港中央结算有限公司,增加,千禾味业,25821257,0.06,10858494,2020-03-31T00
300357,2020-04-29T00,香港中央结算有限公司,增加,我武生物,9175044,0.02,1185476,2020-03-31T00
735,2020-04-30T00,香港中央结算有限公司,增加,罗牛山,22194055,0.02,17882607,2020-03-31T00
848,2020-04-25T00,香港中央结算有限公司,增加,承德露露,49412027,0.05,8903331,2020-03-31T00
601019,2020-04-30T00,香港中央结算有限公司,增加,山东出版,13146754,0.03,3073943,2020-03-31T00
300300,2020-04-30T00,香港中央结算有限公司,新进,汉鼎宇佑,4206618,0.01,NULL,2020-03-31T00
300504,2020-04-24T00,香港中央结算有限公司,增加,天邑股份,590530,0.01,295130,2020-03-31T00
2120,2020-04-30T00,香港中央结算有限公司,增加,韵达股份,38362200,0.02,10927296,2020-03-31T00
547,2020-04-30T00,香港中央结算有限公司,新进,航天发展,19953365,0.02,NULL,2020-03-31T00
600702,2020-04-29T00,香港中央结算有限公司,增加,舍得酒业,5649331,0.02,637778,2020-03-31T00
603339,2020-04-23T00,香港中央结算有限公司,新进,四方科技,2205702,0.01,NULL,2020-03-31T00
600693,2020-04-30T00,香港中央结算有限公司,增加,东百集团,11469848,0.01,4518491,2020-03-31T00
2568,2020-04-24T00,香港中央结算有限公司,增加,百润股份,19969384,0.06,1811813,2020-03-31T00
601158,2020-04-29T00,香港中央结算有限公司,增加,重庆水务,14191605,0,6787906,2020-03-31T00
603583,2020-04-21T00,香港中央结算有限公司,新进,捷昌驱动,1968613,0.02,NULL,2020-03-31T00
2234,2020-04-21T00,香港中央结算有限公司,增加,民和股份,3160264,0.02,862113,2020-03-31T00
2717,2020-04-30T00,香港中央结算有限公司,新进,岭南股份,7624492,0.01,NULL,2020-03-31T00
600809,2020-04-28T00,香港中央结算有限公司,增加,山西汾酒,28647588,0.03,4168214,2020-03-31T00
600132,2020-04-18T00,香港中央结算有限公司,增加,重庆啤酒,18231257,0.04,8249517,2020-03-31T00
603,2020-04-28T00,香港中央结算有限公司,新进,盛达资源,5102442,0.01,NULL,2020-03-31T00
883,2020-04-30T00,香港中央结算有限公司,增加,湖北能源,47444015,0.01,1609240,2020-03-31T00
528,2020-04-30T00,香港中央结算有限公司,增加,柳工,69517425,0.05,12371177,2020-03-31T00
2019,2020-04-30T00,香港中央结算有限公司,增加,亿帆医药,20015661,0.02,7504915,2020-03-31T00
603185,2020-04-15T00,香港中央结算有限公司,增加,上机数控,1308176,0.03,1057649,2020-03-31T00
603332,2020-04-28T00,香港中央结算有限公司,新进,苏州龙杰,315547,0.01,NULL,2020-03-31T00
603929,2020-04-30T00,香港中央结算有限公司,新进,亚翔集成,1083979,0.01,NULL,2020-03-31T00
600835,2020-04-29T00,香港中央结算有限公司,增加,上海机电,40260614,0.05,16351959,2020-03-31T00
300298,2020-04-29T00,香港中央结算有限公司,增加,三诺生物,38753248,0.09,12711208,2020-03-31T00
600273,2020-04-28T00,香港中央结算有限公司,增加,嘉化能源,16386092,0.01,2222909,2020-03-31T00
2051,2020-04-22T00,香港中央结算有限公司,新进,中工国际,4680497,0,NULL,2020-03-31T00
600348,2020-04-28T00,香港中央结算有限公司,增加,阳泉煤业,26857645,0.01,1889320,2020-03-31T00
959,2020-04-24T00,香港中央结算有限公司,新进,首钢股份,15238655,0,NULL,2020-03-31T00
600893,2020-04-28T00,香港中央结算有限公司,增加,航发动力,35001102,0.02,1216983,2020-03-31T00
961,2020-04-30T00,香港中央结算有限公司,增加,中南建设,63739156,0.02,17777511,2020-03-31T00
600197,2020-04-28T00,香港中央结算有限公司,增加,伊力特,7671293,0.02,1116348,2020-03-31T00
601985,2020-04-24T00,香港中央结算有限公司,增加,中国核电,172031887,0.01,18019706,2020-03-31T00
928,2020-04-30T00,香港中央结算有限公司,增加,中钢国际,5403681,0,489871,2020-03-31T00
300118,2020-04-25T00,香港中央结算有限公司,增加,东方日升,52139462,0.07,14132736,2020-03-31T00
600219,2020-04-29T00,香港中央结算有限公司,增加,南山铝业,326971941,0.03,93076200,2020-03-31T00
600577,2020-04-30T00,香港中央结算有限公司,增加,精达股份,13017750,0.01,773649,2020-03-31T00
601872,2020-04-30T00,香港中央结算有限公司,增加,招商轮船,116831833,0.02,33534645,2020-03-31T00
600368,2020-04-30T00,香港中央结算有限公司,增加,五洲交通,12851590,0.01,8344567,2020-03-31T00
537,2020-04-30T00,香港中央结算有限公司,增加,广宇发展,8273493,0.02,121053,2020-03-31T00
600933,2020-04-28T00,香港中央结算有限公司,增加,爱柯迪,9086280,0.03,3142119,2020-03-31T00
581,2020-04-30T00,香港中央结算有限公司,增加,威孚高科,68203004,0.08,3127073,2020-03-31T00
2755,2020-04-30T00,香港中央结算有限公司,增加,奥赛康,9111067,0.06,3692408,2020-03-31T00
600516,2020-04-30T00,香港中央结算有限公司,增加,方大炭素,44098738,0.02,5295075,2020-03-31T00
300559,2020-04-24T00,香港中央结算有限公司,新进,佳发教育,2084780,0.01,NULL,2020-03-31T00
300451,2020-04-25T00,香港中央结算有限公司,新进,创业慧康,7619962,0.01,NULL,2020-03-31T00
2080,2020-04-22T00,香港中央结算有限公司,新进,中材科技,27768196,0.02,NULL,2020-03-31T00
300183,2020-04-28T00,香港中央结算有限公司,新进,东软载波,6040975,0.02,NULL,2020-03-31T00
902,2020-04-30T00,香港中央结算有限公司,增加,新洋丰,15746876,0.01,3240259,2020-03-31T00
300498,2020-04-24T00,香港中央结算有限公司,增加,温氏股份,199390350,0.05,14462844,2020-03-31T00
2701,2020-04-30T00,香港中央结算有限公司,增加,奥瑞金,21474745,0.01,534464,2020-03-31T00
555,2020-04-15T00,香港中央结算有限公司,新进,神州信息,11764093,0.01,NULL,2020-03-31T00
1914,2020-04-30T00,香港中央结算有限公司,新进,招商积余,8936755,0.01,NULL,2020-03-31T00
603363,2020-04-10T00,香港中央结算有限公司,增加,傲农生物,5108353,0.03,1345242,2020-03-31T00
2602,2020-04-30T00,香港中央结算有限公司,新进,世纪华通,26647684,0.01,NULL,2020-03-31T00
603387,2020-04-30T00,香港中央结算有限公司,增加,基蛋生物,2734145,0.02,1834645,2020-03-31T00
600038,2020-04-30T00,香港中央结算有限公司,增加,中直股份,18919263,0.03,6867110,2020-03-31T00
603773,2020-04-29T00,香港中央结算有限公司,新进,沃格光电,615911,0.01,NULL,2020-03-31T00
603939,2020-04-15T00,香港中央结算有限公司,增加,益丰药房,50204978,0.14,3993717,2020-03-31T00
2690,2020-04-28T00,香港中央结算有限公司,增加,美亚光电,26244822,0.08,497551,2020-03-31T00
601989,2020-04-29T00,香港中央结算有限公司,增加,中国重工,263513993,0.01,5070856,2020-03-31T00
601901,2020-04-25T00,香港中央结算有限公司,增加,方正证券,1464344397,0.18,1391896,2020-03-31T00
2818,2020-04-24T00,香港中央结算有限公司,增加,富森美,6642793,0.02,1236335,2020-03-31T00
2223,2020-04-18T00,香港中央结算有限公司,增加,鱼跃医疗,36977076,0.04,12847535,2020-03-31T00
2155,2020-04-28T00,香港中央结算有限公司,增加,湖南黄金,10567649,0.01,2562206,2020-03-31T00
603259,2020-04-30T00,香港中央结算有限公司,增加,药明康德,97320393,0.1,39850678,2020-03-31T00
2681,2020-04-30T00,香港中央结算有限公司,新进,奋达科技,15080424,0.01,NULL,2020-03-31T00
2273,2020-04-29T00,香港中央结算有限公司,增加,水晶光电,20406506,0.02,1637342,2020-03-31T00
65,2020-04-20T00,香港中央结算有限公司,增加,北方国际,3548259,0.01,598147,2020-03-31T00
2204,2020-04-30T00,香港中央结算有限公司,增加,大连重工,11950263,0.01,3204418,2020-03-31T00
600392,2020-04-25T00,香港中央结算有限公司,增加,盛和资源,21572408,0.01,1032401,2020-03-31T00
603605,2020-04-23T00,香港中央结算有限公司,新进,珀莱雅,5432022,0.09,NULL,2020-03-31T00
603127,2020-04-30T00,香港中央结算有限公司,增加,昭衍新药,2990021,0.04,1196165,2020-03-31T00
603165,2020-04-30T00,香港中央结算有限公司,增加,荣晟环保,3307814,0.02,1863740,2020-03-31T00
2701,2020-04-30T00,香港中央结算有限公司,增加,奥瑞金,21474745,0.01,534464,2020-03-31T00
600566,2020-04-25T00,香港中央结算有限公司,增加,济川药业,15319021,0.02,5979382,2020-03-31T00
603060,2020-04-23T00,香港中央结算有限公司,新进,国检集团,2349087,0.01,NULL,2020-03-31T00
600975,2020-04-30T00,香港中央结算有限公司,新进,新五丰,4678344,0.01,NULL,2020-03-31T00
300236,2020-04-24T00,香港中央结算有限公司,增加,上海新阳,3068632,0.01,1855254,2020-03-31T00
603267,2020-04-28T00,香港中央结算有限公司,新进,鸿远电子,688836,0.02,NULL,2020-03-31T00
300297,2020-04-30T00,香港中央结算有限公司,增加,蓝盾股份,11029036,0.01,3987753,2020-03-31T00
2410,2020-04-24T00,香港中央结算有限公司,增加,广联达,129273648,0.14,20517484,2020-03-31T00
600436,2020-04-25T00,香港中央结算有限公司,增加,片仔癀,19974859,0.03,4395484,2020-03-31T00
300070,2020-04-29T00,香港中央结算有限公司,增加,碧水源,66749582,0.03,8001402,2020-03-31T00
300253,2020-04-25T00,香港中央结算有限公司,增加,卫宁健康,68077415,0.05,37055905,2020-03-31T00
300122,2020-04-29T00,香港中央结算有限公司,增加,智飞生物,60628797,0.07,2348903,2020-03-31T00
600160,2020-04-28T00,香港中央结算有限公司,增加,巨化股份,27423230,0.01,886577,2020-03-31T00
2212,2020-04-30T00,香港中央结算有限公司,增加,南洋股份,36163302,0.03,9571698,2020-03-31T00
300136,2020-04-17T00,香港中央结算有限公司,增加,信维通信,26729996,0.03,2604888,2020-03-31T00
600309,2020-04-25T00,香港中央结算有限公司,增加,万华化学,107354822,0.08,5322701,2020-03-31T00
861,2020-04-30T00,香港中央结算有限公司,增加,海印股份,10852503,0.01,3341253,2020-03-31T00
2681,2020-04-30T00,香港中央结算有限公司,新进,*ST奋达,15080424,0.01,NULL,2020-03-31T00
2423,2020-04-29T00,香港中央结算有限公司,新进,中粮资本,2760548,0.01,NULL,2020-03-31T00
1,2020-04-21T00,香港中央结算有限公司,增加,平安银行,1669875196,0.09,165464029,2020-03-31T00
603897,2020-04-29T00,香港中央结算有限公司,增加,长城科技,1042418,0.02,813983,2020-03-31T00
600667,2020-04-29T00,香港中央结算有限公司,增加,太极实业,45066549,0.02,7573444,2020-03-31T00
2481,2020-04-23T00,香港中央结算有限公司,新进,双塔食品,18133452,0.02,NULL,2020-03-31T00
300377,2020-04-28T00,香港中央结算有限公司,增加,赢时胜,8844340,0.02,3290513,2020-03-31T00
600522,2020-04-30T00,香港中央结算有限公司,增加,中天科技,65847188,0.02,28738008,2020-03-31T00
2242,2020-04-30T00,香港中央结算有限公司,增加,九阳股份,48956761,0.06,13589341,2020-03-31T00
2583,2020-04-30T00,香港中央结算有限公司,增加,海能达,27122461,0.03,5310269,2020-03-31T00
601698,2020-04-30T00,香港中央结算有限公司,增加,中国卫通,4801654,0.01,2772361,2020-03-31T00
2285,2020-04-25T00,香港中央结算有限公司,新进,世联行,18585904,0.01,NULL,2020-03-31T00
603579,2020-04-30T00,香港中央结算有限公司,增加,荣泰健康,3816305,0.03,1105431,2020-03-31T00
600062,2020-04-25T00,香港中央结算有限公司,增加,华润双鹤,50932962,0.05,7076487,2020-03-31T00
300699,2020-04-28T00,香港中央结算有限公司,增加,光威复材,4648185,0.01,531772,2020-03-31T00
600860,2020-04-30T00,香港中央结算有限公司,新进,*ST京城,7502797,0.02,NULL,2020-03-31T00
600073,2020-04-30T00,香港中央结算有限公司,新进,上海梅林,7256428,0.01,NULL,2020-03-31T00
601012,2020-04-23T00,香港中央结算有限公司,增加,隆基股份,149457974,0.04,5970960,2020-03-31T00
601003,2020-04-22T00,香港中央结算有限公司,增加,柳钢股份,12468825,0,963496,2020-03-31T00
603858,2020-04-28T00,香港中央结算有限公司,增加,步长制药,26850867,0.02,11687238,2020-03-31T00
2174,2020-04-30T00,香港中央结算有限公司,增加,游族网络,16306712,0.02,8490855,2020-03-31T00
937,2020-04-30T00,香港中央结算有限公司,增加,冀中能源,38129642,0.01,9546313,2020-03-31T00
50,2020-04-25T00,香港中央结算有限公司,增加,深天马A,23707097,0.01,224704,2020-03-31T00
720,2020-04-21T00,香港中央结算有限公司,新进,新能泰山,11601307,0.01,NULL,2020-03-31T00
600903,2020-04-21T00,香港中央结算有限公司,增加,贵州燃气,2153036,0,782976,2020-03-31T00
600486,2020-04-28T00,香港中央结算有限公司,增加,扬农化工,8610061,0.03,3583415,2020-03-31T00
601952,2020-04-30T00,香港中央结算有限公司,新进,苏垦农发,4537155,0.01,NULL,2020-03-31T00
603338,2020-04-30T00,香港中央结算有限公司,增加,浙江鼎力,18600453,0.05,2073379,2020-03-31T00
34,2020-04-30T00,香港中央结算有限公司,增加,神州数码,10069126,0.02,3138271,2020-03-31T00
601888,2020-04-23T00,香港中央结算有限公司,增加,中国国旅,279406648,0.14,34225096,2020-03-31T00
601117,2020-04-30T00,香港中央结算有限公司,增加,中国化学,413181345,0.08,100751541,2020-03-31T00
2938,2020-04-30T00,香港中央结算有限公司,增加,鹏鼎控股,17572029,0.07,4245010,2020-03-31T00
601360,2020-04-24T00,香港中央结算有限公司,增加,三六零,29025223,0.02,12642374,2020-03-31T00
300618,2020-04-24T00,香港中央结算有限公司,新进,寒锐钴业,3032856,0.02,NULL,2020-03-31T00
601107,2020-04-30T00,香港中央结算有限公司,增加,四川成渝,14140693,0.01,2717643,2020-03-31T00
2626,2020-04-30T00,香港中央结算有限公司,增加,金达威,7779728,0.01,2999100,2020-03-31T00
2402,2020-04-28T00,香港中央结算有限公司,增加,和而泰,9709249,0.01,4311846,2020-03-31T00
601808,2020-04-30T00,香港中央结算有限公司,增加,中海油服,33427896,0.01,3308421,2020-03-31T00
300073,2020-04-16T00,香港中央结算有限公司,增加,当升科技,15726977,0.04,1052299,2020-03-31T00
600639,2020-04-30T00,香港中央结算有限公司,新进,浦东金桥,4555764,0.01,NULL,2020-03-31T00
2941,2020-04-30T00,香港中央结算有限公司,新进,新疆交建,752600,0,NULL,2020-03-31T00
600201,2020-04-15T00,香港中央结算有限公司,增加,生物股份,171575702,0.15,52096034,2020-03-31T00
601828,2020-04-30T00,香港中央结算有限公司,增加,美凯龙,8141104,0.02,3148570,2020-03-31T00
601878,2020-04-29T00,香港中央结算有限公司,增加,浙商证券,21945294,0.02,163454,2020-03-31T00
2530,2020-04-28T00,香港中央结算有限公司,增加,金财互联,9375722,0.01,2900084,2020-03-31T00
300233,2020-04-28T00,香港中央结算有限公司,增加,金城医药,5752979,0.02,211651,2020-03-31T00
600206,2020-04-30T00,香港中央结算有限公司,新进,有研新材,3469250,0,NULL,2020-03-31T00
2368,2020-04-30T00,香港中央结算有限公司,增加,太极股份,7955330,0.02,2814384,2020-03-31T00
601688,2020-04-30T00,香港中央结算有限公司,增加,华泰证券,166795300,0.02,5032910,2020-03-31T00
603638,2020-04-30T00,香港中央结算有限公司,增加,艾迪精密,5400948,0.01,2285404,2020-03-31T00
600993,2020-04-25T00,香港中央结算有限公司,新进,马应龙,5751657,0.01,NULL,2020-03-31T00
300572,2020-04-29T00,香港中央结算有限公司,增加,安车检测,3706459,0.02,197331,2020-03-31T00
300682,2020-04-29T00,香港中央结算有限公司,增加,朗新科技,6681255,0.04,214191,2020-03-31T00
2643,2020-04-18T00,香港中央结算有限公司,新进,万润股份,10908367,0.01,NULL,2020-03-31T00
651,2020-04-30T00,香港中央结算有限公司,增加,格力电器,918660987,0.15,23788508,2020-03-31T00
600750,2020-04-25T00,香港中央结算有限公司,增加,江中药业,7949974,0.02,1620339,2020-03-31T00
600582,2020-04-28T00,香港中央结算有限公司,增加,天地科技,77325889,0.02,1875915,2020-03-31T00
800,2020-04-30T00,香港中央结算有限公司,增加,一汽轿车,10048398,0.01,1565176,2020-03-31T00
600872,2020-04-30T00,香港中央结算有限公司,增加,中炬高新,93314429,0.12,13058701,2020-03-31T00
300015,2020-04-29T00,香港中央结算有限公司,增加,爱尔眼科,278387860,0.11,41475536,2020-03-31T00
2436,2020-04-28T00,香港中央结算有限公司,新进,兴森科技,26820976,0.02,NULL,2020-03-31T00
603650,2020-04-30T00,香港中央结算有限公司,增加,彤程新材,2653494,0.02,910087,2020-03-31T00
603077,2020-04-29T00,香港中央结算有限公司,增加,和邦生物,191131419,0.02,5268187,2020-03-31T00
2916,2020-04-10T00,香港中央结算有限公司,增加,深南电路,12248865,0.12,3133487,2020-03-31T00
600460,2020-04-30T00,香港中央结算有限公司,增加,士兰微,13344126,0.01,949892,2020-03-31T00
600048,2020-04-30T00,香港中央结算有限公司,增加,保利地产,439698490,0.04,81299709,2020-03-31T00
603737,2020-04-10T00,香港中央结算有限公司,增加,三棵树,12733404,0.07,2623958,2020-03-31T00
600917,2020-04-30T00,香港中央结算有限公司,增加,重庆燃气,2317098,0,1298474,2020-03-31T00
2244,2020-04-30T00,香港中央结算有限公司,增加,滨江集团,83285276,0.03,17313691,2020-03-31T00
600406,2020-04-30T00,香港中央结算有限公司,增加,国电南瑞,295613944,0.1,3227663,2020-03-31T00
818,2020-04-10T00,香港中央结算有限公司,增加,航锦科技,6028424,0.01,861189,2020-03-31T00
592,2020-04-30T00,香港中央结算有限公司,增加,平潭发展,20684010,0.01,2881986,2020-03-31T00
600176,2020-04-25T00,香港中央结算有限公司,增加,中国巨石,176916027,0.05,524908,2020-03-31T00
603997,2020-04-30T00,香港中央结算有限公司,增加,继峰股份,13052290,0.02,10161242,2020-03-31T00
600312,2020-04-29T00,香港中央结算有限公司,增加,平高电气,9239076,0.01,518910,2020-03-31T00
2859,2020-04-15T00,香港中央结算有限公司,增加,洁美科技,16963984,0.15,5895064,2020-03-31T00
601319,2020-04-30T00,香港中央结算有限公司,增加,中国人保,33652305,0.01,19791408,2020-03-31T00
600161,2020-04-29T00,香港中央结算有限公司,增加,天坛生物,29744447,0.03,7570590,2020-03-31T00
603103,2020-04-29T00,香港中央结算有限公司,增加,横店影视,3203230,0.04,103932,2020-03-31T00
603871,2020-04-29T00,香港中央结算有限公司,增加,嘉友国际,511878,0.01,92816,2020-03-31T00
2367,2020-04-22T00,香港中央结算有限公司,增加,康力电梯,12726116,0.02,4910701,2020-03-31T00
601991,2020-04-30T00,香港中央结算有限公司,新进,大唐发电,24429909,0,NULL,2020-03-31T00
600183,2020-04-29T00,香港中央结算有限公司,增加,生益科技,102276637,0.04,2157230,2020-03-31T00
600502,2020-04-29T00,香港中央结算有限公司,增加,安徽建工,9958769,0.01,1394795,2020-03-31T00
2310,2020-04-30T00,香港中央结算有限公司,增加,东方园林,40426870,0.02,24517607,2020-03-31T00
600177,2020-04-30T00,香港中央结算有限公司,增加,雅戈尔,63673661,0.01,11572569,2020-03-31T00
600570,2020-04-28T00,香港中央结算有限公司,增加,恒生电子,40951778,0.05,14920734,2020-03-31T00
600015,2020-04-30T00,香港中央结算有限公司,增加,华夏银行,227214074,0.02,45558411,2020-03-31T00
603393,2020-04-29T00,香港中央结算有限公司,新进,新天然气,8855017,0.04,NULL,2020-03-31T00
603799,2020-04-16T00,香港中央结算有限公司,增加,华友钴业,28537879,0.03,375570,2020-03-31T00
2008,2020-04-30T00,香港中央结算有限公司,增加,大族激光,70942883,0.07,16357587,2020-03-31T00
2233,2020-04-21T00,香港中央结算有限公司,增加,塔牌集团,57350858,0.05,1012361,2020-03-31T00
600588,2020-04-30T00,香港中央结算有限公司,增加,用友网络,82919226,0.03,2766146,2020-03-31T00
603989,2020-04-30T00,香港中央结算有限公司,增加,艾华集团,8082782,0.02,1633777,2020-03-31T00
300529,2020-04-16T00,香港中央结算有限公司,增加,健帆生物,7956121,0.03,1990439,2020-03-31T00
601628,2020-04-24T00,香港中央结算有限公司,增加,中国人寿,61813182,0,7163018,2020-03-31T00
2675,2020-04-18T00,香港中央结算有限公司,增加,东诚药业,15832068,0.02,5405161,2020-03-31T00
300428,2020-04-16T00,香港中央结算有限公司,新进,四通新材,698260,0,NULL,2020-03-31T00
12,2020-04-30T00,香港中央结算有限公司,增加,南玻A,56039290,0.03,20714964,2020-03-31T00
969,2020-04-29T00,香港中央结算有限公司,增加,安泰科技,10809427,0.01,2390031,2020-03-31T00
600586,2020-04-30T00,香港中央结算有限公司,新进,金晶科技,3177629,0,NULL,2020-03-31T00
600756,2020-04-30T00,香港中央结算有限公司,增加,浪潮软件,5537080,0.02,3962719,2020-03-31T00
603659,2020-04-30T00,香港中央结算有限公司,增加,璞泰来,9495580,0.05,5208579,2020-03-31T00
300638,2020-04-25T00,香港中央结算有限公司,新进,广和通,261952,0.01,NULL,2020-03-31T00
603587,2020-04-30T00,香港中央结算有限公司,增加,地素时尚,8020400,0.08,2226474,2020-03-31T00
158,2020-04-25T00,香港中央结算有限公司,新进,常山北明,25084367,0.02,NULL,2020-03-31T00
600366,2020-04-28T00,香港中央结算有限公司,增加,宁波韵升,21785696,0.02,9937019,2020-03-31T00
600655,2020-04-24T00,香港中央结算有限公司,增加,豫园股份,61291867,0.04,6981112,2020-03-31T00
600897,2020-04-17T00,香港中央结算有限公司,增加,厦门空港,2632263,0.01,112779,2020-03-31T00
600284,2020-04-30T00,香港中央结算有限公司,增加,浦东建设,25682437,0.03,3917223,2020-03-31T00
300236,2020-04-24T00,香港中央结算有限公司,增加,上海新阳,3068632,0.01,1855254,2020-03-31T00
661,2020-04-22T00,香港中央结算有限公司,增加,长春高新,5948983,0.03,404872,2020-03-31T00
2796,2020-04-28T00,香港中央结算有限公司,新进,世嘉科技,1281247,0.01,NULL,2020-03-31T00
300751,2020-04-28T00,香港中央结算有限公司,新进,迈为股份,479963,0.02,NULL,2020-03-31T00
656,2020-04-14T00,香港中央结算有限公司,增加,金科股份,142032897,0.03,29734520,2020-03-31T00
300463,2020-04-24T00,香港中央结算有限公司,增加,迈克生物,20900641,0.06,6775063,2020-03-31T00
513,2020-04-21T00,香港中央结算有限公司,增加,丽珠集团,28762508,0.05,3999811,2020-03-31T00
600072,2020-04-30T00,香港中央结算有限公司,增加,中船科技,1966854,0,105818,2020-03-31T00
2745,2020-04-30T00,香港中央结算有限公司,增加,木林森,39662828,0.05,28199436,2020-03-31T00
672,2020-04-28T00,香港中央结算有限公司,增加,上峰水泥,16388472,0.02,6373810,2020-03-31T00
717,2020-04-30T00,香港中央结算有限公司,增加,韶钢松山,7602850,0,77641,2020-03-31T00
6,2020-04-30T00,香港中央结算有限公司,增加,深振业A,15203995,0.01,1332328,2020-03-31T00
600327,2020-04-28T00,香港中央结算有限公司,新进,大东方,1965881,0,NULL,2020-03-31T00
2405,2020-04-28T00,香港中央结算有限公司,增加,四维图新,30241425,0.02,9117021,2020-03-31T00
2444,2020-04-30T00,香港中央结算有限公司,增加,巨星科技,11052361,0.01,2041326,2020-03-31T00
564,2020-04-30T00,香港中央结算有限公司,新进,供销大集,17981591,0.01,NULL,2020-03-31T00
2023,2020-04-24T00,香港中央结算有限公司,增加,海特高新,7669620,0.01,1305419,2020-03-31T00
600597,2020-04-30T00,香港中央结算有限公司,增加,光明乳业,22553523,0.02,6408272,2020-03-31T00
2075,2020-04-25T00,香港中央结算有限公司,增加,沙钢股份,30439015,0.01,9332412,2020-03-31T00
423,2020-04-30T00,香港中央结算有限公司,增加,东阿阿胶,36088538,0.06,675153,2020-03-31T00
2001,2020-04-28T00,香港中央结算有限公司,增加,新和成,71501911,0.03,23341299,2020-03-31T00
600742,2020-04-24T00,香港中央结算有限公司,增加,一汽富维,6004776,0.01,1603664,2020-03-31T00
2326,2020-04-29T00,香港中央结算有限公司,新进,永太科技,5915762,0.01,NULL,2020-03-31T00
600489,2020-04-30T00,香港中央结算有限公司,增加,中金黄金,77916332,0.02,20833257,2020-03-31T00
600387,2020-04-30T00,香港中央结算有限公司,增加,海越能源,4337374,0.01,345599,2020-03-31T00
600587,2020-04-30T00,香港中央结算有限公司,增加,新华医疗,6724211,0.02,184194,2020-03-31T00
300188,2020-04-29T00,香港中央结算有限公司,增加,美亚柏科,8533636,0.01,2975344,2020-03-31T00
718,2020-04-29T00,香港中央结算有限公司,增加,苏宁环球,31992820,0.01,1952427,2020-03-31T00
300482,2020-04-21T00,香港中央结算有限公司,增加,万孚生物,15783811,0.07,6520578,2020-03-31T00
300755,2020-04-24T00,香港中央结算有限公司,新进,华致酒行,4317556,0.04,NULL,2020-03-31T00
2016,2020-04-29T00,香港中央结算有限公司,增加,世荣兆业,4229399,0.01,1214544,2020-03-31T00
300429,2020-04-28T00,香港中央结算有限公司,增加,强力新材,2415285,0.01,375534,2020-03-31T00
300033,2020-04-28T00,香港中央结算有限公司,增加,同花顺,14181377,0.05,6239928,2020-03-31T00
963,2020-04-30T00,香港中央结算有限公司,增加,华东医药,43297248,0.02,6510528,2020-03-31T00
600668,2020-04-28T00,香港中央结算有限公司,增加,尖峰集团,2381349,0.01,985074,2020-03-31T00
2078,2020-04-30T00,香港中央结算有限公司,增加,太阳纸业,40291231,0.02,1760356,2020-03-31T00
300567,2020-04-30T00,香港中央结算有限公司,增加,精测电子,6042510,0.04,2002931,2020-03-31T00
2093,2020-04-25T00,香港中央结算有限公司,新进,国脉科技,3629228,0,NULL,2020-03-31T00
600305,2020-04-28T00,香港中央结算有限公司,增加,恒顺醋业,15182127,0.02,5643564,2020-03-31T00
600826,2020-04-30T00,香港中央结算有限公司,增加,兰生股份,4192224,0.01,1781649,2020-03-31T00
601788,2020-04-29T00,香港中央结算有限公司,增加,光大证券,72215537,0.02,5662528,2020-03-31T00
603708,2020-04-22T00,香港中央结算有限公司,增加,家家悦,18133010,0.03,6566087,2020-03-31T00
540,2020-04-30T00,香港中央结算有限公司,增加,中天金融,25939520,0,3019446,2020-03-31T00
600299,2020-04-23T00,香港中央结算有限公司,增加,安迪苏,3650981,0,554042,2020-03-31T00
300558,2020-04-23T00,香港中央结算有限公司,增加,贝达药业,9530492,0.03,2244598,2020-03-31T00
600795,2020-04-30T00,香港中央结算有限公司,增加,国电电力,312209524,0.02,35980657,2020-03-31T00
600171,2020-04-25T00,香港中央结算有限公司,增加,上海贝岭,3668733,0.01,532037,2020-03-31T00
601619,2020-04-25T00,香港中央结算有限公司,增加,嘉泽新能,7859148,0.02,5152072,2020-03-31T00
8,2020-04-30T00,香港中央结算有限公司,增加,神州高铁,23927093,0.01,4995628,2020-03-31T00
2439,2020-04-30T00,香港中央结算有限公司,增加,启明星辰,96676050,0.14,15010887,2020-03-31T00
936,2020-04-30T00,香港中央结算有限公司,增加,华西股份,9321977,0.01,2686930,2020-03-31T00
600754,2020-04-30T00,香港中央结算有限公司,新进,锦江酒店,12526328,0.02,NULL,2020-03-31T00
300136,2020-04-17T00,香港中央结算有限公司,增加,信维通信,26729996,0.03,2604888,2020-03-31T00
603888,2020-04-29T00,香港中央结算有限公司,新进,新华网,4195614,0.01,NULL,2020-03-31T00
2901,2020-04-25T00,香港中央结算有限公司,增加,大博医疗,3344082,0.08,1049752,2020-03-31T00
2303,2020-04-23T00,香港中央结算有限公司,新进,美盈森,11707198,0.01,NULL,2020-03-31T00
603080,2020-04-28T00,香港中央结算有限公司,新进,新疆火炬,1713548,0.02,NULL,2020-03-31T00
860,2020-04-28T00,香港中央结算有限公司,增加,顺鑫农业,48335423,0.07,18282483,2020-03-31T00
300284,2020-04-28T00,香港中央结算有限公司,新进,苏交科,11390989,0.02,NULL,2020-03-31T00
603108,2020-04-30T00,香港中央结算有限公司,新进,润达医疗,15685263,0.03,NULL,2020-03-31T00
601108,2020-04-25T00,香港中央结算有限公司,新进,财通证券,40372881,0.02,NULL,2020-03-31T00
600007,2020-04-30T00,香港中央结算有限公司,增加,中国国贸,28138244,0.03,2152747,2020-03-31T00
2460,2020-04-30T00,香港中央结算有限公司,增加,赣锋锂业,34207312,0.04,16004801,2020-03-31T00
300142,2020-04-25T00,香港中央结算有限公司,增加,沃森生物,89843747,0.06,30789498,2020-03-31T00
600845,2020-04-22T00,香港中央结算有限公司,增加,宝信软件,14535296,0.02,3722197,2020-03-31T00
2314,2020-04-30T00,香港中央结算有限公司,增加,南山控股,10031607,0.01,4771060,2020-03-31T00
600637,2020-04-30T00,香港中央结算有限公司,增加,东方明珠,51321068,0.02,4410919,2020-03-31T00
603228,2020-04-23T00,香港中央结算有限公司,增加,景旺电子,4046998,0.01,143802,2020-03-31T00
300628,2020-04-15T00,香港中央结算有限公司,增加,亿联网络,23531166,0.12,9630367,2020-03-31T00
989,2020-04-30T00,香港中央结算有限公司,新进,九芝堂,6580273,0.01,NULL,2020-03-31T00
600738,2020-04-30T00,香港中央结算有限公司,增加,兰州民百,3448666,0.01,783018,2020-03-31T00
2376,2020-04-22T00,香港中央结算有限公司,增加,新北洋,13469899,0.02,4643167,2020-03-31T00
2490,2020-04-30T00,香港中央结算有限公司,新进,山东墨龙,2054631,0,NULL,2020-03-31T00
600285,2020-04-29T00,香港中央结算有限公司,增加,羚锐制药,42173248,0.07,9673920,2020-03-31T00
66,2020-04-30T00,香港中央结算有限公司,增加,中国长城,41000295,0.02,4925668,2020-03-31T00
876,2020-04-30T00,香港中央结算有限公司,增加,新希望,99089553,0.02,1054179,2020-03-31T00
601766,2020-04-30T00,香港中央结算有限公司,增加,中国中车,363833060,0.01,25468166,2020-03-31T00
603603,2020-04-30T00,香港中央结算有限公司,增加,博天环境,1616030,0.01,179887,2020-03-31T00
2281,2020-04-30T00,香港中央结算有限公司,增加,光迅科技,10091633,0.02,945180,2020-03-31T00
2739,2020-04-30T00,香港中央结算有限公司,增加,万达电影,24418581,0.01,9162033,2020-03-31T00
600378,2020-04-30T00,香港中央结算有限公司,新进,昊华科技,2081408,0.01,NULL,2020-03-31T00
603317,2020-04-28T00,香港中央结算有限公司,新进,天味食品,1260190,0.03,NULL,2020-03-31T00
300748,2020-04-28T00,香港中央结算有限公司,新进,金力永磁,1244024,0,NULL,2020-03-31T00
63,2020-04-25T00,香港中央结算有限公司,增加,中兴通讯,69739888,0.02,1871582,2020-03-31T00
2815,2020-04-30T00,香港中央结算有限公司,增加,崇达技术,5085707,0.01,1657929,2020-03-31T00
2911,2020-04-29T00,香港中央结算有限公司,增加,佛燃能源,1755362,0.01,484955,2020-03-31T00
2746,2020-04-28T00,香港中央结算有限公司,新进,仙坛股份,4324033,0.01,NULL,2020-03-31T00
300146,2020-04-28T00,香港中央结算有限公司,增加,汤臣倍健,45599915,0.05,17375580,2020-03-31T00
603298,2020-04-24T00,香港中央结算有限公司,新进,杭叉集团,3933302,0.01,NULL,2020-03-31T00
980,2020-04-30T00,香港中央结算有限公司,新进,众泰汽车,11623283,0.01,NULL,2020-03-31T00
708,2020-04-22T00,香港中央结算有限公司,新进,中信特钢,6577105,0.01,NULL,2020-03-31T00
2511,2020-04-30T00,香港中央结算有限公司,增加,中顺洁柔,102418004,0.08,11473541,2020-03-31T00
603712,2020-04-28T00,香港中央结算有限公司,新进,七一二,9342176,0.03,NULL,2020-03-31T00
600745,2020-04-30T00,香港中央结算有限公司,增加,闻泰科技,10602894,0.02,1350830,2020-03-31T00
603669,2020-04-22T00,香港中央结算有限公司,增加,灵康药业,4441693,0.01,1767516,2020-03-31T00
980,2020-04-30T00,香港中央结算有限公司,新进,*ST众泰,11623283,0.01,NULL,2020-03-31T00
603007,2020-04-30T00,香港中央结算有限公司,增加,花王股份,3445358,0.01,1845326,2020-03-31T00
300454,2020-04-25T00,香港中央结算有限公司,增加,深信服,13267809,0.06,6754227,2020-03-31T00
300315,2020-04-29T00,香港中央结算有限公司,增加,掌趣科技,39894173,0.02,10255973,2020-03-31T00
601727,2020-04-30T00,香港中央结算有限公司,增加,上海电气,91169197,0.01,7791388,2020-03-31T00
300685,2020-04-21T00,香港中央结算有限公司,增加,艾德生物,2973150,0.03,719086,2020-03-31T00
2635,2020-04-30T00,香港中央结算有限公司,增加,安洁科技,6549986,0.02,2079927,2020-03-31T00
429,2020-04-29T00,香港中央结算有限公司,新进,粤高速A,18408606,0.01,NULL,2020-03-31T00
600623,2020-04-30T00,香港中央结算有限公司,增加,华谊集团,8162425,0,2125863,2020-03-31T00
688,2020-04-10T00,香港中央结算有限公司,新进,国城矿业,5156571,0,NULL,2020-03-31T00
603882,2020-04-28T00,香港中央结算有限公司,增加,金域医学,15553838,0.06,2190022,2020-03-31T00
2798,2020-04-30T00,香港中央结算有限公司,增加,帝欧家居,7044033,0.03,1450371,2020-03-31T00
600711,2020-04-30T00,香港中央结算有限公司,增加,盛屯矿业,13913260,0.01,7579253,2020-03-31T00
603959,2020-04-30T00,香港中央结算有限公司,增加,百利科技,2407881,0.01,326256,2020-03-31T00
2508,2020-04-28T00,香港中央结算有限公司,增加,老板电器,138132459,0.15,3057062,2020-03-31T00
2237,2020-04-21T00,香港中央结算有限公司,新进,恒邦股份,8747772,0.01,NULL,2020-03-31T00
2271,2020-04-29T00,香港中央结算有限公司,增加,东方雨虹,137169154,0.13,2776800,2020-03-31T00
300770,2020-04-18T00,香港中央结算有限公司,新进,新媒股份,596107,0.02,NULL,2020-03-31T00
938,2020-04-25T00,香港中央结算有限公司,增加,紫光股份,31774019,0.02,2982536,2020-03-31T00
799,2020-04-17T00,香港中央结算有限公司,新进,酒鬼酒,4158667,0.01,NULL,2020-03-31T00
601111,2020-04-30T00,香港中央结算有限公司,增加,中国国航,74660584,0.01,14540885,2020-03-31T00
600536,2020-04-30T00,香港中央结算有限公司,增加,中国软件,7829886,0.02,975375,2020-03-31T00
2572,2020-04-22T00,香港中央结算有限公司,增加,索菲亚,141460114,0.22,5575809,2020-03-31T00
601068,2020-04-22T00,香港中央结算有限公司,增加,中铝国际,5234209,0.02,1741767,2020-03-31T00
603569,2020-04-30T00,香港中央结算有限公司,增加,长久物流,1142545,0,184790,2020-03-31T00
