./test/find_miss/cha2.txt
./test/find_miss/chaji.txt
./test/find_miss/stock_list.txt
./test/find_miss/cha1.txt
./test/find_miss/jijin.txt
./test/old/test.txt
./test/old/test1.txt
./test/old/dzh.txt
./test/old/bankuai_20200204.txt
./test/oumei_future/IF_2020-03-18.txt
./test/oumei_future/IF.txt
./test/a.log
./online/download/day_history/stock_list.txt
./shell_function/find_miss_data/stock_list.txt
./shell_function/find_miss_data/jijin.txt
./shell_function/empty_dir/empty_folder.txt
./download/important_owner/data.txt
./download/day_history_wangyi/old/stock_list.txt
./download/day_history_wangyi/a.log
./download/day_history_wangyi/run_main_day_history_wangyi_20201207_173204_shell.log
./download/gainian/test/gainian_list.csv
./download/gainian/test/valid_url.txt
./download/gainian/test/gainian_list_bankuai.csv
./download/gainian/test/a.log
./download/gainian/gainian/gainian.txt
./download/gainian/gainian/test.csv
./download/gainian/gainian/gainian_list_gainian.csv
./download/gainian/gainian/a.log
./download/gainian/bankuai/gainian.txt
./download/gainian/bankuai/gainian_list_bankuai.csv
./download/fenhong/download_fenhong_20200115_115013_python.log
./download/SH_50index/SH_50index.csv
./download/liutong_owner/stock_list.txt
./download/DADAN_offline/a.log
./download/jiesuan/jiesuan.txt
./download/jiesuan/url1.txt
./download/jijin/run_main_jijin_20201207_142330_shell.log
./download/jijin/old/stock_list.txt
./download/jijin/old/pidfile.txt
./download/jijin/download_data/stock_list.txt
./download/DFCF/zijingliuru_bankuai/data_2020-02-25.txt
./download/DFCF/zijingliuru_bankuai/old/data_2020-02-23.txt
./download/DFCF/gainian/gainian.txt
./download/DFCF/gainian/old/gainian.txt
./download/DFCF/gainian/run_download_gainian_20200221_032554_shell.log
./download/DFCF/jinzichan_get/jinzichan_ratio.txt
./download/DFCF/dazongjiaoyi/test.txt
./download/DFCF/dazongjiaoyi/dazongjiaoyi.txt
./download/DFCF/gonggao/jijin_hetong.txt
./download/DFCF/jijin_num/jijin_num.txt
./download/fushi_a50/a50_2020-03-10.txt
./download/fushi_a50/data_out.txt
./download/fushi_a50/a50.txt
./download/baostock/test/year.txt
./download/baostock/stock_list.txt
./download/baostock/download_data/stock_list.txt
./download/news_report/stock_list.txt
./download/news_report/download.log
./download/SH_index_RT/test/SH_index_RT_2020-03-19.txt
./download/SH_index_RT/test/data_out.txt
./download/SH_index_RT/test/a.log
./download/SH_index_RT/data_out_a50.txt
./download/SH_index_RT/data_out.txt
./download/SH_index_RT/index_amount/data_out.txt
./download/financial_report/v1/stock_list.txt
./download/financial_report/old/stock_list.txt
./download/financial_report/old/pidfile.txt
./download/financial_report/download_data/stock_list.txt
./lab/zhihu/v1/ghostdriver.log
./lab/zhihu/v1/pidfile.txt
./lab/Fork_fork/ff.log
./lab/lstm/test.csv
./lab/lstm/v1/test.csv
./lab/lstm/v2/test_high.csv
./lab/lstm/v2/test3.csv
./lab/lstm/v2/test.csv
./lab/lstm/v2/test2.csv
./lab/lstm/v2/test_raw_close.csv
./lab/lstm/v2/test_close.csv
./lab/translate/trans.txt
./lab/stockstats/test.csv
./lab/stockstats/v1/test.csv
./kill_webcontent/pidfile.txt
./functions/stock_feature/df_stock_feature_kdjs.csv
./analysis/important_owner/slope_owner_increase/data_slope_60.csv
./analysis/important_owner/slope_owner_increase/data_slope_30.csv
./analysis/important_owner/slope_owner_increase/data_slope.csv
./analysis/important_owner/stock_index_list.csv
./analysis/important_owner/owner_change.csv
./analysis/important_owner/grep_data/owner_change.csv
./analysis/day_history_wangyi/v1/stock_list.txt
./analysis/day_history_wangyi/v1/wy_kdj.csv
./analysis/day_history_wangyi/stock_list.txt
./analysis/day_history_wangyi/wy_kdj.csv
./analysis/gainian/all.csv
./analysis/gainian/run_scala_insert_20200309_141905_shell.log
./analysis/gainian/run_scala_insert_20200309_122005_shell.log
./analysis/gainian/run_scala_insert_20200309_134055_shell.log
./analysis/YeJiYuQi/shell/THIS.log
./analysis/YeJiYuQi/yeji_out_2020-09-07.csv
./analysis/YeJiYuQi/a.log
./analysis/tmp/owner_list.csv
./analysis/tmp/a.log
./analysis/JiGouDiaoYan/shell/jgdy_cnt.csv
./analysis/JiGouDiaoYan/shell/a.log
./analysis/SH_50index/SH_50index_sort.csv
./analysis/bankuai/bankuai_test_data.csv
./analysis/liutong_owner/shell/compare.log
./analysis/liutong_owner/sql/a.log
./analysis/dazongjiaoyi/shell/THIS.log
./analysis/dazongjiaoyi/dazongjiaoyi_stock_list.csv
./analysis/dazongjiaoyi/a.log
./analysis/dadan_DFCF/shell/THIS.log
./analysis/dadan_DFCF/shell/test.log
./analysis/jijin/test.csv
./analysis/jijin/shell/THIS.log
./analysis/day_history/select_long_data/test.log
./analysis/day_history/linear_reg/v1/spark_select_data.csv
./analysis/day_history/predNextDayLow/pred.log
./analysis/day_history/predNextDayLow/pred.csv
./analysis/day_history/v0.1/slope.csv
./analysis/day_history/compare_with_SHindex/run.log
./analysis/day_history/compare_with_SHindex/SH_50index_sort.csv
./analysis/day_history/k_line/cluster/k_type_10.csv
./analysis/day_history/k_line/cluster/cluster_11_1.csv
./analysis/day_history/k_line/cut_klines/df_pca.csv
./analysis/day_history/k_line/cut_klines/df_corr_slope.csv
./analysis/stock_feature/df_stock_feature_kdjs.csv
./analysis/stock_feature/DADAN/test2.csv
./analysis/stock_feature/feature_center/run.log
./analysis/stock_feature/feature_center/tt.csv
./analysis/stock_feature/feature_center/model_out.txt
./analysis/stock_feature/python/a.log
./analysis/checkData/combine_log/log_list.txt
./analysis/checkData/data.log
./analysis/DADAN/v1/DADAN_sample.csv
./analysis/DADAN/DADAN_sample.csv
./analysis/baostock/slope.txt
./analysis/baostock/feature_slope/jijin_slope.txt
./analysis/baostock/feature_slope/df_avg_slope.csv
./analysis/news_report/grep_data/huigou_out_data.csv
./analysis/news_report/grep_data/huigou_slope.csv
./analysis/news_report/grep_data/old/qingneng.txt
./analysis/news_report/grep_data/grep.log
./analysis/news_report/grep_data/huigou.csv
./analysis/feature_center/dadan/dadan_data.csv
./analysis/feature_center/dadan/dadan_slope.csv
./analysis/feature_center/liutong_owner/liutong_data.csv
./analysis/feature_center/liutong_owner/liutong_owner_slope.csv
./analysis/feature_center/liutong_owner/hk_increase_slope.csv
./analysis/feature_center/liutong_owner/hk_increase.csv
./analysis/feature_center/rolling_regression/stock_list.txt
./analysis/feature_center/jijin/shell/THIS.log
./analysis/fin_report/v1/a.log
./analysis/fin_report/featureSelection/feature_out.log
./analysis/fin_report/v2/fin_report_test.csv
./analysis/SH_index/classification/a.log
