liutong_owner
2020-12-01 19:02:36,790 - davidyu_cfg.py[line:39] - INFO: load log module
2020-12-01 19:02:36,808 - davidyu_cfg.py[line:41] - INFO: load data_dir module
2020-12-01 19:02:36,809 - davidyu_cfg.py[line:43] - INFO: load make_dir module
2020-12-01 19:02:46,792 - davidyu_cfg.py[line:39] - INFO: load log module
2020-12-01 19:02:46,810 - davidyu_cfg.py[line:41] - INFO: load data_dir module
2020-12-01 19:02:46,811 - davidyu_cfg.py[line:43] - INFO: load make_dir module
2020-12-01 19:02:57,428 - davidyu_cfg.py[line:39] - INFO: load log module
2020-12-01 19:02:57,447 - davidyu_cfg.py[line:41] - INFO: load data_dir module
2020-12-01 19:02:57,447 - davidyu_cfg.py[line:43] - INFO: load make_dir module
2020-12-01 19:03:07,367 - davidyu_cfg.py[line:39] - INFO: load log module
2020-12-01 19:03:07,385 - davidyu_cfg.py[line:41] - INFO: load data_dir module
2020-12-01 19:03:07,385 - davidyu_cfg.py[line:43] - INFO: load make_dir module
2020-12-01 19:03:18,491 - davidyu_cfg.py[line:39] - INFO: load log module
2020-12-01 19:03:18,510 - davidyu_cfg.py[line:41] - INFO: load data_dir module
2020-12-01 19:03:18,510 - davidyu_cfg.py[line:43] - INFO: load make_dir module
2020-12-01 19:03:28,594 - davidyu_cfg.py[line:39] - INFO: load log module
2020-12-01 19:03:28,613 - davidyu_cfg.py[line:41] - INFO: load data_dir module
2020-12-01 19:03:28,613 - davidyu_cfg.py[line:43] - INFO: load make_dir module
2020-12-01 19:03:40,366 - davidyu_cfg.py[line:39] - INFO: load log module
2020-12-01 19:03:40,400 - davidyu_cfg.py[line:41] - INFO: load data_dir module
2020-12-01 19:03:40,400 - davidyu_cfg.py[line:43] - INFO: load make_dir module
2020-12-01 19:03:51,684 - davidyu_cfg.py[line:39] - INFO: load log module
2020-12-01 19:03:51,704 - davidyu_cfg.py[line:41] - INFO: load data_dir module
2020-12-01 19:03:51,705 - davidyu_cfg.py[line:43] - INFO: load make_dir module
2020-12-01 19:03:55,020 - dammit.py[line:381] - WARNING: Some characters could not be decoded, and were replaced with REPLACEMENT CHARACTER.
2020-12-01 19:04:02,800 - davidyu_cfg.py[line:39] - INFO: load log module
2020-12-01 19:04:02,819 - davidyu_cfg.py[line:41] - INFO: load data_dir module
2020-12-01 19:04:02,820 - davidyu_cfg.py[line:43] - INFO: load make_dir module
2020-12-01 19:04:12,084 - davidyu_cfg.py[line:39] - INFO: load log module
2020-12-01 19:04:12,103 - davidyu_cfg.py[line:41] - INFO: load data_dir module
2020-12-01 19:04:12,104 - davidyu_cfg.py[line:43] - INFO: load make_dir module
2020-12-01 19:04:21,014 - davidyu_cfg.py[line:39] - INFO: load log module
2020-12-01 19:04:21,033 - davidyu_cfg.py[line:41] - INFO: load data_dir module
2020-12-01 19:04:21,033 - davidyu_cfg.py[line:43] - INFO: load make_dir module
2020-12-01 19:04:29,971 - davidyu_cfg.py[line:39] - INFO: load log module
2020-12-01 19:04:29,990 - davidyu_cfg.py[line:41] - INFO: load data_dir module
2020-12-01 19:04:29,990 - davidyu_cfg.py[line:43] - INFO: load make_dir module
2020-12-01 19:04:42,641 - davidyu_cfg.py[line:39] - INFO: load log module
2020-12-01 19:04:42,659 - davidyu_cfg.py[line:41] - INFO: load data_dir module
2020-12-01 19:04:42,660 - davidyu_cfg.py[line:43] - INFO: load make_dir module
2020-12-01 19:04:52,402 - davidyu_cfg.py[line:39] - INFO: load log module
2020-12-01 19:04:52,421 - davidyu_cfg.py[line:41] - INFO: load data_dir module
2020-12-01 19:04:52,421 - davidyu_cfg.py[line:43] - INFO: load make_dir module
2020-12-01 19:05:03,666 - davidyu_cfg.py[line:39] - INFO: load log module
2020-12-01 19:05:03,689 - davidyu_cfg.py[line:41] - INFO: load data_dir module
2020-12-01 19:05:03,689 - davidyu_cfg.py[line:43] - INFO: load make_dir module
2020-12-01 19:05:15,936 - davidyu_cfg.py[line:39] - INFO: load log module
2020-12-01 19:05:15,955 - davidyu_cfg.py[line:41] - INFO: load data_dir module
2020-12-01 19:05:15,956 - davidyu_cfg.py[line:43] - INFO: load make_dir module
2020-12-01 19:05:25,471 - davidyu_cfg.py[line:39] - INFO: load log module
2020-12-01 19:05:25,493 - davidyu_cfg.py[line:41] - INFO: load data_dir module
2020-12-01 19:05:25,493 - davidyu_cfg.py[line:43] - INFO: load make_dir module
2020-12-01 19:05:34,752 - davidyu_cfg.py[line:39] - INFO: load log module
2020-12-01 19:05:34,773 - davidyu_cfg.py[line:41] - INFO: load data_dir module
2020-12-01 19:05:34,774 - davidyu_cfg.py[line:43] - INFO: load make_dir module
2020-12-01 19:05:46,769 - davidyu_cfg.py[line:39] - INFO: load log module
2020-12-01 19:05:46,790 - davidyu_cfg.py[line:41] - INFO: load data_dir module
2020-12-01 19:05:46,791 - davidyu_cfg.py[line:43] - INFO: load make_dir module
2020-12-01 19:05:55,695 - davidyu_cfg.py[line:39] - INFO: load log module
2020-12-01 19:05:55,715 - davidyu_cfg.py[line:41] - INFO: load data_dir module
2020-12-01 19:05:55,715 - davidyu_cfg.py[line:43] - INFO: load make_dir module
2020-12-01 19:06:05,030 - davidyu_cfg.py[line:39] - INFO: load log module
2020-12-01 19:06:05,051 - davidyu_cfg.py[line:41] - INFO: load data_dir module
2020-12-01 19:06:05,051 - davidyu_cfg.py[line:43] - INFO: load make_dir module
2020-12-01 19:06:14,238 - davidyu_cfg.py[line:39] - INFO: load log module
2020-12-01 19:06:14,258 - davidyu_cfg.py[line:41] - INFO: load data_dir module
2020-12-01 19:06:14,258 - davidyu_cfg.py[line:43] - INFO: load make_dir module
2020-12-01 19:06:23,698 - davidyu_cfg.py[line:39] - INFO: load log module
2020-12-01 19:06:23,720 - davidyu_cfg.py[line:41] - INFO: load data_dir module
2020-12-01 19:06:23,720 - davidyu_cfg.py[line:43] - INFO: load make_dir module
2020-12-01 19:06:33,421 - davidyu_cfg.py[line:39] - INFO: load log module
2020-12-01 19:06:33,439 - davidyu_cfg.py[line:41] - INFO: load data_dir module
2020-12-01 19:06:33,439 - davidyu_cfg.py[line:43] - INFO: load make_dir module
