Failed to open connection to "session" message bus: Using X11 for dbus-daemon autolaunch was disabled at compile time, set your DBUS_SESSION_BUS_ADDRESS instead
1572363325082	mozrunner::runner	INFO	Running command: "/usr/bin/firefox" "-marionette" "-headless" "-foreground" "-no-remote" "-profile" "/tmp/rust_mozprofile.TqV1JLOgGd8D"
Failed to open connection to "session" message bus: Using X11 for dbus-daemon autolaunch was disabled at compile time, set your DBUS_SESSION_BUS_ADDRESS instead
Running without a11y support!
*** You are running in headless mode.
1572363325277	addons.xpi	WARN	Can't get modified time of /usr/lib64/firefox/browser/features/aushelper@mozilla.org.xpi
1572363325399	addons.xpi-utils	WARN	addMetadata: Add-on aushelper@mozilla.org is invalid: [Exception... "Component returned failure code: 0x80520006 (NS_ERROR_FILE_TARGET_DOES_NOT_EXIST) [nsIFile.isFile]"  nsresult: "0x80520006 (NS_ERROR_FILE_TARGET_DOES_NOT_EXIST)"  location: "JS frame :: resource://gre/modules/addons/XPIInstall.jsm :: loadManifestFromFile :: line 925"  data: no] Stack trace: loadManifestFromFile()@resource://gre/modules/addons/XPIInstall.jsm:925
syncLoadManifestFromFile()@resource://gre/modules/addons/XPIProvider.jsm:940
addMetadata()@resource://gre/modules/addons/XPIProvider.jsm -> resource://gre/modules/addons/XPIProviderUtils.js:1173
processFileChanges()@resource://gre/modules/addons/XPIProvider.jsm -> resource://gre/modules/addons/XPIProviderUtils.js:1529
checkForChanges()@resource://gre/modules/addons/XPIProvider.jsm:3304
startup()@resource://gre/modules/addons/XPIProvider.jsm:2196
callProvider()@resource://gre/modules/AddonManager.jsm:253
_startProvider()@resource://gre/modules/AddonManager.jsm:728
startup()@resource://gre/modules/AddonManager.jsm:892
startup()@resource://gre/modules/AddonManager.jsm:2976
observe()@jar:file:///usr/lib64/firefox/omni.ja!/components/addonManager.js:63
1572363325400	addons.xpi-utils	WARN	Could not uninstall invalid item from locked install location
1572363326708	addons.xpi	WARN	Can't get modified time of /usr/lib64/firefox/browser/features/aushelper@mozilla.org.xpi
1572363326891	Marionette	INFO	Listening on port 36618
1572363326931	Marionette	WARN	TLS certificate errors will be ignored for this session
JavaScript warning: http://data.eastmoney.com/js_001/master2019.js, line 58: unreachable code after return statement
JavaScript warning: http://emcharts.dfcfw.com/usercollect/usercollect.min.js, line 3: Error: WebGL warning: Can't use WebGL in headless mode (https://bugzil.la/1375585).
JavaScript warning: http://emcharts.dfcfw.com/usercollect/usercollect.min.js, line 3: Error: WebGL warning: Failed to create WebGL context: WebGL creation failed: 
* Can't use WebGL in headless mode (https://bugzil.la/1375585).
JavaScript warning: http://emcharts.dfcfw.com/usercollect/usercollect.min.js, line 3: Error: WebGL warning: Can't use WebGL in headless mode (https://bugzil.la/1375585).
JavaScript warning: http://emcharts.dfcfw.com/usercollect/usercollect.min.js, line 3: Error: WebGL warning: Failed to create WebGL context: WebGL creation failed: 
* Can't use WebGL in headless mode (https://bugzil.la/1375585).
console.log: Accessibility service init or shutdown observer does not exist.
Failed to open connection to "session" message bus: Using X11 for dbus-daemon autolaunch was disabled at compile time, set your DBUS_SESSION_BUS_ADDRESS instead
1572363368448	mozrunner::runner	INFO	Running command: "/usr/bin/firefox" "-marionette" "-headless" "-foreground" "-no-remote" "-profile" "/tmp/rust_mozprofile.GLHTnsxIekyR"
Failed to open connection to "session" message bus: Using X11 for dbus-daemon autolaunch was disabled at compile time, set your DBUS_SESSION_BUS_ADDRESS instead
Running without a11y support!
*** You are running in headless mode.
1572363368636	addons.xpi	WARN	Can't get modified time of /usr/lib64/firefox/browser/features/aushelper@mozilla.org.xpi
1572363368758	addons.xpi-utils	WARN	addMetadata: Add-on aushelper@mozilla.org is invalid: [Exception... "Component returned failure code: 0x80520006 (NS_ERROR_FILE_TARGET_DOES_NOT_EXIST) [nsIFile.isFile]"  nsresult: "0x80520006 (NS_ERROR_FILE_TARGET_DOES_NOT_EXIST)"  location: "JS frame :: resource://gre/modules/addons/XPIInstall.jsm :: loadManifestFromFile :: line 925"  data: no] Stack trace: loadManifestFromFile()@resource://gre/modules/addons/XPIInstall.jsm:925
syncLoadManifestFromFile()@resource://gre/modules/addons/XPIProvider.jsm:940
addMetadata()@resource://gre/modules/addons/XPIProvider.jsm -> resource://gre/modules/addons/XPIProviderUtils.js:1173
processFileChanges()@resource://gre/modules/addons/XPIProvider.jsm -> resource://gre/modules/addons/XPIProviderUtils.js:1529
checkForChanges()@resource://gre/modules/addons/XPIProvider.jsm:3304
startup()@resource://gre/modules/addons/XPIProvider.jsm:2196
callProvider()@resource://gre/modules/AddonManager.jsm:253
_startProvider()@resource://gre/modules/AddonManager.jsm:728
startup()@resource://gre/modules/AddonManager.jsm:892
startup()@resource://gre/modules/AddonManager.jsm:2976
observe()@jar:file:///usr/lib64/firefox/omni.ja!/components/addonManager.js:63
1572363368759	addons.xpi-utils	WARN	Could not uninstall invalid item from locked install location
1572363370157	addons.xpi	WARN	Can't get modified time of /usr/lib64/firefox/browser/features/aushelper@mozilla.org.xpi
1572363370363	Marionette	INFO	Listening on port 37046
1572363370395	Marionette	WARN	TLS certificate errors will be ignored for this session
JavaScript warning: http://data.eastmoney.com/js_001/master2019.js, line 58: unreachable code after return statement
JavaScript warning: http://emcharts.dfcfw.com/usercollect/usercollect.min.js, line 3: Error: WebGL warning: Can't use WebGL in headless mode (https://bugzil.la/1375585).
JavaScript warning: http://emcharts.dfcfw.com/usercollect/usercollect.min.js, line 3: Error: WebGL warning: Failed to create WebGL context: WebGL creation failed: 
* Can't use WebGL in headless mode (https://bugzil.la/1375585).
JavaScript warning: http://emcharts.dfcfw.com/usercollect/usercollect.min.js, line 3: Error: WebGL warning: Can't use WebGL in headless mode (https://bugzil.la/1375585).
JavaScript warning: http://emcharts.dfcfw.com/usercollect/usercollect.min.js, line 3: Error: WebGL warning: Failed to create WebGL context: WebGL creation failed: 
* Can't use WebGL in headless mode (https://bugzil.la/1375585).
console.log: Accessibility service init or shutdown observer does not exist.
1572363372520	addons.xpi	WARN	Exception running bootstrap method shutdown on activity-stream@mozilla.org: [Exception... "Component returned failure code: 0x80004005 (NS_ERROR_FAILURE) [nsIObserverService.removeObserver]"  nsresult: "0x80004005 (NS_ERROR_FAILURE)"  location: "JS frame :: resource://activity-stream/lib/SnippetsFeed.jsm :: uninit :: line 185"  data: no] Stack trace: uninit()@resource://activity-stream/lib/SnippetsFeed.jsm:185
onAction()@resource://activity-stream/lib/SnippetsFeed.jsm:201
_middleware/</<()@resource://activity-stream/lib/Store.jsm:49
Store/this[method]()@resource://activity-stream/lib/Store.jsm:28
uninit()@resource://activity-stream/lib/Store.jsm:151
uninit()@resource://activity-stream/lib/ActivityStream.jsm:300
uninit()@resource://gre/modules/addons/XPIProvider.jsm -> jar:file:///usr/lib64/firefox/browser/features/activity-stream@mozilla.org.xpi!/bootstrap.js:73
shutdown()@resource://gre/modules/addons/XPIProvider.jsm -> jar:file:///usr/lib64/firefox/browser/features/activity-stream@mozilla.org.xpi!/bootstrap.js:169
callBootstrapMethod()@resource://gre/modules/addons/XPIProvider.jsm:4459
observe()@resource://gre/modules/addons/XPIProvider.jsm:2306
GeckoDriver.prototype.quit()@driver.js:3300
despatch()@server.js:293
execute()@server.js:267
onPacket/<()@server.js:242
onPacket()@server.js:241
_onJSONObjectReady/<()@transport.js:500
*** UTM:SVC TimerManager:registerTimer called after profile-before-change notification. Ignoring timer registration for id: telemetry_modules_ping

###!!! [Parent][RunMessage] Error: Channel closing: too late to send/recv, messages will be lost

Failed to open connection to "session" message bus: Using X11 for dbus-daemon autolaunch was disabled at compile time, set your DBUS_SESSION_BUS_ADDRESS instead
1572363393552	mozrunner::runner	INFO	Running command: "/usr/bin/firefox" "-marionette" "-headless" "-foreground" "-no-remote" "-profile" "/tmp/rust_mozprofile.uAvPJ9cpPRpY"
Failed to open connection to "session" message bus: Using X11 for dbus-daemon autolaunch was disabled at compile time, set your DBUS_SESSION_BUS_ADDRESS instead
Running without a11y support!
*** You are running in headless mode.
1572363393728	addons.xpi	WARN	Can't get modified time of /usr/lib64/firefox/browser/features/aushelper@mozilla.org.xpi
1572363393854	addons.xpi-utils	WARN	addMetadata: Add-on aushelper@mozilla.org is invalid: [Exception... "Component returned failure code: 0x80520006 (NS_ERROR_FILE_TARGET_DOES_NOT_EXIST) [nsIFile.isFile]"  nsresult: "0x80520006 (NS_ERROR_FILE_TARGET_DOES_NOT_EXIST)"  location: "JS frame :: resource://gre/modules/addons/XPIInstall.jsm :: loadManifestFromFile :: line 925"  data: no] Stack trace: loadManifestFromFile()@resource://gre/modules/addons/XPIInstall.jsm:925
syncLoadManifestFromFile()@resource://gre/modules/addons/XPIProvider.jsm:940
addMetadata()@resource://gre/modules/addons/XPIProvider.jsm -> resource://gre/modules/addons/XPIProviderUtils.js:1173
processFileChanges()@resource://gre/modules/addons/XPIProvider.jsm -> resource://gre/modules/addons/XPIProviderUtils.js:1529
checkForChanges()@resource://gre/modules/addons/XPIProvider.jsm:3304
startup()@resource://gre/modules/addons/XPIProvider.jsm:2196
callProvider()@resource://gre/modules/AddonManager.jsm:253
_startProvider()@resource://gre/modules/AddonManager.jsm:728
startup()@resource://gre/modules/AddonManager.jsm:892
startup()@resource://gre/modules/AddonManager.jsm:2976
observe()@jar:file:///usr/lib64/firefox/omni.ja!/components/addonManager.js:63
1572363393855	addons.xpi-utils	WARN	Could not uninstall invalid item from locked install location
1572363395237	addons.xpi	WARN	Can't get modified time of /usr/lib64/firefox/browser/features/aushelper@mozilla.org.xpi
1572363395439	Marionette	INFO	Listening on port 37035
1572363395494	Marionette	WARN	TLS certificate errors will be ignored for this session
JavaScript warning: http://data.eastmoney.com/js_001/master2019.js, line 58: unreachable code after return statement
JavaScript warning: http://emcharts.dfcfw.com/usercollect/usercollect.min.js, line 3: Error: WebGL warning: Can't use WebGL in headless mode (https://bugzil.la/1375585).
JavaScript warning: http://emcharts.dfcfw.com/usercollect/usercollect.min.js, line 3: Error: WebGL warning: Failed to create WebGL context: WebGL creation failed: 
* Can't use WebGL in headless mode (https://bugzil.la/1375585).
JavaScript warning: http://emcharts.dfcfw.com/usercollect/usercollect.min.js, line 3: Error: WebGL warning: Can't use WebGL in headless mode (https://bugzil.la/1375585).
JavaScript warning: http://emcharts.dfcfw.com/usercollect/usercollect.min.js, line 3: Error: WebGL warning: Failed to create WebGL context: WebGL creation failed: 
* Can't use WebGL in headless mode (https://bugzil.la/1375585).
console.log: Accessibility service init or shutdown observer does not exist.
*** UTM:SVC TimerManager:registerTimer called after profile-before-change notification. Ignoring timer registration for id: telemetry_modules_ping

###!!! [Parent][RunMessage] Error: Channel closing: too late to send/recv, messages will be lost

Failed to open connection to "session" message bus: Using X11 for dbus-daemon autolaunch was disabled at compile time, set your DBUS_SESSION_BUS_ADDRESS instead
1572363400071	mozrunner::runner	INFO	Running command: "/usr/bin/firefox" "-marionette" "--headless" "-foreground" "-no-remote" "-profile" "/tmp/rust_mozprofile.WG4Eyg3hqHW1"
Failed to open connection to "session" message bus: Using X11 for dbus-daemon autolaunch was disabled at compile time, set your DBUS_SESSION_BUS_ADDRESS instead
Running without a11y support!
*** You are running in headless mode.
1572363400288	addons.xpi	WARN	Can't get modified time of /usr/lib64/firefox/browser/features/aushelper@mozilla.org.xpi
1572363400444	addons.xpi-utils	WARN	addMetadata: Add-on aushelper@mozilla.org is invalid: [Exception... "Component returned failure code: 0x80520006 (NS_ERROR_FILE_TARGET_DOES_NOT_EXIST) [nsIFile.isFile]"  nsresult: "0x80520006 (NS_ERROR_FILE_TARGET_DOES_NOT_EXIST)"  location: "JS frame :: resource://gre/modules/addons/XPIInstall.jsm :: loadManifestFromFile :: line 925"  data: no] Stack trace: loadManifestFromFile()@resource://gre/modules/addons/XPIInstall.jsm:925
syncLoadManifestFromFile()@resource://gre/modules/addons/XPIProvider.jsm:940
addMetadata()@resource://gre/modules/addons/XPIProvider.jsm -> resource://gre/modules/addons/XPIProviderUtils.js:1173
processFileChanges()@resource://gre/modules/addons/XPIProvider.jsm -> resource://gre/modules/addons/XPIProviderUtils.js:1529
checkForChanges()@resource://gre/modules/addons/XPIProvider.jsm:3304
startup()@resource://gre/modules/addons/XPIProvider.jsm:2196
callProvider()@resource://gre/modules/AddonManager.jsm:253
_startProvider()@resource://gre/modules/AddonManager.jsm:728
startup()@resource://gre/modules/AddonManager.jsm:892
startup()@resource://gre/modules/AddonManager.jsm:2976
observe()@jar:file:///usr/lib64/firefox/omni.ja!/components/addonManager.js:63
1572363400445	addons.xpi-utils	WARN	Could not uninstall invalid item from locked install location
1572363401805	addons.xpi	WARN	Can't get modified time of /usr/lib64/firefox/browser/features/aushelper@mozilla.org.xpi
1572363402008	Marionette	INFO	Listening on port 36167
1572363402036	Marionette	WARN	TLS certificate errors will be ignored for this session
Failed to open connection to "session" message bus: Using X11 for dbus-daemon autolaunch was disabled at compile time, set your DBUS_SESSION_BUS_ADDRESS instead
1572363512677	mozrunner::runner	INFO	Running command: "/usr/bin/firefox" "-marionette" "-headless" "-foreground" "-no-remote" "-profile" "/tmp/rust_mozprofile.dHipxx2XdFCR"
Failed to open connection to "session" message bus: Using X11 for dbus-daemon autolaunch was disabled at compile time, set your DBUS_SESSION_BUS_ADDRESS instead
Running without a11y support!
*** You are running in headless mode.
1572363512875	addons.xpi	WARN	Can't get modified time of /usr/lib64/firefox/browser/features/aushelper@mozilla.org.xpi
1572363513007	addons.xpi-utils	WARN	addMetadata: Add-on aushelper@mozilla.org is invalid: [Exception... "Component returned failure code: 0x80520006 (NS_ERROR_FILE_TARGET_DOES_NOT_EXIST) [nsIFile.isFile]"  nsresult: "0x80520006 (NS_ERROR_FILE_TARGET_DOES_NOT_EXIST)"  location: "JS frame :: resource://gre/modules/addons/XPIInstall.jsm :: loadManifestFromFile :: line 925"  data: no] Stack trace: loadManifestFromFile()@resource://gre/modules/addons/XPIInstall.jsm:925
syncLoadManifestFromFile()@resource://gre/modules/addons/XPIProvider.jsm:940
addMetadata()@resource://gre/modules/addons/XPIProvider.jsm -> resource://gre/modules/addons/XPIProviderUtils.js:1173
processFileChanges()@resource://gre/modules/addons/XPIProvider.jsm -> resource://gre/modules/addons/XPIProviderUtils.js:1529
checkForChanges()@resource://gre/modules/addons/XPIProvider.jsm:3304
startup()@resource://gre/modules/addons/XPIProvider.jsm:2196
callProvider()@resource://gre/modules/AddonManager.jsm:253
_startProvider()@resource://gre/modules/AddonManager.jsm:728
startup()@resource://gre/modules/AddonManager.jsm:892
startup()@resource://gre/modules/AddonManager.jsm:2976
observe()@jar:file:///usr/lib64/firefox/omni.ja!/components/addonManager.js:63
1572363513008	addons.xpi-utils	WARN	Could not uninstall invalid item from locked install location
1572363514402	addons.xpi	WARN	Can't get modified time of /usr/lib64/firefox/browser/features/aushelper@mozilla.org.xpi
1572363514594	Marionette	INFO	Listening on port 37171
1572363514652	Marionette	WARN	TLS certificate errors will be ignored for this session
JavaScript warning: http://data.eastmoney.com/js_001/master2019.js, line 58: unreachable code after return statement
JavaScript warning: http://emcharts.dfcfw.com/usercollect/usercollect.min.js, line 3: Error: WebGL warning: Can't use WebGL in headless mode (https://bugzil.la/1375585).
JavaScript warning: http://emcharts.dfcfw.com/usercollect/usercollect.min.js, line 3: Error: WebGL warning: Failed to create WebGL context: WebGL creation failed: 
* Can't use WebGL in headless mode (https://bugzil.la/1375585).
JavaScript warning: http://emcharts.dfcfw.com/usercollect/usercollect.min.js, line 3: Error: WebGL warning: Can't use WebGL in headless mode (https://bugzil.la/1375585).
JavaScript warning: http://emcharts.dfcfw.com/usercollect/usercollect.min.js, line 3: Error: WebGL warning: Failed to create WebGL context: WebGL creation failed: 
* Can't use WebGL in headless mode (https://bugzil.la/1375585).
console.log: Accessibility service init or shutdown observer does not exist.
1572363516825	addons.xpi	WARN	Exception running bootstrap method shutdown on activity-stream@mozilla.org: [Exception... "Component returned failure code: 0x80004005 (NS_ERROR_FAILURE) [nsIObserverService.removeObserver]"  nsresult: "0x80004005 (NS_ERROR_FAILURE)"  location: "JS frame :: resource://activity-stream/lib/SnippetsFeed.jsm :: uninit :: line 185"  data: no] Stack trace: uninit()@resource://activity-stream/lib/SnippetsFeed.jsm:185
onAction()@resource://activity-stream/lib/SnippetsFeed.jsm:201
_middleware/</<()@resource://activity-stream/lib/Store.jsm:49
Store/this[method]()@resource://activity-stream/lib/Store.jsm:28
uninit()@resource://activity-stream/lib/Store.jsm:151
uninit()@resource://activity-stream/lib/ActivityStream.jsm:300
uninit()@resource://gre/modules/addons/XPIProvider.jsm -> jar:file:///usr/lib64/firefox/browser/features/activity-stream@mozilla.org.xpi!/bootstrap.js:73
shutdown()@resource://gre/modules/addons/XPIProvider.jsm -> jar:file:///usr/lib64/firefox/browser/features/activity-stream@mozilla.org.xpi!/bootstrap.js:169
callBootstrapMethod()@resource://gre/modules/addons/XPIProvider.jsm:4459
observe()@resource://gre/modules/addons/XPIProvider.jsm:2306
GeckoDriver.prototype.quit()@driver.js:3300
despatch()@server.js:293
execute()@server.js:267
onPacket/<()@server.js:242
onPacket()@server.js:241
_onJSONObjectReady/<()@transport.js:500
*** UTM:SVC TimerManager:registerTimer called after profile-before-change notification. Ignoring timer registration for id: telemetry_modules_ping

###!!! [Parent][RunMessage] Error: Channel closing: too late to send/recv, messages will be lost

Failed to open connection to "session" message bus: Using X11 for dbus-daemon autolaunch was disabled at compile time, set your DBUS_SESSION_BUS_ADDRESS instead
1572363518453	mozrunner::runner	INFO	Running command: "/usr/bin/firefox" "-marionette" "--headless" "-foreground" "-no-remote" "-profile" "/tmp/rust_mozprofile.zATgaYisEeJO"
Failed to open connection to "session" message bus: Using X11 for dbus-daemon autolaunch was disabled at compile time, set your DBUS_SESSION_BUS_ADDRESS instead
Running without a11y support!
*** You are running in headless mode.
1572363518667	addons.xpi	WARN	Can't get modified time of /usr/lib64/firefox/browser/features/aushelper@mozilla.org.xpi
1572363518818	addons.xpi-utils	WARN	addMetadata: Add-on aushelper@mozilla.org is invalid: [Exception... "Component returned failure code: 0x80520006 (NS_ERROR_FILE_TARGET_DOES_NOT_EXIST) [nsIFile.isFile]"  nsresult: "0x80520006 (NS_ERROR_FILE_TARGET_DOES_NOT_EXIST)"  location: "JS frame :: resource://gre/modules/addons/XPIInstall.jsm :: loadManifestFromFile :: line 925"  data: no] Stack trace: loadManifestFromFile()@resource://gre/modules/addons/XPIInstall.jsm:925
syncLoadManifestFromFile()@resource://gre/modules/addons/XPIProvider.jsm:940
addMetadata()@resource://gre/modules/addons/XPIProvider.jsm -> resource://gre/modules/addons/XPIProviderUtils.js:1173
processFileChanges()@resource://gre/modules/addons/XPIProvider.jsm -> resource://gre/modules/addons/XPIProviderUtils.js:1529
checkForChanges()@resource://gre/modules/addons/XPIProvider.jsm:3304
startup()@resource://gre/modules/addons/XPIProvider.jsm:2196
callProvider()@resource://gre/modules/AddonManager.jsm:253
_startProvider()@resource://gre/modules/AddonManager.jsm:728
startup()@resource://gre/modules/AddonManager.jsm:892
startup()@resource://gre/modules/AddonManager.jsm:2976
observe()@jar:file:///usr/lib64/firefox/omni.ja!/components/addonManager.js:63
1572363518820	addons.xpi-utils	WARN	Could not uninstall invalid item from locked install location
1572363520440	addons.xpi	WARN	Can't get modified time of /usr/lib64/firefox/browser/features/aushelper@mozilla.org.xpi
1572363520636	Marionette	INFO	Listening on port 38509
1572363520711	Marionette	WARN	TLS certificate errors will be ignored for this session
Failed to open connection to "session" message bus: Using X11 for dbus-daemon autolaunch was disabled at compile time, set your DBUS_SESSION_BUS_ADDRESS instead
1572363692616	mozrunner::runner	INFO	Running command: "/usr/bin/firefox" "-marionette" "-headless" "-foreground" "-no-remote" "-profile" "/tmp/rust_mozprofile.kwbR6SNHl4sK"
Failed to open connection to "session" message bus: Using X11 for dbus-daemon autolaunch was disabled at compile time, set your DBUS_SESSION_BUS_ADDRESS instead
Running without a11y support!
*** You are running in headless mode.
1572363692821	addons.xpi	WARN	Can't get modified time of /usr/lib64/firefox/browser/features/aushelper@mozilla.org.xpi
1572363692978	addons.xpi-utils	WARN	addMetadata: Add-on aushelper@mozilla.org is invalid: [Exception... "Component returned failure code: 0x80520006 (NS_ERROR_FILE_TARGET_DOES_NOT_EXIST) [nsIFile.isFile]"  nsresult: "0x80520006 (NS_ERROR_FILE_TARGET_DOES_NOT_EXIST)"  location: "JS frame :: resource://gre/modules/addons/XPIInstall.jsm :: loadManifestFromFile :: line 925"  data: no] Stack trace: loadManifestFromFile()@resource://gre/modules/addons/XPIInstall.jsm:925
syncLoadManifestFromFile()@resource://gre/modules/addons/XPIProvider.jsm:940
addMetadata()@resource://gre/modules/addons/XPIProvider.jsm -> resource://gre/modules/addons/XPIProviderUtils.js:1173
processFileChanges()@resource://gre/modules/addons/XPIProvider.jsm -> resource://gre/modules/addons/XPIProviderUtils.js:1529
checkForChanges()@resource://gre/modules/addons/XPIProvider.jsm:3304
startup()@resource://gre/modules/addons/XPIProvider.jsm:2196
callProvider()@resource://gre/modules/AddonManager.jsm:253
_startProvider()@resource://gre/modules/AddonManager.jsm:728
startup()@resource://gre/modules/AddonManager.jsm:892
startup()@resource://gre/modules/AddonManager.jsm:2976
observe()@jar:file:///usr/lib64/firefox/omni.ja!/components/addonManager.js:63
1572363692979	addons.xpi-utils	WARN	Could not uninstall invalid item from locked install location
1572363694193	addons.xpi	WARN	Can't get modified time of /usr/lib64/firefox/browser/features/aushelper@mozilla.org.xpi
1572363694315	Marionette	INFO	Listening on port 33328
1572363694403	Marionette	WARN	TLS certificate errors will be ignored for this session
JavaScript warning: http://data.eastmoney.com/js_001/master2019.js, line 58: unreachable code after return statement
JavaScript warning: http://emcharts.dfcfw.com/usercollect/usercollect.min.js, line 3: Error: WebGL warning: Can't use WebGL in headless mode (https://bugzil.la/1375585).
JavaScript warning: http://emcharts.dfcfw.com/usercollect/usercollect.min.js, line 3: Error: WebGL warning: Failed to create WebGL context: WebGL creation failed: 
* Can't use WebGL in headless mode (https://bugzil.la/1375585).
JavaScript warning: http://emcharts.dfcfw.com/usercollect/usercollect.min.js, line 3: Error: WebGL warning: Can't use WebGL in headless mode (https://bugzil.la/1375585).
JavaScript warning: http://emcharts.dfcfw.com/usercollect/usercollect.min.js, line 3: Error: WebGL warning: Failed to create WebGL context: WebGL creation failed: 
* Can't use WebGL in headless mode (https://bugzil.la/1375585).
console.log: Accessibility service init or shutdown observer does not exist.
[Parent 1614, Gecko_IOThread] WARNING: pipe error: 断开的管道: file /builddir/build/BUILD/firefox-60.6.1/ipc/chromium/src/chrome/common/ipc_channel_posix.cc, line 711
*** UTM:SVC TimerManager:registerTimer called after profile-before-change notification. Ignoring timer registration for id: telemetry_modules_ping

###!!! [Parent][RunMessage] Error: Channel closing: too late to send/recv, messages will be lost

Failed to open connection to "session" message bus: Using X11 for dbus-daemon autolaunch was disabled at compile time, set your DBUS_SESSION_BUS_ADDRESS instead
1572363698337	mozrunner::runner	INFO	Running command: "/usr/bin/firefox" "-marionette" "--headless" "-foreground" "-no-remote" "-profile" "/tmp/rust_mozprofile.lmoTiU5sho22"
Failed to open connection to "session" message bus: Using X11 for dbus-daemon autolaunch was disabled at compile time, set your DBUS_SESSION_BUS_ADDRESS instead
Running without a11y support!
*** You are running in headless mode.
1572363698563	addons.xpi	WARN	Can't get modified time of /usr/lib64/firefox/browser/features/aushelper@mozilla.org.xpi
1572363698708	addons.xpi-utils	WARN	addMetadata: Add-on aushelper@mozilla.org is invalid: [Exception... "Component returned failure code: 0x80520006 (NS_ERROR_FILE_TARGET_DOES_NOT_EXIST) [nsIFile.isFile]"  nsresult: "0x80520006 (NS_ERROR_FILE_TARGET_DOES_NOT_EXIST)"  location: "JS frame :: resource://gre/modules/addons/XPIInstall.jsm :: loadManifestFromFile :: line 925"  data: no] Stack trace: loadManifestFromFile()@resource://gre/modules/addons/XPIInstall.jsm:925
syncLoadManifestFromFile()@resource://gre/modules/addons/XPIProvider.jsm:940
addMetadata()@resource://gre/modules/addons/XPIProvider.jsm -> resource://gre/modules/addons/XPIProviderUtils.js:1173
processFileChanges()@resource://gre/modules/addons/XPIProvider.jsm -> resource://gre/modules/addons/XPIProviderUtils.js:1529
checkForChanges()@resource://gre/modules/addons/XPIProvider.jsm:3304
startup()@resource://gre/modules/addons/XPIProvider.jsm:2196
callProvider()@resource://gre/modules/AddonManager.jsm:253
_startProvider()@resource://gre/modules/AddonManager.jsm:728
startup()@resource://gre/modules/AddonManager.jsm:892
startup()@resource://gre/modules/AddonManager.jsm:2976
observe()@jar:file:///usr/lib64/firefox/omni.ja!/components/addonManager.js:63
1572363698709	addons.xpi-utils	WARN	Could not uninstall invalid item from locked install location
1572363700091	addons.xpi	WARN	Can't get modified time of /usr/lib64/firefox/browser/features/aushelper@mozilla.org.xpi
1572363700291	Marionette	INFO	Listening on port 38335
1572363700374	Marionette	WARN	TLS certificate errors will be ignored for this session
Failed to open connection to "session" message bus: Using X11 for dbus-daemon autolaunch was disabled at compile time, set your DBUS_SESSION_BUS_ADDRESS instead
1572363923084	mozrunner::runner	INFO	Running command: "/usr/bin/firefox" "-marionette" "-headless" "-foreground" "-no-remote" "-profile" "/tmp/rust_mozprofile.CidBD44k5FUX"
Failed to open connection to "session" message bus: Using X11 for dbus-daemon autolaunch was disabled at compile time, set your DBUS_SESSION_BUS_ADDRESS instead
Running without a11y support!
*** You are running in headless mode.
1572363923297	addons.xpi	WARN	Can't get modified time of /usr/lib64/firefox/browser/features/aushelper@mozilla.org.xpi
1572363923468	addons.xpi-utils	WARN	addMetadata: Add-on aushelper@mozilla.org is invalid: [Exception... "Component returned failure code: 0x80520006 (NS_ERROR_FILE_TARGET_DOES_NOT_EXIST) [nsIFile.isFile]"  nsresult: "0x80520006 (NS_ERROR_FILE_TARGET_DOES_NOT_EXIST)"  location: "JS frame :: resource://gre/modules/addons/XPIInstall.jsm :: loadManifestFromFile :: line 925"  data: no] Stack trace: loadManifestFromFile()@resource://gre/modules/addons/XPIInstall.jsm:925
syncLoadManifestFromFile()@resource://gre/modules/addons/XPIProvider.jsm:940
addMetadata()@resource://gre/modules/addons/XPIProvider.jsm -> resource://gre/modules/addons/XPIProviderUtils.js:1173
processFileChanges()@resource://gre/modules/addons/XPIProvider.jsm -> resource://gre/modules/addons/XPIProviderUtils.js:1529
checkForChanges()@resource://gre/modules/addons/XPIProvider.jsm:3304
startup()@resource://gre/modules/addons/XPIProvider.jsm:2196
callProvider()@resource://gre/modules/AddonManager.jsm:253
_startProvider()@resource://gre/modules/AddonManager.jsm:728
startup()@resource://gre/modules/AddonManager.jsm:892
startup()@resource://gre/modules/AddonManager.jsm:2976
observe()@jar:file:///usr/lib64/firefox/omni.ja!/components/addonManager.js:63
1572363923469	addons.xpi-utils	WARN	Could not uninstall invalid item from locked install location
1572363924779	addons.xpi	WARN	Can't get modified time of /usr/lib64/firefox/browser/features/aushelper@mozilla.org.xpi
1572363924955	Marionette	INFO	Listening on port 40754
1572363925060	Marionette	WARN	TLS certificate errors will be ignored for this session
JavaScript warning: http://data.eastmoney.com/js_001/master2019.js, line 58: unreachable code after return statement
JavaScript warning: http://emcharts.dfcfw.com/usercollect/usercollect.min.js, line 3: Error: WebGL warning: Can't use WebGL in headless mode (https://bugzil.la/1375585).
JavaScript warning: http://emcharts.dfcfw.com/usercollect/usercollect.min.js, line 3: Error: WebGL warning: Failed to create WebGL context: WebGL creation failed: 
* Can't use WebGL in headless mode (https://bugzil.la/1375585).
JavaScript warning: http://emcharts.dfcfw.com/usercollect/usercollect.min.js, line 3: Error: WebGL warning: Can't use WebGL in headless mode (https://bugzil.la/1375585).
JavaScript warning: http://emcharts.dfcfw.com/usercollect/usercollect.min.js, line 3: Error: WebGL warning: Failed to create WebGL context: WebGL creation failed: 
* Can't use WebGL in headless mode (https://bugzil.la/1375585).
console.log: Accessibility service init or shutdown observer does not exist.
*** UTM:SVC TimerManager:registerTimer called after profile-before-change notification. Ignoring timer registration for id: telemetry_modules_ping

###!!! [Parent][RunMessage] Error: Channel closing: too late to send/recv, messages will be lost

Failed to open connection to "session" message bus: Using X11 for dbus-daemon autolaunch was disabled at compile time, set your DBUS_SESSION_BUS_ADDRESS instead
1572363928442	mozrunner::runner	INFO	Running command: "/usr/bin/firefox" "-marionette" "-headless" "-foreground" "-no-remote" "-profile" "/tmp/rust_mozprofile.xAwPvK0kc4uI"
Failed to open connection to "session" message bus: Using X11 for dbus-daemon autolaunch was disabled at compile time, set your DBUS_SESSION_BUS_ADDRESS instead
Running without a11y support!
*** You are running in headless mode.
1572363928636	addons.xpi	WARN	Can't get modified time of /usr/lib64/firefox/browser/features/aushelper@mozilla.org.xpi
1572363928780	addons.xpi-utils	WARN	addMetadata: Add-on aushelper@mozilla.org is invalid: [Exception... "Component returned failure code: 0x80520006 (NS_ERROR_FILE_TARGET_DOES_NOT_EXIST) [nsIFile.isFile]"  nsresult: "0x80520006 (NS_ERROR_FILE_TARGET_DOES_NOT_EXIST)"  location: "JS frame :: resource://gre/modules/addons/XPIInstall.jsm :: loadManifestFromFile :: line 925"  data: no] Stack trace: loadManifestFromFile()@resource://gre/modules/addons/XPIInstall.jsm:925
syncLoadManifestFromFile()@resource://gre/modules/addons/XPIProvider.jsm:940
addMetadata()@resource://gre/modules/addons/XPIProvider.jsm -> resource://gre/modules/addons/XPIProviderUtils.js:1173
processFileChanges()@resource://gre/modules/addons/XPIProvider.jsm -> resource://gre/modules/addons/XPIProviderUtils.js:1529
checkForChanges()@resource://gre/modules/addons/XPIProvider.jsm:3304
startup()@resource://gre/modules/addons/XPIProvider.jsm:2196
callProvider()@resource://gre/modules/AddonManager.jsm:253
_startProvider()@resource://gre/modules/AddonManager.jsm:728
startup()@resource://gre/modules/AddonManager.jsm:892
startup()@resource://gre/modules/AddonManager.jsm:2976
observe()@jar:file:///usr/lib64/firefox/omni.ja!/components/addonManager.js:63
1572363928781	addons.xpi-utils	WARN	Could not uninstall invalid item from locked install location
1572363930138	addons.xpi	WARN	Can't get modified time of /usr/lib64/firefox/browser/features/aushelper@mozilla.org.xpi
1572363930306	Marionette	INFO	Listening on port 37424
1572363930346	Marionette	WARN	TLS certificate errors will be ignored for this session

###!!! [Parent][MessageChannel] Error: (msgtype=0x160080,name=PBrowser::Msg_Destroy) Channel error: cannot send/recv


###!!! [Parent][MessageChannel] Error: (msgtype=0x160080,name=PBrowser::Msg_Destroy) Channel error: cannot send/recv

A content process crashed and MOZ_CRASHREPORTER_SHUTDOWN is set, shutting down

###!!! [Parent][MessageChannel] Error: (msgtype=0x2D0105,name=PContent::Msg_AsyncMessage) Channel error: cannot send/recv


###!!! [Parent][MessageChannel] Error: (msgtype=0x2D002B,name=PContent::Msg_AddPermission) Channel error: cannot send/recv


###!!! [Parent][MessageChannel] Error: (msgtype=0x2D002B,name=PContent::Msg_AddPermission) Channel error: cannot send/recv


###!!! [Parent][MessageChannel] Error: (msgtype=0x2D002B,name=PContent::Msg_AddPermission) Channel error: cannot send/recv


###!!! [Parent][MessageChannel] Error: (msgtype=0x2D0105,name=PContent::Msg_AsyncMessage) Channel error: cannot send/recv

console.log: Accessibility service init or shutdown observer does not exist.

###!!! [Parent][MessageChannel] Error: (msgtype=0x160001,name=PBrowser::Msg_AsyncMessage) Channel error: cannot send/recv

WARNING: A blocker encountered an error while we were waiting.
          Blocker:  SessionStore: flushing all windows
          Phase: quit-application-granted
          State: {"total":-1,"current":-1}
WARNING: [Exception... "Component returned failure code: 0x8000ffff (NS_ERROR_UNEXPECTED) [nsIMessageSender.sendAsyncMessage]"  nsresult: "0x8000ffff (NS_ERROR_UNEXPECTED)"  location: "JS frame :: resource:///modules/sessionstore/TabStateFlusher.jsm :: flush :: line 85"  data: no]
WARNING: flush@resource:///modules/sessionstore/TabStateFlusher.jsm:85:5
flushWindow@resource:///modules/sessionstore/TabStateFlusher.jsm:108:23
flushWindow@resource:///modules/sessionstore/TabStateFlusher.jsm:31:12
flushAllWindowsAsync/<@resource:///modules/sessionstore/SessionStore.jsm:1671:31
ssi_forEachBrowserWindow@resource:///modules/sessionstore/SessionStore.jsm:4221:9
flushAllWindowsAsync@resource:///modules/sessionstore/SessionStore.jsm:1670:5
ssi_onQuitApplicationGranted/<@resource:///modules/sessionstore/SessionStore.jsm:1614:27
trigger@resource://gre/modules/AsyncShutdown.jsm:710:23
_wait@resource://gre/modules/AsyncShutdown.jsm:857:7
wait@resource://gre/modules/AsyncShutdown.jsm:841:28
observe@resource://gre/modules/AsyncShutdown.jsm:524:17
observe@resource:///modules/ContentCrashHandlers.jsm:157:11


###!!! [Parent][MessageChannel] Error: (msgtype=0x2D0105,name=PContent::Msg_AsyncMessage) Channel error: cannot send/recv


###!!! [Parent][MessageChannel] Error: (msgtype=0x160001,name=PBrowser::Msg_AsyncMessage) Channel error: cannot send/recv


###!!! [Parent][MessageChannel] Error: (msgtype=0x160080,name=PBrowser::Msg_Destroy) Channel error: cannot send/recv

JavaScript error: resource:///modules/ContentCrashHandlers.jsm, line 328: TypeError: browser.ownerGlobal is null
A content process crashed and MOZ_CRASHREPORTER_SHUTDOWN is set, shutting down

###!!! [Parent][MessageChannel] Error: (msgtype=0x2D0105,name=PContent::Msg_AsyncMessage) Channel error: cannot send/recv


###!!! [Parent][MessageChannel] Error: (msgtype=0x2D002B,name=PContent::Msg_AddPermission) Channel error: cannot send/recv


###!!! [Parent][MessageChannel] Error: (msgtype=0x2D002B,name=PContent::Msg_AddPermission) Channel error: cannot send/recv


###!!! [Parent][MessageChannel] Error: (msgtype=0x2D002B,name=PContent::Msg_AddPermission) Channel error: cannot send/recv

A content process crashed and MOZ_CRASHREPORTER_SHUTDOWN is set, shutting down
[Parent 31804, Gecko_IOThread] WARNING: pipe error: 断开的管道: file /builddir/build/BUILD/firefox-60.6.1/ipc/chromium/src/chrome/common/ipc_channel_posix.cc, line 711
[Parent 31804, Gecko_IOThread] WARNING: pipe error: 断开的管道: file /builddir/build/BUILD/firefox-60.6.1/ipc/chromium/src/chrome/common/ipc_channel_posix.cc, line 711
[Parent 31804, Gecko_IOThread] WARNING: pipe error: 断开的管道: file /builddir/build/BUILD/firefox-60.6.1/ipc/chromium/src/chrome/common/ipc_channel_posix.cc, line 711
[Parent 31804, Gecko_IOThread] WARNING: pipe error: 断开的管道: file /builddir/build/BUILD/firefox-60.6.1/ipc/chromium/src/chrome/common/ipc_channel_posix.cc, line 711

###!!! [Parent][MessageChannel] Error: (msgtype=0x2D0105,name=PContent::Msg_AsyncMessage) Channel error: cannot send/recv

console.log: Accessibility service init or shutdown observer does not exist.
A content process crashed and MOZ_CRASHREPORTER_SHUTDOWN is set, shutting down

###!!! [Parent][MessageChannel] Error: (msgtype=0x2D0105,name=PContent::Msg_AsyncMessage) Channel error: cannot send/recv


###!!! [Parent][MessageChannel] Error: (msgtype=0x2D002B,name=PContent::Msg_AddPermission) Channel error: cannot send/recv


###!!! [Parent][MessageChannel] Error: (msgtype=0x2D002B,name=PContent::Msg_AddPermission) Channel error: cannot send/recv


###!!! [Parent][MessageChannel] Error: (msgtype=0x2D002B,name=PContent::Msg_AddPermission) Channel error: cannot send/recv


###!!! [Parent][MessageChannel] Error: (msgtype=0x2D0105,name=PContent::Msg_AsyncMessage) Channel error: cannot send/recv

console.log: Accessibility service init or shutdown observer does not exist.

###!!! [Parent][MessageChannel] Error: (msgtype=0x160001,name=PBrowser::Msg_AsyncMessage) Channel error: cannot send/recv

WARNING: A blocker encountered an error while we were waiting.
          Blocker:  SessionStore: flushing all windows
          Phase: quit-application-granted
          State: {"total":-1,"current":-1}
WARNING: [Exception... "Component returned failure code: 0x8000ffff (NS_ERROR_UNEXPECTED) [nsIMessageSender.sendAsyncMessage]"  nsresult: "0x8000ffff (NS_ERROR_UNEXPECTED)"  location: "JS frame :: resource:///modules/sessionstore/TabStateFlusher.jsm :: flush :: line 85"  data: no]
WARNING: flush@resource:///modules/sessionstore/TabStateFlusher.jsm:85:5
flushWindow@resource:///modules/sessionstore/TabStateFlusher.jsm:108:23
flushWindow@resource:///modules/sessionstore/TabStateFlusher.jsm:31:12
flushAllWindowsAsync/<@resource:///modules/sessionstore/SessionStore.jsm:1671:31
ssi_forEachBrowserWindow@resource:///modules/sessionstore/SessionStore.jsm:4221:9
flushAllWindowsAsync@resource:///modules/sessionstore/SessionStore.jsm:1670:5
ssi_onQuitApplicationGranted/<@resource:///modules/sessionstore/SessionStore.jsm:1614:27
trigger@resource://gre/modules/AsyncShutdown.jsm:710:23
_wait@resource://gre/modules/AsyncShutdown.jsm:857:7
wait@resource://gre/modules/AsyncShutdown.jsm:841:28
observe@resource://gre/modules/AsyncShutdown.jsm:524:17
observe@resource:///modules/ContentCrashHandlers.jsm:157:11


###!!! [Parent][MessageChannel] Error: (msgtype=0x2D0105,name=PContent::Msg_AsyncMessage) Channel error: cannot send/recv


###!!! [Parent][MessageChannel] Error: (msgtype=0x160001,name=PBrowser::Msg_AsyncMessage) Channel error: cannot send/recv


###!!! [Parent][MessageChannel] Error: (msgtype=0x160080,name=PBrowser::Msg_Destroy) Channel error: cannot send/recv


###!!! [Parent][MessageChannel] Error: (msgtype=0x2D0105,name=PContent::Msg_AsyncMessage) Channel error: cannot send/recv

console.log: Accessibility service init or shutdown observer does not exist.
A content process crashed and MOZ_CRASHREPORTER_SHUTDOWN is set, shutting down
JavaScript error: resource:///modules/ContentCrashHandlers.jsm, line 328: TypeError: browser.ownerGlobal is null
A content process crashed and MOZ_CRASHREPORTER_SHUTDOWN is set, shutting down

###!!! [Parent][RunMessage] Error: Channel closing: too late to send/recv, messages will be lost


###!!! [Parent][RunMessage] Error: Channel closing: too late to send/recv, messages will be lost

