2021-03-01 17:55:17,504 - davidyu_cfg.py[line:41] - INFO: load log module
2021-03-01 17:55:17,525 - davidyu_cfg.py[line:43] - INFO: load data_dir module
2021-03-01 17:55:17,525 - davidyu_cfg.py[line:45] - INFO: load make_dir module
2021-03-01 17:55:23,903 - davidyu_cfg.py[line:41] - INFO: load log module
2021-03-01 17:55:23,922 - davidyu_cfg.py[line:43] - INFO: load data_dir module
2021-03-01 17:55:23,923 - davidyu_cfg.py[line:45] - INFO: load make_dir module
2021-03-01 17:55:29,856 - davidyu_cfg.py[line:41] - INFO: load log module
2021-03-01 17:55:29,905 - davidyu_cfg.py[line:43] - INFO: load data_dir module
2021-03-01 17:55:29,906 - davidyu_cfg.py[line:45] - INFO: load make_dir module
2021-03-01 17:55:36,472 - davidyu_cfg.py[line:41] - INFO: load log module
2021-03-01 17:55:36,512 - davidyu_cfg.py[line:43] - INFO: load data_dir module
2021-03-01 17:55:36,513 - davidyu_cfg.py[line:45] - INFO: load make_dir module
2021-03-01 17:55:43,309 - davidyu_cfg.py[line:41] - INFO: load log module
2021-03-01 17:55:43,381 - davidyu_cfg.py[line:43] - INFO: load data_dir module
2021-03-01 17:55:43,382 - davidyu_cfg.py[line:45] - INFO: load make_dir module
2021-03-01 17:55:49,982 - davidyu_cfg.py[line:41] - INFO: load log module
2021-03-01 17:55:50,023 - davidyu_cfg.py[line:43] - INFO: load data_dir module
2021-03-01 17:55:50,023 - davidyu_cfg.py[line:45] - INFO: load make_dir module
mkdir: 无法创建目录"/home/davidyu/stock/data/dadan_real_time_ifeng_1000/2021-03-01": 文件已存在
2021-03-01 17:56:09,681 - davidyu_cfg.py[line:41] - INFO: load log module
2021-03-01 17:56:09,725 - davidyu_cfg.py[line:43] - INFO: load data_dir module
2021-03-01 17:56:09,725 - davidyu_cfg.py[line:45] - INFO: load make_dir module
2021-03-01 17:56:19,875 - davidyu_cfg.py[line:41] - INFO: load log module
2021-03-01 17:56:19,896 - davidyu_cfg.py[line:43] - INFO: load data_dir module
2021-03-01 17:56:19,896 - davidyu_cfg.py[line:45] - INFO: load make_dir module
2021-03-01 17:56:30,990 - davidyu_cfg.py[line:41] - INFO: load log module
2021-03-01 17:56:31,010 - davidyu_cfg.py[line:43] - INFO: load data_dir module
2021-03-01 17:56:31,011 - davidyu_cfg.py[line:45] - INFO: load make_dir module
2021-03-01 17:56:41,587 - davidyu_cfg.py[line:41] - INFO: load log module
2021-03-01 17:56:41,608 - davidyu_cfg.py[line:43] - INFO: load data_dir module
2021-03-01 17:56:41,608 - davidyu_cfg.py[line:45] - INFO: load make_dir module
2021-03-01 17:56:53,258 - davidyu_cfg.py[line:41] - INFO: load log module
2021-03-01 17:56:53,298 - davidyu_cfg.py[line:43] - INFO: load data_dir module
2021-03-01 17:56:53,298 - davidyu_cfg.py[line:45] - INFO: load make_dir module
2021-03-01 17:57:02,980 - davidyu_cfg.py[line:41] - INFO: load log module
2021-03-01 17:57:03,000 - davidyu_cfg.py[line:43] - INFO: load data_dir module
2021-03-01 17:57:03,001 - davidyu_cfg.py[line:45] - INFO: load make_dir module
2021-03-01 17:57:14,176 - davidyu_cfg.py[line:41] - INFO: load log module
2021-03-01 17:57:14,222 - davidyu_cfg.py[line:43] - INFO: load data_dir module
2021-03-01 17:57:14,230 - davidyu_cfg.py[line:45] - INFO: load make_dir module
2021-03-01 17:57:24,513 - davidyu_cfg.py[line:41] - INFO: load log module
2021-03-01 17:57:24,533 - davidyu_cfg.py[line:43] - INFO: load data_dir module
2021-03-01 17:57:24,533 - davidyu_cfg.py[line:45] - INFO: load make_dir module
2021-03-01 17:57:34,720 - davidyu_cfg.py[line:41] - INFO: load log module
2021-03-01 17:57:34,765 - davidyu_cfg.py[line:43] - INFO: load data_dir module
2021-03-01 17:57:34,765 - davidyu_cfg.py[line:45] - INFO: load make_dir module
2021-03-01 17:57:45,040 - davidyu_cfg.py[line:41] - INFO: load log module
2021-03-01 17:57:45,062 - davidyu_cfg.py[line:43] - INFO: load data_dir module
2021-03-01 17:57:45,062 - davidyu_cfg.py[line:45] - INFO: load make_dir module
2021-03-01 17:57:55,584 - davidyu_cfg.py[line:41] - INFO: load log module
2021-03-01 17:57:55,627 - davidyu_cfg.py[line:43] - INFO: load data_dir module
2021-03-01 17:57:55,627 - davidyu_cfg.py[line:45] - INFO: load make_dir module
2021-03-01 17:58:05,515 - davidyu_cfg.py[line:41] - INFO: load log module
2021-03-01 17:58:05,537 - davidyu_cfg.py[line:43] - INFO: load data_dir module
2021-03-01 17:58:05,537 - davidyu_cfg.py[line:45] - INFO: load make_dir module
2021-03-01 17:58:15,883 - davidyu_cfg.py[line:41] - INFO: load log module
2021-03-01 17:58:15,901 - davidyu_cfg.py[line:43] - INFO: load data_dir module
2021-03-01 17:58:15,902 - davidyu_cfg.py[line:45] - INFO: load make_dir module
2021-03-01 17:58:27,203 - davidyu_cfg.py[line:41] - INFO: load log module
2021-03-01 17:58:27,225 - davidyu_cfg.py[line:43] - INFO: load data_dir module
2021-03-01 17:58:27,225 - davidyu_cfg.py[line:45] - INFO: load make_dir module
2021-03-01 17:58:39,213 - davidyu_cfg.py[line:41] - INFO: load log module
2021-03-01 17:58:39,235 - davidyu_cfg.py[line:43] - INFO: load data_dir module
2021-03-01 17:58:39,236 - davidyu_cfg.py[line:45] - INFO: load make_dir module
2021-03-01 17:58:49,748 - davidyu_cfg.py[line:41] - INFO: load log module
2021-03-01 17:58:49,767 - davidyu_cfg.py[line:43] - INFO: load data_dir module
2021-03-01 17:58:49,767 - davidyu_cfg.py[line:45] - INFO: load make_dir module
2021-03-01 17:59:00,360 - davidyu_cfg.py[line:41] - INFO: load log module
2021-03-01 17:59:00,380 - davidyu_cfg.py[line:43] - INFO: load data_dir module
2021-03-01 17:59:00,380 - davidyu_cfg.py[line:45] - INFO: load make_dir module
2021-03-01 17:59:10,867 - davidyu_cfg.py[line:41] - INFO: load log module
2021-03-01 17:59:10,886 - davidyu_cfg.py[line:43] - INFO: load data_dir module
2021-03-01 17:59:10,886 - davidyu_cfg.py[line:45] - INFO: load make_dir module
2021-03-01 17:59:20,877 - davidyu_cfg.py[line:41] - INFO: load log module
2021-03-01 17:59:20,896 - davidyu_cfg.py[line:43] - INFO: load data_dir module
2021-03-01 17:59:20,896 - davidyu_cfg.py[line:45] - INFO: load make_dir module
2021-03-01 17:59:31,718 - davidyu_cfg.py[line:41] - INFO: load log module
2021-03-01 17:59:31,757 - davidyu_cfg.py[line:43] - INFO: load data_dir module
2021-03-01 17:59:31,758 - davidyu_cfg.py[line:45] - INFO: load make_dir module
2021-03-01 17:59:42,124 - davidyu_cfg.py[line:41] - INFO: load log module
2021-03-01 17:59:42,143 - davidyu_cfg.py[line:43] - INFO: load data_dir module
2021-03-01 17:59:42,143 - davidyu_cfg.py[line:45] - INFO: load make_dir module
2021-03-01 17:59:52,965 - davidyu_cfg.py[line:41] - INFO: load log module
2021-03-01 17:59:52,985 - davidyu_cfg.py[line:43] - INFO: load data_dir module
2021-03-01 17:59:52,986 - davidyu_cfg.py[line:45] - INFO: load make_dir module
2021-03-01 18:00:03,373 - davidyu_cfg.py[line:41] - INFO: load log module
2021-03-01 18:00:03,420 - davidyu_cfg.py[line:43] - INFO: load data_dir module
2021-03-01 18:00:03,421 - davidyu_cfg.py[line:45] - INFO: load make_dir module
2021-03-01 18:00:14,530 - davidyu_cfg.py[line:41] - INFO: load log module
2021-03-01 18:00:14,554 - davidyu_cfg.py[line:43] - INFO: load data_dir module
2021-03-01 18:00:14,554 - davidyu_cfg.py[line:45] - INFO: load make_dir module
2021-03-01 18:00:24,458 - davidyu_cfg.py[line:41] - INFO: load log module
2021-03-01 18:00:24,479 - davidyu_cfg.py[line:43] - INFO: load data_dir module
2021-03-01 18:00:24,479 - davidyu_cfg.py[line:45] - INFO: load make_dir module
2021-03-01 18:00:36,021 - davidyu_cfg.py[line:41] - INFO: load log module
2021-03-01 18:00:36,102 - davidyu_cfg.py[line:43] - INFO: load data_dir module
2021-03-01 18:00:36,102 - davidyu_cfg.py[line:45] - INFO: load make_dir module
2021-03-01 18:00:46,124 - davidyu_cfg.py[line:41] - INFO: load log module
2021-03-01 18:00:46,147 - davidyu_cfg.py[line:43] - INFO: load data_dir module
2021-03-01 18:00:46,147 - davidyu_cfg.py[line:45] - INFO: load make_dir module
2021-03-01 18:00:57,489 - davidyu_cfg.py[line:41] - INFO: load log module
2021-03-01 18:00:57,509 - davidyu_cfg.py[line:43] - INFO: load data_dir module
2021-03-01 18:00:57,509 - davidyu_cfg.py[line:45] - INFO: load make_dir module
2021-03-01 18:01:07,265 - davidyu_cfg.py[line:41] - INFO: load log module
2021-03-01 18:01:07,284 - davidyu_cfg.py[line:43] - INFO: load data_dir module
2021-03-01 18:01:07,285 - davidyu_cfg.py[line:45] - INFO: load make_dir module
2021-03-01 18:01:18,068 - davidyu_cfg.py[line:41] - INFO: load log module
2021-03-01 18:01:18,087 - davidyu_cfg.py[line:43] - INFO: load data_dir module
2021-03-01 18:01:18,088 - davidyu_cfg.py[line:45] - INFO: load make_dir module
2021-03-01 18:01:29,090 - davidyu_cfg.py[line:41] - INFO: load log module
2021-03-01 18:01:29,131 - davidyu_cfg.py[line:43] - INFO: load data_dir module
2021-03-01 18:01:29,132 - davidyu_cfg.py[line:45] - INFO: load make_dir module
2021-03-01 18:01:41,237 - davidyu_cfg.py[line:41] - INFO: load log module
2021-03-01 18:01:41,262 - davidyu_cfg.py[line:43] - INFO: load data_dir module
2021-03-01 18:01:41,273 - davidyu_cfg.py[line:45] - INFO: load make_dir module
2021-03-01 18:01:51,304 - davidyu_cfg.py[line:41] - INFO: load log module
2021-03-01 18:01:51,344 - davidyu_cfg.py[line:43] - INFO: load data_dir module
2021-03-01 18:01:51,344 - davidyu_cfg.py[line:45] - INFO: load make_dir module
2021-03-01 18:02:02,670 - davidyu_cfg.py[line:41] - INFO: load log module
2021-03-01 18:02:02,690 - davidyu_cfg.py[line:43] - INFO: load data_dir module
2021-03-01 18:02:02,691 - davidyu_cfg.py[line:45] - INFO: load make_dir module
2021-03-01 18:02:13,224 - davidyu_cfg.py[line:41] - INFO: load log module
2021-03-01 18:02:13,245 - davidyu_cfg.py[line:43] - INFO: load data_dir module
2021-03-01 18:02:13,246 - davidyu_cfg.py[line:45] - INFO: load make_dir module
2021-03-01 18:02:24,447 - davidyu_cfg.py[line:41] - INFO: load log module
2021-03-01 18:02:24,469 - davidyu_cfg.py[line:43] - INFO: load data_dir module
2021-03-01 18:02:24,469 - davidyu_cfg.py[line:45] - INFO: load make_dir module
2021-03-01 18:02:34,923 - davidyu_cfg.py[line:41] - INFO: load log module
2021-03-01 18:02:34,946 - davidyu_cfg.py[line:43] - INFO: load data_dir module
2021-03-01 18:02:34,946 - davidyu_cfg.py[line:45] - INFO: load make_dir module
2021-03-01 18:02:45,510 - davidyu_cfg.py[line:41] - INFO: load log module
2021-03-01 18:02:45,554 - davidyu_cfg.py[line:43] - INFO: load data_dir module
2021-03-01 18:02:45,554 - davidyu_cfg.py[line:45] - INFO: load make_dir module
2021-03-01 18:02:55,680 - davidyu_cfg.py[line:41] - INFO: load log module
2021-03-01 18:02:55,718 - davidyu_cfg.py[line:43] - INFO: load data_dir module
2021-03-01 18:02:55,718 - davidyu_cfg.py[line:45] - INFO: load make_dir module
2021-03-01 18:03:06,860 - davidyu_cfg.py[line:41] - INFO: load log module
2021-03-01 18:03:06,879 - davidyu_cfg.py[line:43] - INFO: load data_dir module
2021-03-01 18:03:06,880 - davidyu_cfg.py[line:45] - INFO: load make_dir module
2021-03-01 18:03:16,942 - davidyu_cfg.py[line:41] - INFO: load log module
2021-03-01 18:03:16,995 - davidyu_cfg.py[line:43] - INFO: load data_dir module
2021-03-01 18:03:16,995 - davidyu_cfg.py[line:45] - INFO: load make_dir module
2021-03-01 18:03:28,910 - davidyu_cfg.py[line:41] - INFO: load log module
2021-03-01 18:03:28,931 - davidyu_cfg.py[line:43] - INFO: load data_dir module
2021-03-01 18:03:28,931 - davidyu_cfg.py[line:45] - INFO: load make_dir module
2021-03-01 18:03:40,778 - davidyu_cfg.py[line:41] - INFO: load log module
2021-03-01 18:03:40,829 - davidyu_cfg.py[line:43] - INFO: load data_dir module
2021-03-01 18:03:40,829 - davidyu_cfg.py[line:45] - INFO: load make_dir module
2021-03-01 18:03:52,375 - davidyu_cfg.py[line:41] - INFO: load log module
2021-03-01 18:03:52,397 - davidyu_cfg.py[line:43] - INFO: load data_dir module
2021-03-01 18:03:52,397 - davidyu_cfg.py[line:45] - INFO: load make_dir module
2021-03-01 18:04:03,003 - davidyu_cfg.py[line:41] - INFO: load log module
2021-03-01 18:04:03,041 - davidyu_cfg.py[line:43] - INFO: load data_dir module
2021-03-01 18:04:03,041 - davidyu_cfg.py[line:45] - INFO: load make_dir module
2021-03-01 18:04:13,233 - davidyu_cfg.py[line:41] - INFO: load log module
2021-03-01 18:04:13,253 - davidyu_cfg.py[line:43] - INFO: load data_dir module
2021-03-01 18:04:13,254 - davidyu_cfg.py[line:45] - INFO: load make_dir module
2021-03-01 18:04:24,718 - davidyu_cfg.py[line:41] - INFO: load log module
2021-03-01 18:04:24,738 - davidyu_cfg.py[line:43] - INFO: load data_dir module
2021-03-01 18:04:24,738 - davidyu_cfg.py[line:45] - INFO: load make_dir module
2021-03-01 18:04:34,582 - davidyu_cfg.py[line:41] - INFO: load log module
2021-03-01 18:04:34,601 - davidyu_cfg.py[line:43] - INFO: load data_dir module
2021-03-01 18:04:34,602 - davidyu_cfg.py[line:45] - INFO: load make_dir module
2021-03-01 18:04:45,379 - davidyu_cfg.py[line:41] - INFO: load log module
2021-03-01 18:04:45,406 - davidyu_cfg.py[line:43] - INFO: load data_dir module
2021-03-01 18:04:45,407 - davidyu_cfg.py[line:45] - INFO: load make_dir module
2021-03-01 18:04:55,238 - davidyu_cfg.py[line:41] - INFO: load log module
2021-03-01 18:04:55,284 - davidyu_cfg.py[line:43] - INFO: load data_dir module
2021-03-01 18:04:55,284 - davidyu_cfg.py[line:45] - INFO: load make_dir module
2021-03-01 18:05:05,816 - davidyu_cfg.py[line:41] - INFO: load log module
2021-03-01 18:05:05,858 - davidyu_cfg.py[line:43] - INFO: load data_dir module
2021-03-01 18:05:05,858 - davidyu_cfg.py[line:45] - INFO: load make_dir module
2021-03-01 18:05:16,259 - davidyu_cfg.py[line:41] - INFO: load log module
2021-03-01 18:05:16,279 - davidyu_cfg.py[line:43] - INFO: load data_dir module
2021-03-01 18:05:16,279 - davidyu_cfg.py[line:45] - INFO: load make_dir module
2021-03-01 18:05:28,244 - davidyu_cfg.py[line:41] - INFO: load log module
2021-03-01 18:05:28,289 - davidyu_cfg.py[line:43] - INFO: load data_dir module
2021-03-01 18:05:28,289 - davidyu_cfg.py[line:45] - INFO: load make_dir module
2021-03-01 18:05:37,969 - davidyu_cfg.py[line:41] - INFO: load log module
2021-03-01 18:05:37,988 - davidyu_cfg.py[line:43] - INFO: load data_dir module
2021-03-01 18:05:37,988 - davidyu_cfg.py[line:45] - INFO: load make_dir module
2021-03-01 18:05:49,223 - davidyu_cfg.py[line:41] - INFO: load log module
2021-03-01 18:05:49,261 - davidyu_cfg.py[line:43] - INFO: load data_dir module
2021-03-01 18:05:49,262 - davidyu_cfg.py[line:45] - INFO: load make_dir module
2021-03-01 18:05:59,196 - davidyu_cfg.py[line:41] - INFO: load log module
2021-03-01 18:05:59,249 - davidyu_cfg.py[line:43] - INFO: load data_dir module
2021-03-01 18:05:59,250 - davidyu_cfg.py[line:45] - INFO: load make_dir module
2021-03-01 18:06:11,238 - davidyu_cfg.py[line:41] - INFO: load log module
2021-03-01 18:06:11,259 - davidyu_cfg.py[line:43] - INFO: load data_dir module
2021-03-01 18:06:11,259 - davidyu_cfg.py[line:45] - INFO: load make_dir module
2021-03-01 18:06:21,647 - davidyu_cfg.py[line:41] - INFO: load log module
2021-03-01 18:06:21,668 - davidyu_cfg.py[line:43] - INFO: load data_dir module
2021-03-01 18:06:21,668 - davidyu_cfg.py[line:45] - INFO: load make_dir module
2021-03-01 18:06:33,647 - davidyu_cfg.py[line:41] - INFO: load log module
2021-03-01 18:06:33,671 - davidyu_cfg.py[line:43] - INFO: load data_dir module
2021-03-01 18:06:33,671 - davidyu_cfg.py[line:45] - INFO: load make_dir module
2021-03-01 18:06:43,666 - davidyu_cfg.py[line:41] - INFO: load log module
2021-03-01 18:06:43,709 - davidyu_cfg.py[line:43] - INFO: load data_dir module
2021-03-01 18:06:43,710 - davidyu_cfg.py[line:45] - INFO: load make_dir module
2021-03-01 18:06:54,421 - davidyu_cfg.py[line:41] - INFO: load log module
2021-03-01 18:06:54,441 - davidyu_cfg.py[line:43] - INFO: load data_dir module
2021-03-01 18:06:54,441 - davidyu_cfg.py[line:45] - INFO: load make_dir module
2021-03-01 18:07:05,465 - davidyu_cfg.py[line:41] - INFO: load log module
2021-03-01 18:07:05,505 - davidyu_cfg.py[line:43] - INFO: load data_dir module
2021-03-01 18:07:05,506 - davidyu_cfg.py[line:45] - INFO: load make_dir module
2021-03-01 18:07:15,890 - davidyu_cfg.py[line:41] - INFO: load log module
2021-03-01 18:07:15,910 - davidyu_cfg.py[line:43] - INFO: load data_dir module
2021-03-01 18:07:15,910 - davidyu_cfg.py[line:45] - INFO: load make_dir module
2021-03-01 18:07:26,528 - davidyu_cfg.py[line:41] - INFO: load log module
2021-03-01 18:07:26,546 - davidyu_cfg.py[line:43] - INFO: load data_dir module
2021-03-01 18:07:26,547 - davidyu_cfg.py[line:45] - INFO: load make_dir module
2021-03-01 18:07:37,698 - davidyu_cfg.py[line:41] - INFO: load log module
2021-03-01 18:07:37,717 - davidyu_cfg.py[line:43] - INFO: load data_dir module
2021-03-01 18:07:37,717 - davidyu_cfg.py[line:45] - INFO: load make_dir module
2021-03-01 18:07:48,418 - davidyu_cfg.py[line:41] - INFO: load log module
2021-03-01 18:07:48,471 - davidyu_cfg.py[line:43] - INFO: load data_dir module
2021-03-01 18:07:48,471 - davidyu_cfg.py[line:45] - INFO: load make_dir module
2021-03-01 18:07:59,052 - davidyu_cfg.py[line:41] - INFO: load log module
2021-03-01 18:07:59,075 - davidyu_cfg.py[line:43] - INFO: load data_dir module
2021-03-01 18:07:59,075 - davidyu_cfg.py[line:45] - INFO: load make_dir module
2021-03-01 18:08:11,242 - davidyu_cfg.py[line:41] - INFO: load log module
2021-03-01 18:08:11,261 - davidyu_cfg.py[line:43] - INFO: load data_dir module
2021-03-01 18:08:11,262 - davidyu_cfg.py[line:45] - INFO: load make_dir module
2021-03-01 18:08:21,204 - davidyu_cfg.py[line:41] - INFO: load log module
2021-03-01 18:08:21,223 - davidyu_cfg.py[line:43] - INFO: load data_dir module
2021-03-01 18:08:21,223 - davidyu_cfg.py[line:45] - INFO: load make_dir module
2021-03-01 18:08:33,036 - davidyu_cfg.py[line:41] - INFO: load log module
2021-03-01 18:08:33,055 - davidyu_cfg.py[line:43] - INFO: load data_dir module
2021-03-01 18:08:33,055 - davidyu_cfg.py[line:45] - INFO: load make_dir module
2021-03-01 18:08:43,668 - davidyu_cfg.py[line:41] - INFO: load log module
2021-03-01 18:08:43,716 - davidyu_cfg.py[line:43] - INFO: load data_dir module
2021-03-01 18:08:43,716 - davidyu_cfg.py[line:45] - INFO: load make_dir module
2021-03-01 18:08:53,847 - davidyu_cfg.py[line:41] - INFO: load log module
2021-03-01 18:08:53,867 - davidyu_cfg.py[line:43] - INFO: load data_dir module
2021-03-01 18:08:53,867 - davidyu_cfg.py[line:45] - INFO: load make_dir module
2021-03-01 18:09:03,782 - davidyu_cfg.py[line:41] - INFO: load log module
2021-03-01 18:09:03,803 - davidyu_cfg.py[line:43] - INFO: load data_dir module
2021-03-01 18:09:03,804 - davidyu_cfg.py[line:45] - INFO: load make_dir module
2021-03-01 18:09:15,638 - davidyu_cfg.py[line:41] - INFO: load log module
2021-03-01 18:09:15,669 - davidyu_cfg.py[line:43] - INFO: load data_dir module
2021-03-01 18:09:15,670 - davidyu_cfg.py[line:45] - INFO: load make_dir module
2021-03-01 18:09:25,333 - davidyu_cfg.py[line:41] - INFO: load log module
2021-03-01 18:09:25,352 - davidyu_cfg.py[line:43] - INFO: load data_dir module
2021-03-01 18:09:25,352 - davidyu_cfg.py[line:45] - INFO: load make_dir module
2021-03-01 18:09:36,819 - davidyu_cfg.py[line:41] - INFO: load log module
2021-03-01 18:09:36,840 - davidyu_cfg.py[line:43] - INFO: load data_dir module
2021-03-01 18:09:36,841 - davidyu_cfg.py[line:45] - INFO: load make_dir module
2021-03-01 18:09:48,288 - davidyu_cfg.py[line:41] - INFO: load log module
2021-03-01 18:09:48,332 - davidyu_cfg.py[line:43] - INFO: load data_dir module
2021-03-01 18:09:48,333 - davidyu_cfg.py[line:45] - INFO: load make_dir module
2021-03-01 18:09:58,822 - davidyu_cfg.py[line:41] - INFO: load log module
2021-03-01 18:09:58,843 - davidyu_cfg.py[line:43] - INFO: load data_dir module
2021-03-01 18:09:58,843 - davidyu_cfg.py[line:45] - INFO: load make_dir module
2021-03-01 18:10:09,178 - davidyu_cfg.py[line:41] - INFO: load log module
2021-03-01 18:10:09,197 - davidyu_cfg.py[line:43] - INFO: load data_dir module
2021-03-01 18:10:09,198 - davidyu_cfg.py[line:45] - INFO: load make_dir module
2021-03-01 18:10:20,548 - davidyu_cfg.py[line:41] - INFO: load log module
2021-03-01 18:10:20,568 - davidyu_cfg.py[line:43] - INFO: load data_dir module
2021-03-01 18:10:20,569 - davidyu_cfg.py[line:45] - INFO: load make_dir module
2021-03-01 18:10:30,539 - davidyu_cfg.py[line:41] - INFO: load log module
2021-03-01 18:10:30,560 - davidyu_cfg.py[line:43] - INFO: load data_dir module
2021-03-01 18:10:30,560 - davidyu_cfg.py[line:45] - INFO: load make_dir module
2021-03-01 18:10:41,906 - davidyu_cfg.py[line:41] - INFO: load log module
2021-03-01 18:10:41,925 - davidyu_cfg.py[line:43] - INFO: load data_dir module
2021-03-01 18:10:41,926 - davidyu_cfg.py[line:45] - INFO: load make_dir module
2021-03-01 18:10:53,296 - davidyu_cfg.py[line:41] - INFO: load log module
2021-03-01 18:10:53,335 - davidyu_cfg.py[line:43] - INFO: load data_dir module
2021-03-01 18:10:53,340 - davidyu_cfg.py[line:45] - INFO: load make_dir module
2021-03-01 18:11:03,694 - davidyu_cfg.py[line:41] - INFO: load log module
2021-03-01 18:11:03,713 - davidyu_cfg.py[line:43] - INFO: load data_dir module
2021-03-01 18:11:03,714 - davidyu_cfg.py[line:45] - INFO: load make_dir module
2021-03-01 18:11:13,559 - davidyu_cfg.py[line:41] - INFO: load log module
2021-03-01 18:11:13,604 - davidyu_cfg.py[line:43] - INFO: load data_dir module
2021-03-01 18:11:13,605 - davidyu_cfg.py[line:45] - INFO: load make_dir module
2021-03-01 18:11:25,339 - davidyu_cfg.py[line:41] - INFO: load log module
2021-03-01 18:11:25,364 - davidyu_cfg.py[line:43] - INFO: load data_dir module
2021-03-01 18:11:25,364 - davidyu_cfg.py[line:45] - INFO: load make_dir module
2021-03-01 18:11:36,592 - davidyu_cfg.py[line:41] - INFO: load log module
2021-03-01 18:11:36,634 - davidyu_cfg.py[line:43] - INFO: load data_dir module
2021-03-01 18:11:36,635 - davidyu_cfg.py[line:45] - INFO: load make_dir module
2021-03-01 18:11:46,627 - davidyu_cfg.py[line:41] - INFO: load log module
2021-03-01 18:11:46,647 - davidyu_cfg.py[line:43] - INFO: load data_dir module
2021-03-01 18:11:46,647 - davidyu_cfg.py[line:45] - INFO: load make_dir module
2021-03-01 18:11:58,115 - davidyu_cfg.py[line:41] - INFO: load log module
2021-03-01 18:11:58,150 - davidyu_cfg.py[line:43] - INFO: load data_dir module
2021-03-01 18:11:58,150 - davidyu_cfg.py[line:45] - INFO: load make_dir module
2021-03-01 18:12:07,957 - davidyu_cfg.py[line:41] - INFO: load log module
2021-03-01 18:12:07,976 - davidyu_cfg.py[line:43] - INFO: load data_dir module
2021-03-01 18:12:07,977 - davidyu_cfg.py[line:45] - INFO: load make_dir module
2021-03-01 18:12:18,437 - davidyu_cfg.py[line:41] - INFO: load log module
2021-03-01 18:12:18,473 - davidyu_cfg.py[line:43] - INFO: load data_dir module
2021-03-01 18:12:18,474 - davidyu_cfg.py[line:45] - INFO: load make_dir module
2021-03-01 18:12:29,392 - davidyu_cfg.py[line:41] - INFO: load log module
2021-03-01 18:12:29,411 - davidyu_cfg.py[line:43] - INFO: load data_dir module
2021-03-01 18:12:29,411 - davidyu_cfg.py[line:45] - INFO: load make_dir module
2021-03-01 18:12:41,562 - davidyu_cfg.py[line:41] - INFO: load log module
2021-03-01 18:12:41,581 - davidyu_cfg.py[line:43] - INFO: load data_dir module
2021-03-01 18:12:41,581 - davidyu_cfg.py[line:45] - INFO: load make_dir module
2021-03-01 18:12:51,333 - davidyu_cfg.py[line:41] - INFO: load log module
2021-03-01 18:12:51,351 - davidyu_cfg.py[line:43] - INFO: load data_dir module
2021-03-01 18:12:51,352 - davidyu_cfg.py[line:45] - INFO: load make_dir module
2021-03-01 18:13:03,379 - davidyu_cfg.py[line:41] - INFO: load log module
2021-03-01 18:13:03,415 - davidyu_cfg.py[line:43] - INFO: load data_dir module
2021-03-01 18:13:03,415 - davidyu_cfg.py[line:45] - INFO: load make_dir module
2021-03-01 18:13:13,629 - davidyu_cfg.py[line:41] - INFO: load log module
2021-03-01 18:13:13,651 - davidyu_cfg.py[line:43] - INFO: load data_dir module
2021-03-01 18:13:13,652 - davidyu_cfg.py[line:45] - INFO: load make_dir module
2021-03-01 18:13:24,491 - davidyu_cfg.py[line:41] - INFO: load log module
2021-03-01 18:13:24,510 - davidyu_cfg.py[line:43] - INFO: load data_dir module
2021-03-01 18:13:24,511 - davidyu_cfg.py[line:45] - INFO: load make_dir module
2021-03-01 18:13:35,645 - davidyu_cfg.py[line:41] - INFO: load log module
2021-03-01 18:13:35,664 - davidyu_cfg.py[line:43] - INFO: load data_dir module
2021-03-01 18:13:35,664 - davidyu_cfg.py[line:45] - INFO: load make_dir module
2021-03-01 18:13:45,816 - davidyu_cfg.py[line:41] - INFO: load log module
2021-03-01 18:13:45,835 - davidyu_cfg.py[line:43] - INFO: load data_dir module
2021-03-01 18:13:45,836 - davidyu_cfg.py[line:45] - INFO: load make_dir module
2021-03-01 18:13:55,741 - davidyu_cfg.py[line:41] - INFO: load log module
2021-03-01 18:13:55,760 - davidyu_cfg.py[line:43] - INFO: load data_dir module
2021-03-01 18:13:55,760 - davidyu_cfg.py[line:45] - INFO: load make_dir module
2021-03-01 18:14:06,275 - davidyu_cfg.py[line:41] - INFO: load log module
2021-03-01 18:14:06,294 - davidyu_cfg.py[line:43] - INFO: load data_dir module
2021-03-01 18:14:06,295 - davidyu_cfg.py[line:45] - INFO: load make_dir module
2021-03-01 18:14:16,639 - davidyu_cfg.py[line:41] - INFO: load log module
2021-03-01 18:14:16,672 - davidyu_cfg.py[line:43] - INFO: load data_dir module
2021-03-01 18:14:16,672 - davidyu_cfg.py[line:45] - INFO: load make_dir module
2021-03-01 18:14:27,046 - davidyu_cfg.py[line:41] - INFO: load log module
2021-03-01 18:14:27,067 - davidyu_cfg.py[line:43] - INFO: load data_dir module
2021-03-01 18:14:27,068 - davidyu_cfg.py[line:45] - INFO: load make_dir module
2021-03-01 18:14:37,805 - davidyu_cfg.py[line:41] - INFO: load log module
2021-03-01 18:14:37,849 - davidyu_cfg.py[line:43] - INFO: load data_dir module
2021-03-01 18:14:37,849 - davidyu_cfg.py[line:45] - INFO: load make_dir module
2021-03-01 18:14:48,819 - davidyu_cfg.py[line:41] - INFO: load log module
2021-03-01 18:14:48,839 - davidyu_cfg.py[line:43] - INFO: load data_dir module
2021-03-01 18:14:48,840 - davidyu_cfg.py[line:45] - INFO: load make_dir module
2021-03-01 18:14:59,083 - davidyu_cfg.py[line:41] - INFO: load log module
2021-03-01 18:14:59,124 - davidyu_cfg.py[line:43] - INFO: load data_dir module
2021-03-01 18:14:59,124 - davidyu_cfg.py[line:45] - INFO: load make_dir module
2021-03-01 18:15:09,782 - davidyu_cfg.py[line:41] - INFO: load log module
2021-03-01 18:15:09,821 - davidyu_cfg.py[line:43] - INFO: load data_dir module
2021-03-01 18:15:09,821 - davidyu_cfg.py[line:45] - INFO: load make_dir module
2021-03-01 18:15:20,562 - davidyu_cfg.py[line:41] - INFO: load log module
2021-03-01 18:15:20,602 - davidyu_cfg.py[line:43] - INFO: load data_dir module
2021-03-01 18:15:20,603 - davidyu_cfg.py[line:45] - INFO: load make_dir module
2021-03-01 18:15:31,677 - davidyu_cfg.py[line:41] - INFO: load log module
2021-03-01 18:15:31,705 - davidyu_cfg.py[line:43] - INFO: load data_dir module
2021-03-01 18:15:31,705 - davidyu_cfg.py[line:45] - INFO: load make_dir module
2021-03-01 18:15:41,334 - davidyu_cfg.py[line:41] - INFO: load log module
2021-03-01 18:15:41,373 - davidyu_cfg.py[line:43] - INFO: load data_dir module
2021-03-01 18:15:41,374 - davidyu_cfg.py[line:45] - INFO: load make_dir module
2021-03-01 18:15:53,485 - davidyu_cfg.py[line:41] - INFO: load log module
2021-03-01 18:15:53,504 - davidyu_cfg.py[line:43] - INFO: load data_dir module
2021-03-01 18:15:53,504 - davidyu_cfg.py[line:45] - INFO: load make_dir module
2021-03-01 18:16:03,165 - davidyu_cfg.py[line:41] - INFO: load log module
2021-03-01 18:16:03,185 - davidyu_cfg.py[line:43] - INFO: load data_dir module
2021-03-01 18:16:03,185 - davidyu_cfg.py[line:45] - INFO: load make_dir module
2021-03-01 18:16:14,782 - davidyu_cfg.py[line:41] - INFO: load log module
2021-03-01 18:16:14,802 - davidyu_cfg.py[line:43] - INFO: load data_dir module
2021-03-01 18:16:14,802 - davidyu_cfg.py[line:45] - INFO: load make_dir module
2021-03-01 18:16:24,601 - davidyu_cfg.py[line:41] - INFO: load log module
2021-03-01 18:16:24,777 - davidyu_cfg.py[line:43] - INFO: load data_dir module
2021-03-01 18:16:24,777 - davidyu_cfg.py[line:45] - INFO: load make_dir module
2021-03-01 18:16:35,035 - davidyu_cfg.py[line:41] - INFO: load log module
2021-03-01 18:16:35,054 - davidyu_cfg.py[line:43] - INFO: load data_dir module
2021-03-01 18:16:35,055 - davidyu_cfg.py[line:45] - INFO: load make_dir module
2021-03-01 18:16:45,145 - davidyu_cfg.py[line:41] - INFO: load log module
2021-03-01 18:16:45,165 - davidyu_cfg.py[line:43] - INFO: load data_dir module
2021-03-01 18:16:45,165 - davidyu_cfg.py[line:45] - INFO: load make_dir module
2021-03-01 18:16:56,247 - davidyu_cfg.py[line:41] - INFO: load log module
2021-03-01 18:16:56,304 - davidyu_cfg.py[line:43] - INFO: load data_dir module
2021-03-01 18:16:56,304 - davidyu_cfg.py[line:45] - INFO: load make_dir module
2021-03-01 18:17:06,187 - davidyu_cfg.py[line:41] - INFO: load log module
2021-03-01 18:17:06,206 - davidyu_cfg.py[line:43] - INFO: load data_dir module
2021-03-01 18:17:06,207 - davidyu_cfg.py[line:45] - INFO: load make_dir module
2021-03-01 18:17:17,021 - davidyu_cfg.py[line:41] - INFO: load log module
2021-03-01 18:17:17,044 - davidyu_cfg.py[line:43] - INFO: load data_dir module
2021-03-01 18:17:17,044 - davidyu_cfg.py[line:45] - INFO: load make_dir module
2021-03-01 18:17:27,591 - davidyu_cfg.py[line:41] - INFO: load log module
2021-03-01 18:17:27,611 - davidyu_cfg.py[line:43] - INFO: load data_dir module
2021-03-01 18:17:27,611 - davidyu_cfg.py[line:45] - INFO: load make_dir module
2021-03-01 18:17:37,602 - davidyu_cfg.py[line:41] - INFO: load log module
2021-03-01 18:17:37,622 - davidyu_cfg.py[line:43] - INFO: load data_dir module
2021-03-01 18:17:37,622 - davidyu_cfg.py[line:45] - INFO: load make_dir module
2021-03-01 18:17:48,693 - davidyu_cfg.py[line:41] - INFO: load log module
2021-03-01 18:17:48,713 - davidyu_cfg.py[line:43] - INFO: load data_dir module
2021-03-01 18:17:48,713 - davidyu_cfg.py[line:45] - INFO: load make_dir module
2021-03-01 18:17:59,241 - davidyu_cfg.py[line:41] - INFO: load log module
2021-03-01 18:17:59,306 - davidyu_cfg.py[line:43] - INFO: load data_dir module
2021-03-01 18:17:59,306 - davidyu_cfg.py[line:45] - INFO: load make_dir module
2021-03-01 18:18:09,807 - davidyu_cfg.py[line:41] - INFO: load log module
2021-03-01 18:18:09,829 - davidyu_cfg.py[line:43] - INFO: load data_dir module
2021-03-01 18:18:09,829 - davidyu_cfg.py[line:45] - INFO: load make_dir module
2021-03-01 18:18:21,111 - davidyu_cfg.py[line:41] - INFO: load log module
2021-03-01 18:18:21,170 - davidyu_cfg.py[line:43] - INFO: load data_dir module
2021-03-01 18:18:21,170 - davidyu_cfg.py[line:45] - INFO: load make_dir module
2021-03-01 18:18:32,011 - davidyu_cfg.py[line:41] - INFO: load log module
2021-03-01 18:18:32,033 - davidyu_cfg.py[line:43] - INFO: load data_dir module
2021-03-01 18:18:32,033 - davidyu_cfg.py[line:45] - INFO: load make_dir module
2021-03-01 18:18:44,104 - davidyu_cfg.py[line:41] - INFO: load log module
2021-03-01 18:18:44,172 - davidyu_cfg.py[line:43] - INFO: load data_dir module
2021-03-01 18:18:44,173 - davidyu_cfg.py[line:45] - INFO: load make_dir module
2021-03-01 18:18:54,497 - davidyu_cfg.py[line:41] - INFO: load log module
2021-03-01 18:18:54,519 - davidyu_cfg.py[line:43] - INFO: load data_dir module
2021-03-01 18:18:54,519 - davidyu_cfg.py[line:45] - INFO: load make_dir module
2021-03-01 18:19:05,759 - davidyu_cfg.py[line:41] - INFO: load log module
2021-03-01 18:19:05,803 - davidyu_cfg.py[line:43] - INFO: load data_dir module
2021-03-01 18:19:05,804 - davidyu_cfg.py[line:45] - INFO: load make_dir module
2021-03-01 18:19:15,683 - davidyu_cfg.py[line:41] - INFO: load log module
2021-03-01 18:19:15,703 - davidyu_cfg.py[line:43] - INFO: load data_dir module
2021-03-01 18:19:15,703 - davidyu_cfg.py[line:45] - INFO: load make_dir module
2021-03-01 18:19:25,466 - davidyu_cfg.py[line:41] - INFO: load log module
2021-03-01 18:19:25,484 - davidyu_cfg.py[line:43] - INFO: load data_dir module
2021-03-01 18:19:25,485 - davidyu_cfg.py[line:45] - INFO: load make_dir module
2021-03-01 18:19:35,923 - davidyu_cfg.py[line:41] - INFO: load log module
2021-03-01 18:19:35,944 - davidyu_cfg.py[line:43] - INFO: load data_dir module
2021-03-01 18:19:35,945 - davidyu_cfg.py[line:45] - INFO: load make_dir module
2021-03-01 18:19:45,817 - davidyu_cfg.py[line:41] - INFO: load log module
2021-03-01 18:19:45,854 - davidyu_cfg.py[line:43] - INFO: load data_dir module
2021-03-01 18:19:45,855 - davidyu_cfg.py[line:45] - INFO: load make_dir module
2021-03-01 18:19:57,475 - davidyu_cfg.py[line:41] - INFO: load log module
2021-03-01 18:19:57,497 - davidyu_cfg.py[line:43] - INFO: load data_dir module
2021-03-01 18:19:57,498 - davidyu_cfg.py[line:45] - INFO: load make_dir module
2021-03-01 18:20:08,187 - davidyu_cfg.py[line:41] - INFO: load log module
2021-03-01 18:20:08,217 - davidyu_cfg.py[line:43] - INFO: load data_dir module
2021-03-01 18:20:08,217 - davidyu_cfg.py[line:45] - INFO: load make_dir module
2021-03-01 18:20:19,035 - davidyu_cfg.py[line:41] - INFO: load log module
2021-03-01 18:20:19,054 - davidyu_cfg.py[line:43] - INFO: load data_dir module
2021-03-01 18:20:19,054 - davidyu_cfg.py[line:45] - INFO: load make_dir module
2021-03-01 18:20:29,999 - davidyu_cfg.py[line:41] - INFO: load log module
2021-03-01 18:20:30,049 - davidyu_cfg.py[line:43] - INFO: load data_dir module
2021-03-01 18:20:30,049 - davidyu_cfg.py[line:45] - INFO: load make_dir module
2021-03-01 18:20:41,247 - davidyu_cfg.py[line:41] - INFO: load log module
2021-03-01 18:20:41,272 - davidyu_cfg.py[line:43] - INFO: load data_dir module
2021-03-01 18:20:41,272 - davidyu_cfg.py[line:45] - INFO: load make_dir module
2021-03-01 18:20:52,655 - davidyu_cfg.py[line:41] - INFO: load log module
2021-03-01 18:20:52,704 - davidyu_cfg.py[line:43] - INFO: load data_dir module
2021-03-01 18:20:52,704 - davidyu_cfg.py[line:45] - INFO: load make_dir module
2021-03-01 18:21:02,698 - davidyu_cfg.py[line:41] - INFO: load log module
2021-03-01 18:21:02,739 - davidyu_cfg.py[line:43] - INFO: load data_dir module
2021-03-01 18:21:02,739 - davidyu_cfg.py[line:45] - INFO: load make_dir module
2021-03-01 18:21:14,184 - davidyu_cfg.py[line:41] - INFO: load log module
2021-03-01 18:21:14,208 - davidyu_cfg.py[line:43] - INFO: load data_dir module
2021-03-01 18:21:14,208 - davidyu_cfg.py[line:45] - INFO: load make_dir module
2021-03-01 18:21:24,575 - davidyu_cfg.py[line:41] - INFO: load log module
2021-03-01 18:21:24,595 - davidyu_cfg.py[line:43] - INFO: load data_dir module
2021-03-01 18:21:24,595 - davidyu_cfg.py[line:45] - INFO: load make_dir module
2021-03-01 18:21:35,738 - davidyu_cfg.py[line:41] - INFO: load log module
2021-03-01 18:21:35,760 - davidyu_cfg.py[line:43] - INFO: load data_dir module
2021-03-01 18:21:35,760 - davidyu_cfg.py[line:45] - INFO: load make_dir module
2021-03-01 18:21:45,671 - davidyu_cfg.py[line:41] - INFO: load log module
2021-03-01 18:21:45,693 - davidyu_cfg.py[line:43] - INFO: load data_dir module
2021-03-01 18:21:45,693 - davidyu_cfg.py[line:45] - INFO: load make_dir module
2021-03-01 18:21:56,526 - davidyu_cfg.py[line:41] - INFO: load log module
2021-03-01 18:21:56,545 - davidyu_cfg.py[line:43] - INFO: load data_dir module
2021-03-01 18:21:56,545 - davidyu_cfg.py[line:45] - INFO: load make_dir module
2021-03-01 18:22:07,316 - davidyu_cfg.py[line:41] - INFO: load log module
2021-03-01 18:22:07,338 - davidyu_cfg.py[line:43] - INFO: load data_dir module
2021-03-01 18:22:07,339 - davidyu_cfg.py[line:45] - INFO: load make_dir module
2021-03-01 18:22:17,914 - davidyu_cfg.py[line:41] - INFO: load log module
2021-03-01 18:22:17,938 - davidyu_cfg.py[line:43] - INFO: load data_dir module
2021-03-01 18:22:17,938 - davidyu_cfg.py[line:45] - INFO: load make_dir module
2021-03-01 18:22:28,253 - davidyu_cfg.py[line:41] - INFO: load log module
2021-03-01 18:22:28,273 - davidyu_cfg.py[line:43] - INFO: load data_dir module
2021-03-01 18:22:28,273 - davidyu_cfg.py[line:45] - INFO: load make_dir module
2021-03-01 18:22:39,150 - davidyu_cfg.py[line:41] - INFO: load log module
2021-03-01 18:22:39,171 - davidyu_cfg.py[line:43] - INFO: load data_dir module
2021-03-01 18:22:39,172 - davidyu_cfg.py[line:45] - INFO: load make_dir module
2021-03-01 18:22:49,830 - davidyu_cfg.py[line:41] - INFO: load log module
2021-03-01 18:22:49,877 - davidyu_cfg.py[line:43] - INFO: load data_dir module
2021-03-01 18:22:49,878 - davidyu_cfg.py[line:45] - INFO: load make_dir module
2021-03-01 18:23:00,775 - davidyu_cfg.py[line:41] - INFO: load log module
2021-03-01 18:23:00,795 - davidyu_cfg.py[line:43] - INFO: load data_dir module
2021-03-01 18:23:00,796 - davidyu_cfg.py[line:45] - INFO: load make_dir module
2021-03-01 18:23:12,845 - davidyu_cfg.py[line:41] - INFO: load log module
2021-03-01 18:23:12,893 - davidyu_cfg.py[line:43] - INFO: load data_dir module
2021-03-01 18:23:12,893 - davidyu_cfg.py[line:45] - INFO: load make_dir module
2021-03-01 18:23:22,830 - davidyu_cfg.py[line:41] - INFO: load log module
2021-03-01 18:23:22,849 - davidyu_cfg.py[line:43] - INFO: load data_dir module
2021-03-01 18:23:22,850 - davidyu_cfg.py[line:45] - INFO: load make_dir module
2021-03-01 18:23:33,448 - davidyu_cfg.py[line:41] - INFO: load log module
2021-03-01 18:23:33,467 - davidyu_cfg.py[line:43] - INFO: load data_dir module
2021-03-01 18:23:33,467 - davidyu_cfg.py[line:45] - INFO: load make_dir module
2021-03-01 18:23:43,486 - davidyu_cfg.py[line:41] - INFO: load log module
2021-03-01 18:23:43,507 - davidyu_cfg.py[line:43] - INFO: load data_dir module
2021-03-01 18:23:43,508 - davidyu_cfg.py[line:45] - INFO: load make_dir module
2021-03-01 18:23:55,417 - davidyu_cfg.py[line:41] - INFO: load log module
2021-03-01 18:23:55,451 - davidyu_cfg.py[line:43] - INFO: load data_dir module
2021-03-01 18:23:55,451 - davidyu_cfg.py[line:45] - INFO: load make_dir module
2021-03-01 18:24:05,346 - davidyu_cfg.py[line:41] - INFO: load log module
2021-03-01 18:24:05,367 - davidyu_cfg.py[line:43] - INFO: load data_dir module
2021-03-01 18:24:05,367 - davidyu_cfg.py[line:45] - INFO: load make_dir module
2021-03-01 18:24:17,244 - davidyu_cfg.py[line:41] - INFO: load log module
2021-03-01 18:24:17,264 - davidyu_cfg.py[line:43] - INFO: load data_dir module
2021-03-01 18:24:17,264 - davidyu_cfg.py[line:45] - INFO: load make_dir module
2021-03-01 18:24:27,278 - davidyu_cfg.py[line:41] - INFO: load log module
2021-03-01 18:24:27,297 - davidyu_cfg.py[line:43] - INFO: load data_dir module
2021-03-01 18:24:27,298 - davidyu_cfg.py[line:45] - INFO: load make_dir module
2021-03-01 18:24:37,664 - davidyu_cfg.py[line:41] - INFO: load log module
2021-03-01 18:24:37,684 - davidyu_cfg.py[line:43] - INFO: load data_dir module
2021-03-01 18:24:37,685 - davidyu_cfg.py[line:45] - INFO: load make_dir module
2021-03-01 18:24:47,551 - davidyu_cfg.py[line:41] - INFO: load log module
2021-03-01 18:24:47,570 - davidyu_cfg.py[line:43] - INFO: load data_dir module
2021-03-01 18:24:47,570 - davidyu_cfg.py[line:45] - INFO: load make_dir module
2021-03-01 18:24:58,327 - davidyu_cfg.py[line:41] - INFO: load log module
2021-03-01 18:24:58,347 - davidyu_cfg.py[line:43] - INFO: load data_dir module
2021-03-01 18:24:58,347 - davidyu_cfg.py[line:45] - INFO: load make_dir module
2021-03-01 18:25:08,771 - davidyu_cfg.py[line:41] - INFO: load log module
2021-03-01 18:25:08,810 - davidyu_cfg.py[line:43] - INFO: load data_dir module
2021-03-01 18:25:08,810 - davidyu_cfg.py[line:45] - INFO: load make_dir module
2021-03-01 18:25:19,209 - davidyu_cfg.py[line:41] - INFO: load log module
2021-03-01 18:25:19,250 - davidyu_cfg.py[line:43] - INFO: load data_dir module
2021-03-01 18:25:19,250 - davidyu_cfg.py[line:45] - INFO: load make_dir module
2021-03-01 18:25:29,851 - davidyu_cfg.py[line:41] - INFO: load log module
2021-03-01 18:25:29,870 - davidyu_cfg.py[line:43] - INFO: load data_dir module
2021-03-01 18:25:29,870 - davidyu_cfg.py[line:45] - INFO: load make_dir module
2021-03-01 18:25:41,012 - davidyu_cfg.py[line:41] - INFO: load log module
2021-03-01 18:25:41,052 - davidyu_cfg.py[line:43] - INFO: load data_dir module
2021-03-01 18:25:41,053 - davidyu_cfg.py[line:45] - INFO: load make_dir module
2021-03-01 18:25:51,876 - davidyu_cfg.py[line:41] - INFO: load log module
2021-03-01 18:25:51,896 - davidyu_cfg.py[line:43] - INFO: load data_dir module
2021-03-01 18:25:51,896 - davidyu_cfg.py[line:45] - INFO: load make_dir module
2021-03-01 18:26:04,150 - davidyu_cfg.py[line:41] - INFO: load log module
2021-03-01 18:26:04,196 - davidyu_cfg.py[line:43] - INFO: load data_dir module
2021-03-01 18:26:04,196 - davidyu_cfg.py[line:45] - INFO: load make_dir module
2021-03-01 18:26:13,709 - davidyu_cfg.py[line:41] - INFO: load log module
2021-03-01 18:26:13,739 - davidyu_cfg.py[line:43] - INFO: load data_dir module
2021-03-01 18:26:13,739 - davidyu_cfg.py[line:45] - INFO: load make_dir module
2021-03-01 18:26:24,680 - davidyu_cfg.py[line:41] - INFO: load log module
2021-03-01 18:26:24,719 - davidyu_cfg.py[line:43] - INFO: load data_dir module
2021-03-01 18:26:24,719 - davidyu_cfg.py[line:45] - INFO: load make_dir module
2021-03-01 18:26:34,540 - davidyu_cfg.py[line:41] - INFO: load log module
2021-03-01 18:26:34,561 - davidyu_cfg.py[line:43] - INFO: load data_dir module
2021-03-01 18:26:34,561 - davidyu_cfg.py[line:45] - INFO: load make_dir module
2021-03-01 18:26:44,760 - davidyu_cfg.py[line:41] - INFO: load log module
2021-03-01 18:26:44,783 - davidyu_cfg.py[line:43] - INFO: load data_dir module
2021-03-01 18:26:44,783 - davidyu_cfg.py[line:45] - INFO: load make_dir module
2021-03-01 18:26:55,822 - davidyu_cfg.py[line:41] - INFO: load log module
2021-03-01 18:26:55,841 - davidyu_cfg.py[line:43] - INFO: load data_dir module
2021-03-01 18:26:55,842 - davidyu_cfg.py[line:45] - INFO: load make_dir module
2021-03-01 18:27:06,303 - davidyu_cfg.py[line:41] - INFO: load log module
2021-03-01 18:27:06,323 - davidyu_cfg.py[line:43] - INFO: load data_dir module
2021-03-01 18:27:06,323 - davidyu_cfg.py[line:45] - INFO: load make_dir module
2021-03-01 18:27:16,045 - davidyu_cfg.py[line:41] - INFO: load log module
2021-03-01 18:27:16,064 - davidyu_cfg.py[line:43] - INFO: load data_dir module
2021-03-01 18:27:16,065 - davidyu_cfg.py[line:45] - INFO: load make_dir module
2021-03-01 18:27:26,187 - davidyu_cfg.py[line:41] - INFO: load log module
2021-03-01 18:27:26,254 - davidyu_cfg.py[line:43] - INFO: load data_dir module
2021-03-01 18:27:26,255 - davidyu_cfg.py[line:45] - INFO: load make_dir module
2021-03-01 18:27:37,374 - davidyu_cfg.py[line:41] - INFO: load log module
2021-03-01 18:27:37,399 - davidyu_cfg.py[line:43] - INFO: load data_dir module
2021-03-01 18:27:37,399 - davidyu_cfg.py[line:45] - INFO: load make_dir module
2021-03-01 18:27:48,405 - davidyu_cfg.py[line:41] - INFO: load log module
2021-03-01 18:27:48,444 - davidyu_cfg.py[line:43] - INFO: load data_dir module
2021-03-01 18:27:48,445 - davidyu_cfg.py[line:45] - INFO: load make_dir module
2021-03-01 18:27:58,604 - davidyu_cfg.py[line:41] - INFO: load log module
2021-03-01 18:27:58,626 - davidyu_cfg.py[line:43] - INFO: load data_dir module
2021-03-01 18:27:58,626 - davidyu_cfg.py[line:45] - INFO: load make_dir module
2021-03-01 18:28:09,761 - davidyu_cfg.py[line:41] - INFO: load log module
2021-03-01 18:28:09,780 - davidyu_cfg.py[line:43] - INFO: load data_dir module
2021-03-01 18:28:09,780 - davidyu_cfg.py[line:45] - INFO: load make_dir module
2021-03-01 18:28:20,666 - davidyu_cfg.py[line:41] - INFO: load log module
2021-03-01 18:28:20,687 - davidyu_cfg.py[line:43] - INFO: load data_dir module
2021-03-01 18:28:20,688 - davidyu_cfg.py[line:45] - INFO: load make_dir module
2021-03-01 18:28:31,654 - davidyu_cfg.py[line:41] - INFO: load log module
2021-03-01 18:28:31,690 - davidyu_cfg.py[line:43] - INFO: load data_dir module
2021-03-01 18:28:31,690 - davidyu_cfg.py[line:45] - INFO: load make_dir module
2021-03-01 18:28:42,560 - davidyu_cfg.py[line:41] - INFO: load log module
2021-03-01 18:28:42,579 - davidyu_cfg.py[line:43] - INFO: load data_dir module
2021-03-01 18:28:42,579 - davidyu_cfg.py[line:45] - INFO: load make_dir module
2021-03-01 18:28:52,823 - davidyu_cfg.py[line:41] - INFO: load log module
2021-03-01 18:28:52,842 - davidyu_cfg.py[line:43] - INFO: load data_dir module
2021-03-01 18:28:52,843 - davidyu_cfg.py[line:45] - INFO: load make_dir module
2021-03-01 18:29:03,648 - davidyu_cfg.py[line:41] - INFO: load log module
2021-03-01 18:29:03,667 - davidyu_cfg.py[line:43] - INFO: load data_dir module
2021-03-01 18:29:03,668 - davidyu_cfg.py[line:45] - INFO: load make_dir module
2021-03-01 18:29:13,596 - davidyu_cfg.py[line:41] - INFO: load log module
2021-03-01 18:29:13,615 - davidyu_cfg.py[line:43] - INFO: load data_dir module
2021-03-01 18:29:13,615 - davidyu_cfg.py[line:45] - INFO: load make_dir module
2021-03-01 18:29:24,898 - davidyu_cfg.py[line:41] - INFO: load log module
2021-03-01 18:29:24,919 - davidyu_cfg.py[line:43] - INFO: load data_dir module
2021-03-01 18:29:24,919 - davidyu_cfg.py[line:45] - INFO: load make_dir module
2021-03-01 18:29:36,048 - davidyu_cfg.py[line:41] - INFO: load log module
2021-03-01 18:29:36,085 - davidyu_cfg.py[line:43] - INFO: load data_dir module
2021-03-01 18:29:36,085 - davidyu_cfg.py[line:45] - INFO: load make_dir module
2021-03-01 18:29:46,431 - davidyu_cfg.py[line:41] - INFO: load log module
2021-03-01 18:29:46,449 - davidyu_cfg.py[line:43] - INFO: load data_dir module
2021-03-01 18:29:46,450 - davidyu_cfg.py[line:45] - INFO: load make_dir module
2021-03-01 18:29:56,573 - davidyu_cfg.py[line:41] - INFO: load log module
2021-03-01 18:29:56,611 - davidyu_cfg.py[line:43] - INFO: load data_dir module
2021-03-01 18:29:56,611 - davidyu_cfg.py[line:45] - INFO: load make_dir module
2021-03-01 18:30:07,224 - davidyu_cfg.py[line:41] - INFO: load log module
2021-03-01 18:30:07,254 - davidyu_cfg.py[line:43] - INFO: load data_dir module
2021-03-01 18:30:07,254 - davidyu_cfg.py[line:45] - INFO: load make_dir module
2021-03-01 18:30:19,336 - davidyu_cfg.py[line:41] - INFO: load log module
2021-03-01 18:30:19,378 - davidyu_cfg.py[line:43] - INFO: load data_dir module
2021-03-01 18:30:19,378 - davidyu_cfg.py[line:45] - INFO: load make_dir module
2021-03-01 18:30:36,025 - davidyu_cfg.py[line:41] - INFO: load log module
2021-03-01 18:30:36,084 - davidyu_cfg.py[line:43] - INFO: load data_dir module
2021-03-01 18:30:36,084 - davidyu_cfg.py[line:45] - INFO: load make_dir module
2021-03-01 18:30:49,570 - davidyu_cfg.py[line:41] - INFO: load log module
2021-03-01 18:30:49,668 - davidyu_cfg.py[line:43] - INFO: load data_dir module
2021-03-01 18:30:49,668 - davidyu_cfg.py[line:45] - INFO: load make_dir module
2021-03-01 18:31:01,981 - davidyu_cfg.py[line:41] - INFO: load log module
2021-03-01 18:31:02,003 - davidyu_cfg.py[line:43] - INFO: load data_dir module
2021-03-01 18:31:02,004 - davidyu_cfg.py[line:45] - INFO: load make_dir module
2021-03-01 18:31:13,136 - davidyu_cfg.py[line:41] - INFO: load log module
2021-03-01 18:31:13,178 - davidyu_cfg.py[line:43] - INFO: load data_dir module
2021-03-01 18:31:13,178 - davidyu_cfg.py[line:45] - INFO: load make_dir module
2021-03-01 18:31:23,244 - davidyu_cfg.py[line:41] - INFO: load log module
2021-03-01 18:31:23,267 - davidyu_cfg.py[line:43] - INFO: load data_dir module
2021-03-01 18:31:23,268 - davidyu_cfg.py[line:45] - INFO: load make_dir module
2021-03-01 18:31:33,886 - davidyu_cfg.py[line:41] - INFO: load log module
2021-03-01 18:31:33,950 - davidyu_cfg.py[line:43] - INFO: load data_dir module
2021-03-01 18:31:33,951 - davidyu_cfg.py[line:45] - INFO: load make_dir module
2021-03-01 18:31:44,576 - davidyu_cfg.py[line:41] - INFO: load log module
2021-03-01 18:31:44,595 - davidyu_cfg.py[line:43] - INFO: load data_dir module
2021-03-01 18:31:44,595 - davidyu_cfg.py[line:45] - INFO: load make_dir module
2021-03-01 18:31:55,224 - davidyu_cfg.py[line:41] - INFO: load log module
2021-03-01 18:31:55,244 - davidyu_cfg.py[line:43] - INFO: load data_dir module
2021-03-01 18:31:55,244 - davidyu_cfg.py[line:45] - INFO: load make_dir module
2021-03-01 18:32:05,994 - davidyu_cfg.py[line:41] - INFO: load log module
2021-03-01 18:32:06,013 - davidyu_cfg.py[line:43] - INFO: load data_dir module
2021-03-01 18:32:06,014 - davidyu_cfg.py[line:45] - INFO: load make_dir module
2021-03-01 18:32:16,934 - davidyu_cfg.py[line:41] - INFO: load log module
2021-03-01 18:32:16,979 - davidyu_cfg.py[line:43] - INFO: load data_dir module
2021-03-01 18:32:16,979 - davidyu_cfg.py[line:45] - INFO: load make_dir module
2021-03-01 18:32:27,845 - davidyu_cfg.py[line:41] - INFO: load log module
2021-03-01 18:32:27,866 - davidyu_cfg.py[line:43] - INFO: load data_dir module
2021-03-01 18:32:27,866 - davidyu_cfg.py[line:45] - INFO: load make_dir module
2021-03-01 18:32:39,253 - davidyu_cfg.py[line:41] - INFO: load log module
2021-03-01 18:32:39,274 - davidyu_cfg.py[line:43] - INFO: load data_dir module
2021-03-01 18:32:39,275 - davidyu_cfg.py[line:45] - INFO: load make_dir module
2021-03-01 18:32:49,334 - davidyu_cfg.py[line:41] - INFO: load log module
2021-03-01 18:32:49,353 - davidyu_cfg.py[line:43] - INFO: load data_dir module
2021-03-01 18:32:49,353 - davidyu_cfg.py[line:45] - INFO: load make_dir module
2021-03-01 18:33:00,457 - davidyu_cfg.py[line:41] - INFO: load log module
2021-03-01 18:33:00,476 - davidyu_cfg.py[line:43] - INFO: load data_dir module
2021-03-01 18:33:00,477 - davidyu_cfg.py[line:45] - INFO: load make_dir module
2021-03-01 18:33:10,913 - davidyu_cfg.py[line:41] - INFO: load log module
2021-03-01 18:33:10,932 - davidyu_cfg.py[line:43] - INFO: load data_dir module
2021-03-01 18:33:10,932 - davidyu_cfg.py[line:45] - INFO: load make_dir module
2021-03-01 18:33:21,737 - davidyu_cfg.py[line:41] - INFO: load log module
2021-03-01 18:33:21,756 - davidyu_cfg.py[line:43] - INFO: load data_dir module
2021-03-01 18:33:21,757 - davidyu_cfg.py[line:45] - INFO: load make_dir module
2021-03-01 18:33:31,317 - davidyu_cfg.py[line:41] - INFO: load log module
2021-03-01 18:33:31,390 - davidyu_cfg.py[line:43] - INFO: load data_dir module
2021-03-01 18:33:31,390 - davidyu_cfg.py[line:45] - INFO: load make_dir module
2021-03-01 18:33:41,557 - davidyu_cfg.py[line:41] - INFO: load log module
2021-03-01 18:33:41,577 - davidyu_cfg.py[line:43] - INFO: load data_dir module
2021-03-01 18:33:41,577 - davidyu_cfg.py[line:45] - INFO: load make_dir module
2021-03-01 18:33:51,531 - davidyu_cfg.py[line:41] - INFO: load log module
2021-03-01 18:33:51,550 - davidyu_cfg.py[line:43] - INFO: load data_dir module
2021-03-01 18:33:51,551 - davidyu_cfg.py[line:45] - INFO: load make_dir module
2021-03-01 18:34:01,345 - davidyu_cfg.py[line:41] - INFO: load log module
2021-03-01 18:34:01,364 - davidyu_cfg.py[line:43] - INFO: load data_dir module
2021-03-01 18:34:01,364 - davidyu_cfg.py[line:45] - INFO: load make_dir module
2021-03-01 18:34:12,275 - davidyu_cfg.py[line:41] - INFO: load log module
2021-03-01 18:34:12,316 - davidyu_cfg.py[line:43] - INFO: load data_dir module
2021-03-01 18:34:12,316 - davidyu_cfg.py[line:45] - INFO: load make_dir module
2021-03-01 18:34:22,141 - davidyu_cfg.py[line:41] - INFO: load log module
2021-03-01 18:34:22,183 - davidyu_cfg.py[line:43] - INFO: load data_dir module
2021-03-01 18:34:22,183 - davidyu_cfg.py[line:45] - INFO: load make_dir module
2021-03-01 18:34:33,070 - davidyu_cfg.py[line:41] - INFO: load log module
2021-03-01 18:34:33,091 - davidyu_cfg.py[line:43] - INFO: load data_dir module
2021-03-01 18:34:33,092 - davidyu_cfg.py[line:45] - INFO: load make_dir module
2021-03-01 18:34:43,973 - davidyu_cfg.py[line:41] - INFO: load log module
2021-03-01 18:34:43,992 - davidyu_cfg.py[line:43] - INFO: load data_dir module
2021-03-01 18:34:43,993 - davidyu_cfg.py[line:45] - INFO: load make_dir module
2021-03-01 18:34:54,432 - davidyu_cfg.py[line:41] - INFO: load log module
2021-03-01 18:34:54,475 - davidyu_cfg.py[line:43] - INFO: load data_dir module
2021-03-01 18:34:54,475 - davidyu_cfg.py[line:45] - INFO: load make_dir module
2021-03-01 18:35:04,470 - davidyu_cfg.py[line:41] - INFO: load log module
2021-03-01 18:35:04,489 - davidyu_cfg.py[line:43] - INFO: load data_dir module
2021-03-01 18:35:04,490 - davidyu_cfg.py[line:45] - INFO: load make_dir module
2021-03-01 18:35:15,820 - davidyu_cfg.py[line:41] - INFO: load log module
2021-03-01 18:35:15,858 - davidyu_cfg.py[line:43] - INFO: load data_dir module
2021-03-01 18:35:15,859 - davidyu_cfg.py[line:45] - INFO: load make_dir module
2021-03-01 18:35:25,537 - davidyu_cfg.py[line:41] - INFO: load log module
2021-03-01 18:35:25,559 - davidyu_cfg.py[line:43] - INFO: load data_dir module
2021-03-01 18:35:25,559 - davidyu_cfg.py[line:45] - INFO: load make_dir module
2021-03-01 18:35:35,859 - davidyu_cfg.py[line:41] - INFO: load log module
2021-03-01 18:35:35,896 - davidyu_cfg.py[line:43] - INFO: load data_dir module
2021-03-01 18:35:35,896 - davidyu_cfg.py[line:45] - INFO: load make_dir module
2021-03-01 18:35:46,156 - davidyu_cfg.py[line:41] - INFO: load log module
2021-03-01 18:35:46,175 - davidyu_cfg.py[line:43] - INFO: load data_dir module
2021-03-01 18:35:46,175 - davidyu_cfg.py[line:45] - INFO: load make_dir module
2021-03-01 18:35:56,728 - davidyu_cfg.py[line:41] - INFO: load log module
2021-03-01 18:35:56,751 - davidyu_cfg.py[line:43] - INFO: load data_dir module
2021-03-01 18:35:56,751 - davidyu_cfg.py[line:45] - INFO: load make_dir module
2021-03-01 18:36:06,431 - davidyu_cfg.py[line:41] - INFO: load log module
2021-03-01 18:36:06,451 - davidyu_cfg.py[line:43] - INFO: load data_dir module
2021-03-01 18:36:06,452 - davidyu_cfg.py[line:45] - INFO: load make_dir module
2021-03-01 18:36:16,966 - davidyu_cfg.py[line:41] - INFO: load log module
2021-03-01 18:36:16,985 - davidyu_cfg.py[line:43] - INFO: load data_dir module
2021-03-01 18:36:16,985 - davidyu_cfg.py[line:45] - INFO: load make_dir module
2021-03-01 18:36:28,297 - davidyu_cfg.py[line:41] - INFO: load log module
2021-03-01 18:36:28,343 - davidyu_cfg.py[line:43] - INFO: load data_dir module
2021-03-01 18:36:28,343 - davidyu_cfg.py[line:45] - INFO: load make_dir module
2021-03-01 18:36:39,164 - davidyu_cfg.py[line:41] - INFO: load log module
2021-03-01 18:36:39,200 - davidyu_cfg.py[line:43] - INFO: load data_dir module
2021-03-01 18:36:39,205 - davidyu_cfg.py[line:45] - INFO: load make_dir module
2021-03-01 18:36:50,519 - davidyu_cfg.py[line:41] - INFO: load log module
2021-03-01 18:36:50,538 - davidyu_cfg.py[line:43] - INFO: load data_dir module
2021-03-01 18:36:50,538 - davidyu_cfg.py[line:45] - INFO: load make_dir module
2021-03-01 18:37:02,542 - davidyu_cfg.py[line:41] - INFO: load log module
2021-03-01 18:37:02,563 - davidyu_cfg.py[line:43] - INFO: load data_dir module
2021-03-01 18:37:02,564 - davidyu_cfg.py[line:45] - INFO: load make_dir module
2021-03-01 18:37:12,992 - davidyu_cfg.py[line:41] - INFO: load log module
2021-03-01 18:37:13,013 - davidyu_cfg.py[line:43] - INFO: load data_dir module
2021-03-01 18:37:13,014 - davidyu_cfg.py[line:45] - INFO: load make_dir module
2021-03-01 18:37:23,974 - davidyu_cfg.py[line:41] - INFO: load log module
2021-03-01 18:37:24,016 - davidyu_cfg.py[line:43] - INFO: load data_dir module
2021-03-01 18:37:24,017 - davidyu_cfg.py[line:45] - INFO: load make_dir module
2021-03-01 18:37:33,996 - davidyu_cfg.py[line:41] - INFO: load log module
2021-03-01 18:37:34,015 - davidyu_cfg.py[line:43] - INFO: load data_dir module
2021-03-01 18:37:34,015 - davidyu_cfg.py[line:45] - INFO: load make_dir module
2021-03-01 18:37:44,196 - davidyu_cfg.py[line:41] - INFO: load log module
2021-03-01 18:37:44,239 - davidyu_cfg.py[line:43] - INFO: load data_dir module
2021-03-01 18:37:44,240 - davidyu_cfg.py[line:45] - INFO: load make_dir module
2021-03-01 18:37:54,687 - davidyu_cfg.py[line:41] - INFO: load log module
2021-03-01 18:37:54,706 - davidyu_cfg.py[line:43] - INFO: load data_dir module
2021-03-01 18:37:54,707 - davidyu_cfg.py[line:45] - INFO: load make_dir module
2021-03-01 18:38:06,630 - davidyu_cfg.py[line:41] - INFO: load log module
2021-03-01 18:38:06,675 - davidyu_cfg.py[line:43] - INFO: load data_dir module
2021-03-01 18:38:06,675 - davidyu_cfg.py[line:45] - INFO: load make_dir module
2021-03-01 18:38:16,634 - davidyu_cfg.py[line:41] - INFO: load log module
2021-03-01 18:38:16,673 - davidyu_cfg.py[line:43] - INFO: load data_dir module
2021-03-01 18:38:16,674 - davidyu_cfg.py[line:45] - INFO: load make_dir module
2021-03-01 18:38:26,896 - davidyu_cfg.py[line:41] - INFO: load log module
2021-03-01 18:38:26,915 - davidyu_cfg.py[line:43] - INFO: load data_dir module
2021-03-01 18:38:26,915 - davidyu_cfg.py[line:45] - INFO: load make_dir module
2021-03-01 18:38:37,489 - davidyu_cfg.py[line:41] - INFO: load log module
2021-03-01 18:38:37,530 - davidyu_cfg.py[line:43] - INFO: load data_dir module
2021-03-01 18:38:37,530 - davidyu_cfg.py[line:45] - INFO: load make_dir module
2021-03-01 18:38:49,577 - davidyu_cfg.py[line:41] - INFO: load log module
2021-03-01 18:38:49,596 - davidyu_cfg.py[line:43] - INFO: load data_dir module
2021-03-01 18:38:49,597 - davidyu_cfg.py[line:45] - INFO: load make_dir module
2021-03-01 18:38:59,741 - davidyu_cfg.py[line:41] - INFO: load log module
2021-03-01 18:38:59,806 - davidyu_cfg.py[line:43] - INFO: load data_dir module
2021-03-01 18:38:59,806 - davidyu_cfg.py[line:45] - INFO: load make_dir module
2021-03-01 18:39:11,686 - davidyu_cfg.py[line:41] - INFO: load log module
2021-03-01 18:39:11,719 - davidyu_cfg.py[line:43] - INFO: load data_dir module
2021-03-01 18:39:11,719 - davidyu_cfg.py[line:45] - INFO: load make_dir module
2021-03-01 18:39:21,809 - davidyu_cfg.py[line:41] - INFO: load log module
2021-03-01 18:39:21,846 - davidyu_cfg.py[line:43] - INFO: load data_dir module
2021-03-01 18:39:21,846 - davidyu_cfg.py[line:45] - INFO: load make_dir module
2021-03-01 18:39:32,956 - davidyu_cfg.py[line:41] - INFO: load log module
2021-03-01 18:39:32,974 - davidyu_cfg.py[line:43] - INFO: load data_dir module
2021-03-01 18:39:32,975 - davidyu_cfg.py[line:45] - INFO: load make_dir module
2021-03-01 18:39:42,630 - davidyu_cfg.py[line:41] - INFO: load log module
2021-03-01 18:39:42,649 - davidyu_cfg.py[line:43] - INFO: load data_dir module
2021-03-01 18:39:42,649 - davidyu_cfg.py[line:45] - INFO: load make_dir module
2021-03-01 18:39:54,129 - davidyu_cfg.py[line:41] - INFO: load log module
2021-03-01 18:39:54,154 - davidyu_cfg.py[line:43] - INFO: load data_dir module
2021-03-01 18:39:54,155 - davidyu_cfg.py[line:45] - INFO: load make_dir module
2021-03-01 18:40:04,916 - davidyu_cfg.py[line:41] - INFO: load log module
2021-03-01 18:40:04,956 - davidyu_cfg.py[line:43] - INFO: load data_dir module
2021-03-01 18:40:04,956 - davidyu_cfg.py[line:45] - INFO: load make_dir module
2021-03-01 18:40:15,566 - davidyu_cfg.py[line:41] - INFO: load log module
2021-03-01 18:40:15,605 - davidyu_cfg.py[line:43] - INFO: load data_dir module
2021-03-01 18:40:15,605 - davidyu_cfg.py[line:45] - INFO: load make_dir module
2021-03-01 18:40:26,631 - davidyu_cfg.py[line:41] - INFO: load log module
2021-03-01 18:40:26,650 - davidyu_cfg.py[line:43] - INFO: load data_dir module
2021-03-01 18:40:26,651 - davidyu_cfg.py[line:45] - INFO: load make_dir module
2021-03-01 18:40:37,944 - davidyu_cfg.py[line:41] - INFO: load log module
2021-03-01 18:40:38,033 - davidyu_cfg.py[line:43] - INFO: load data_dir module
2021-03-01 18:40:38,034 - davidyu_cfg.py[line:45] - INFO: load make_dir module
2021-03-01 18:40:49,012 - davidyu_cfg.py[line:41] - INFO: load log module
2021-03-01 18:40:49,031 - davidyu_cfg.py[line:43] - INFO: load data_dir module
2021-03-01 18:40:49,031 - davidyu_cfg.py[line:45] - INFO: load make_dir module
2021-03-01 18:41:00,165 - davidyu_cfg.py[line:41] - INFO: load log module
2021-03-01 18:41:00,184 - davidyu_cfg.py[line:43] - INFO: load data_dir module
2021-03-01 18:41:00,185 - davidyu_cfg.py[line:45] - INFO: load make_dir module
2021-03-01 18:41:10,687 - davidyu_cfg.py[line:41] - INFO: load log module
2021-03-01 18:41:10,708 - davidyu_cfg.py[line:43] - INFO: load data_dir module
2021-03-01 18:41:10,708 - davidyu_cfg.py[line:45] - INFO: load make_dir module
2021-03-01 18:41:22,255 - davidyu_cfg.py[line:41] - INFO: load log module
2021-03-01 18:41:22,299 - davidyu_cfg.py[line:43] - INFO: load data_dir module
2021-03-01 18:41:22,299 - davidyu_cfg.py[line:45] - INFO: load make_dir module
2021-03-01 18:41:33,454 - davidyu_cfg.py[line:41] - INFO: load log module
2021-03-01 18:41:33,505 - davidyu_cfg.py[line:43] - INFO: load data_dir module
2021-03-01 18:41:33,506 - davidyu_cfg.py[line:45] - INFO: load make_dir module
2021-03-01 18:41:43,232 - davidyu_cfg.py[line:41] - INFO: load log module
2021-03-01 18:41:43,250 - davidyu_cfg.py[line:43] - INFO: load data_dir module
2021-03-01 18:41:43,250 - davidyu_cfg.py[line:45] - INFO: load make_dir module
2021-03-01 18:41:54,029 - davidyu_cfg.py[line:41] - INFO: load log module
2021-03-01 18:41:54,072 - davidyu_cfg.py[line:43] - INFO: load data_dir module
2021-03-01 18:41:54,072 - davidyu_cfg.py[line:45] - INFO: load make_dir module
2021-03-01 18:42:04,377 - davidyu_cfg.py[line:41] - INFO: load log module
2021-03-01 18:42:04,396 - davidyu_cfg.py[line:43] - INFO: load data_dir module
2021-03-01 18:42:04,396 - davidyu_cfg.py[line:45] - INFO: load make_dir module
2021-03-01 18:42:14,796 - davidyu_cfg.py[line:41] - INFO: load log module
2021-03-01 18:42:14,833 - davidyu_cfg.py[line:43] - INFO: load data_dir module
2021-03-01 18:42:14,833 - davidyu_cfg.py[line:45] - INFO: load make_dir module
2021-03-01 18:42:25,502 - davidyu_cfg.py[line:41] - INFO: load log module
2021-03-01 18:42:25,521 - davidyu_cfg.py[line:43] - INFO: load data_dir module
2021-03-01 18:42:25,521 - davidyu_cfg.py[line:45] - INFO: load make_dir module
2021-03-01 18:42:35,696 - davidyu_cfg.py[line:41] - INFO: load log module
2021-03-01 18:42:35,714 - davidyu_cfg.py[line:43] - INFO: load data_dir module
2021-03-01 18:42:35,715 - davidyu_cfg.py[line:45] - INFO: load make_dir module
2021-03-01 18:42:45,796 - davidyu_cfg.py[line:41] - INFO: load log module
2021-03-01 18:42:45,816 - davidyu_cfg.py[line:43] - INFO: load data_dir module
2021-03-01 18:42:45,816 - davidyu_cfg.py[line:45] - INFO: load make_dir module
2021-03-01 18:42:55,711 - davidyu_cfg.py[line:41] - INFO: load log module
2021-03-01 18:42:55,735 - davidyu_cfg.py[line:43] - INFO: load data_dir module
2021-03-01 18:42:55,735 - davidyu_cfg.py[line:45] - INFO: load make_dir module
2021-03-01 18:43:07,595 - davidyu_cfg.py[line:41] - INFO: load log module
2021-03-01 18:43:07,618 - davidyu_cfg.py[line:43] - INFO: load data_dir module
2021-03-01 18:43:07,618 - davidyu_cfg.py[line:45] - INFO: load make_dir module
2021-03-01 18:43:18,167 - davidyu_cfg.py[line:41] - INFO: load log module
2021-03-01 18:43:18,200 - davidyu_cfg.py[line:43] - INFO: load data_dir module
2021-03-01 18:43:18,200 - davidyu_cfg.py[line:45] - INFO: load make_dir module
2021-03-01 18:43:28,851 - davidyu_cfg.py[line:41] - INFO: load log module
2021-03-01 18:43:28,897 - davidyu_cfg.py[line:43] - INFO: load data_dir module
2021-03-01 18:43:28,898 - davidyu_cfg.py[line:45] - INFO: load make_dir module
2021-03-01 18:43:40,396 - davidyu_cfg.py[line:41] - INFO: load log module
2021-03-01 18:43:40,439 - davidyu_cfg.py[line:43] - INFO: load data_dir module
2021-03-01 18:43:40,443 - davidyu_cfg.py[line:45] - INFO: load make_dir module
2021-03-01 18:43:51,925 - davidyu_cfg.py[line:41] - INFO: load log module
2021-03-01 18:43:51,944 - davidyu_cfg.py[line:43] - INFO: load data_dir module
2021-03-01 18:43:51,945 - davidyu_cfg.py[line:45] - INFO: load make_dir module
2021-03-01 18:44:03,378 - davidyu_cfg.py[line:41] - INFO: load log module
2021-03-01 18:44:03,434 - davidyu_cfg.py[line:43] - INFO: load data_dir module
2021-03-01 18:44:03,434 - davidyu_cfg.py[line:45] - INFO: load make_dir module
2021-03-01 18:44:13,993 - davidyu_cfg.py[line:41] - INFO: load log module
2021-03-01 18:44:14,012 - davidyu_cfg.py[line:43] - INFO: load data_dir module
2021-03-01 18:44:14,012 - davidyu_cfg.py[line:45] - INFO: load make_dir module
2021-03-01 18:44:24,334 - davidyu_cfg.py[line:41] - INFO: load log module
2021-03-01 18:44:24,353 - davidyu_cfg.py[line:43] - INFO: load data_dir module
2021-03-01 18:44:24,353 - davidyu_cfg.py[line:45] - INFO: load make_dir module
2021-03-01 18:44:35,292 - davidyu_cfg.py[line:41] - INFO: load log module
2021-03-01 18:44:35,313 - davidyu_cfg.py[line:43] - INFO: load data_dir module
2021-03-01 18:44:35,314 - davidyu_cfg.py[line:45] - INFO: load make_dir module
2021-03-01 18:44:45,493 - davidyu_cfg.py[line:41] - INFO: load log module
2021-03-01 18:44:45,532 - davidyu_cfg.py[line:43] - INFO: load data_dir module
2021-03-01 18:44:45,532 - davidyu_cfg.py[line:45] - INFO: load make_dir module
2021-03-01 18:44:55,522 - davidyu_cfg.py[line:41] - INFO: load log module
2021-03-01 18:44:55,561 - davidyu_cfg.py[line:43] - INFO: load data_dir module
2021-03-01 18:44:55,561 - davidyu_cfg.py[line:45] - INFO: load make_dir module
2021-03-01 18:45:06,814 - davidyu_cfg.py[line:41] - INFO: load log module
2021-03-01 18:45:06,867 - davidyu_cfg.py[line:43] - INFO: load data_dir module
2021-03-01 18:45:06,867 - davidyu_cfg.py[line:45] - INFO: load make_dir module
2021-03-01 18:45:17,382 - davidyu_cfg.py[line:41] - INFO: load log module
2021-03-01 18:45:17,400 - davidyu_cfg.py[line:43] - INFO: load data_dir module
2021-03-01 18:45:17,401 - davidyu_cfg.py[line:45] - INFO: load make_dir module
2021-03-01 18:45:28,651 - davidyu_cfg.py[line:41] - INFO: load log module
2021-03-01 18:45:28,671 - davidyu_cfg.py[line:43] - INFO: load data_dir module
2021-03-01 18:45:28,671 - davidyu_cfg.py[line:45] - INFO: load make_dir module
2021-03-01 18:45:39,215 - davidyu_cfg.py[line:41] - INFO: load log module
2021-03-01 18:45:39,292 - davidyu_cfg.py[line:43] - INFO: load data_dir module
2021-03-01 18:45:39,292 - davidyu_cfg.py[line:45] - INFO: load make_dir module
2021-03-01 18:45:50,636 - davidyu_cfg.py[line:41] - INFO: load log module
2021-03-01 18:45:50,684 - davidyu_cfg.py[line:43] - INFO: load data_dir module
2021-03-01 18:45:50,685 - davidyu_cfg.py[line:45] - INFO: load make_dir module
2021-03-01 18:46:00,976 - davidyu_cfg.py[line:41] - INFO: load log module
2021-03-01 18:46:00,998 - davidyu_cfg.py[line:43] - INFO: load data_dir module
2021-03-01 18:46:00,998 - davidyu_cfg.py[line:45] - INFO: load make_dir module
2021-03-01 18:46:13,172 - davidyu_cfg.py[line:41] - INFO: load log module
2021-03-01 18:46:13,235 - davidyu_cfg.py[line:43] - INFO: load data_dir module
2021-03-01 18:46:13,236 - davidyu_cfg.py[line:45] - INFO: load make_dir module
2021-03-01 18:46:23,458 - davidyu_cfg.py[line:41] - INFO: load log module
2021-03-01 18:46:23,477 - davidyu_cfg.py[line:43] - INFO: load data_dir module
2021-03-01 18:46:23,478 - davidyu_cfg.py[line:45] - INFO: load make_dir module
2021-03-01 18:46:34,436 - davidyu_cfg.py[line:41] - INFO: load log module
2021-03-01 18:46:34,455 - davidyu_cfg.py[line:43] - INFO: load data_dir module
2021-03-01 18:46:34,456 - davidyu_cfg.py[line:45] - INFO: load make_dir module
2021-03-01 18:46:44,260 - davidyu_cfg.py[line:41] - INFO: load log module
2021-03-01 18:46:44,303 - davidyu_cfg.py[line:43] - INFO: load data_dir module
2021-03-01 18:46:44,303 - davidyu_cfg.py[line:45] - INFO: load make_dir module
2021-03-01 18:46:55,575 - davidyu_cfg.py[line:41] - INFO: load log module
2021-03-01 18:46:55,595 - davidyu_cfg.py[line:43] - INFO: load data_dir module
2021-03-01 18:46:55,595 - davidyu_cfg.py[line:45] - INFO: load make_dir module
2021-03-01 18:47:06,765 - davidyu_cfg.py[line:41] - INFO: load log module
2021-03-01 18:47:06,784 - davidyu_cfg.py[line:43] - INFO: load data_dir module
2021-03-01 18:47:06,784 - davidyu_cfg.py[line:45] - INFO: load make_dir module
2021-03-01 18:47:17,387 - davidyu_cfg.py[line:41] - INFO: load log module
2021-03-01 18:47:17,407 - davidyu_cfg.py[line:43] - INFO: load data_dir module
2021-03-01 18:47:17,407 - davidyu_cfg.py[line:45] - INFO: load make_dir module
2021-03-01 18:47:28,701 - davidyu_cfg.py[line:41] - INFO: load log module
2021-03-01 18:47:28,739 - davidyu_cfg.py[line:43] - INFO: load data_dir module
2021-03-01 18:47:28,739 - davidyu_cfg.py[line:45] - INFO: load make_dir module
2021-03-01 18:47:39,972 - davidyu_cfg.py[line:41] - INFO: load log module
2021-03-01 18:47:40,018 - davidyu_cfg.py[line:43] - INFO: load data_dir module
2021-03-01 18:47:40,018 - davidyu_cfg.py[line:45] - INFO: load make_dir module
2021-03-01 18:47:50,021 - davidyu_cfg.py[line:41] - INFO: load log module
2021-03-01 18:47:50,059 - davidyu_cfg.py[line:43] - INFO: load data_dir module
2021-03-01 18:47:50,060 - davidyu_cfg.py[line:45] - INFO: load make_dir module
2021-03-01 18:48:00,663 - davidyu_cfg.py[line:41] - INFO: load log module
2021-03-01 18:48:00,684 - davidyu_cfg.py[line:43] - INFO: load data_dir module
2021-03-01 18:48:00,684 - davidyu_cfg.py[line:45] - INFO: load make_dir module
2021-03-01 18:48:11,410 - davidyu_cfg.py[line:41] - INFO: load log module
2021-03-01 18:48:11,429 - davidyu_cfg.py[line:43] - INFO: load data_dir module
2021-03-01 18:48:11,430 - davidyu_cfg.py[line:45] - INFO: load make_dir module
2021-03-01 18:48:22,405 - davidyu_cfg.py[line:41] - INFO: load log module
2021-03-01 18:48:22,424 - davidyu_cfg.py[line:43] - INFO: load data_dir module
2021-03-01 18:48:22,424 - davidyu_cfg.py[line:45] - INFO: load make_dir module
2021-03-01 18:48:33,650 - davidyu_cfg.py[line:41] - INFO: load log module
2021-03-01 18:48:33,711 - davidyu_cfg.py[line:43] - INFO: load data_dir module
2021-03-01 18:48:33,712 - davidyu_cfg.py[line:45] - INFO: load make_dir module
2021-03-01 18:48:43,902 - davidyu_cfg.py[line:41] - INFO: load log module
2021-03-01 18:48:43,921 - davidyu_cfg.py[line:43] - INFO: load data_dir module
2021-03-01 18:48:43,921 - davidyu_cfg.py[line:45] - INFO: load make_dir module
