dfcf_fuquan
0.003019
0.300549
0.300727
0.300064
0.300064
0.300064
0.300432
0.300903
0.300584
1.601008
1.600428
1.600689
1.601919
1.600733
1.605007
1.605338
1.601127
1.600199
1.600189
0.002813
0.002646
0.002040
1.605333
0.002553
0.000560
0.002172
1.601866
0.000517
1.600798
0.000523
0.000615
1.601228
0.000545
0.300223
0.300238
0.300590
0.300241
0.300863
1.605008
0.002664
0.002664
0.000625
0.000582
0.300471
0.300100
0.300442
0.300131
0.000811
0.000811
1.605088
0.300582
0.300390
0.002621
1.603986
1.601698
0.300893
0.300126
0.000155
0.000537
1.603109
1.601968
1.600989
1.600989
1.603558
1.600737
1.600026
0.002342
0.002878
0.300029
1.600166
0.300828
0.000961
1.605358
0.300106
0.002083
1.605018
1.600258
1.600335
0.000153
1.600071
0.000656
1.600543
0.300232
0.000338
1.603733
1.600280
1.601339
1.601339
1.601018
1.603031
0.002975
0.300403
0.002466
1.600017
1.605366
1.605366
0.002592
0.002496
0.002142
0.002021
0.000820
0.000088
0.300782
0.002716
0.002716
1.600805
1.603167
1.600619
1.600255
0.002875
0.300884
1.600754
0.300507
1.600300
0.000029
0.300350
0.300266
0.300255
1.600121
1.600006
1.600628
0.002353
0.300103
1.600823
0.002206
0.002206
0.300672
0.300236
0.300906
1.600290
0.300855
0.000687
1.600109
1.601326
0.300698
0.000507
0.002240
0.002240
0.300323
0.300652
0.003009
1.601872
0.000905
0.002232
0.002232
0.002105
0.300689
0.000923
0.000727
1.600383
0.002978
