19/12/13 15:14:25 WARN Utils: Your hostname, VM_0_11_centos resolves to a loopback address: 127.0.0.1; using 172.16.0.11 instead (on interface eth0)
19/12/13 15:14:25 WARN Utils: Set SPARK_LOCAL_IP if you need to bind to another address
19/12/13 15:14:26 WARN NativeCodeLoader: Unable to load native-hadoop library for your platform... using builtin-java classes where applicable
]0;IPython: day_history/compare_with_SHindex19/12/13 15:14:33 ERROR ObjectStore: Version information found in metastore differs 3.1.0 from expected schema version 1.2.0. Schema verififcation is disabled hive.metastore.schema.verification so setting version.
+---------------+
|max(stock_date)|
+---------------+
|     2019-12-09|
+---------------+

None
+---------------+---------------+
|min(stock_date)|max(stock_date)|
+---------------+---------------+
|     2019-11-08|     2019-12-06|
+---------------+---------------+

     stock_index stock_name industry  SH_slope  slope   diff
1638      600307       é…’é’¢å®å…´       æ™®é’¢    -0.022  0.062  0.084
948       002493       è£ç››çŸ³åŒ–       åŒ–çº¤    -0.022  0.060  0.082
2782      603901       æ°¸åˆ›æ™ºèƒ½     ä¸“ç”¨æœºæ¢°    -0.022  0.060  0.082
995       002541       é¸¿è·¯é’¢æ„      é’¢åŠ å·¥    -0.022  0.059  0.081
322       000809       é“å²­æ–°åŸ     åŒºåŸŸåœ°äº§    -0.022  0.057  0.079
1137      002684       çŒ›ç‹®ç§‘æŠ€     ç”µæ°”è®¾å¤‡    -0.022  0.055  0.077
501       002042       åå­šæ—¶å°š       çººç»‡    -0.022  0.054  0.076
602       002145       ä¸­æ ¸é’›ç™½     åŒ–å·¥åŸæ–™    -0.022  0.054  0.076
161       000581       å¨å­šé«˜ç§‘     æ±½è½¦é…ä»¶    -0.022  0.054  0.076
1083      002629       ä»æ™ºè‚¡ä»½     çŸ³æ²¹å¼€é‡‡    -0.022  0.054  0.076
1196      002747        åŸƒæ–¯é¡¿     æœºæ¢°åŸºä»¶    -0.022  0.054  0.076
256       000711       äº¬è“ç§‘æŠ€     è½¯ä»¶æœåŠ¡    -0.022  0.054  0.076
851       002395       åŒè±¡è‚¡ä»½       å¡‘æ–™    -0.022  0.053  0.075
2205      601028       ç‰é¾™è‚¡ä»½      é’¢åŠ å·¥    -0.022  0.053  0.075
2703      603727        åšè¿ˆç§‘     çŸ³æ²¹å¼€é‡‡    -0.022  0.053  0.075
1570      600227        åœ£æµå ‚     å†œè¯åŒ–è‚¥    -0.022  0.053  0.075
480       002021       ä¸­æ·èµ„æº     çººç»‡æœºæ¢°    -0.022  0.053  0.075
1610      600275       STæ˜Œé±¼     å†œä¸šç»¼åˆ    -0.022  0.053  0.075
677       002220       å¤©å®é£Ÿå“       é£Ÿå“    -0.022  0.053  0.075
1854      600583       æµ·æ²¹å·¥ç¨‹     çŸ³æ²¹å¼€é‡‡    -0.022  0.053  0.075
